[2026-06-23T02:10:54Z INFO ] Serial port: '/dev/ttyACM4'
[2026-06-23T02:10:54Z INFO ] Connecting...
[2026-06-23T02:10:54Z INFO ] Using flash stub
ESP-ROM:esp32s3-20210327
Build:Mar 27 2021
rst:0x15 (USB_UART_CHIP_RESET),boot:0x8 (SPI_FAST_FLASH_BOOT)
Saved PC:0x40378eb1
SPIWP:0xee
mode:DIO, clock div:2
load:0x3fce2820,len:0x158c
load:0x403c8700,len:0xd24
load:0x403cb700,len:0x2f34
entry 0x403c8924
I (27) boot: ESP-IDF v5.5.1-838-gd66ebb86d2e 2nd stage bootloader
I (27) boot: compile time Nov 26 2025 12:27:56
I (27) boot: Multicore bootloader
I (29) boot: chip revision: v0.2
I (31) boot: efuse block revision: v1.3
I (35) boot.esp32s3: Boot SPI Speed : 40MHz
I (39) boot.esp32s3: SPI Mode       : DIO
I (43) boot.esp32s3: SPI Flash Size : 4MB
I (46) boot: Enabling RNG early entropy source...
I (51) boot: Partition Table:
I (53) boot: ## Label            Usage          Type ST Offset   Length
I (60) boot:  0 nvs              WiFi data        01 02 00009000 00006000
I (66) boot:  1 otadata          OTA data         01 00 0000f000 00002000
I (73) boot:  2 phy_init         RF data          01 01 00011000 00001000
I (79) boot:  3 ota_0            OTA app          00 10 00020000 001e0000
I (86) boot:  4 ota_1            OTA app          00 11 00200000 001e0000
I (92) boot: End of partition table
I (96) esp_image: segment 0: paddr=00020020 vaddr=3c000020 size=14f9ch ( 85916) map
I (124) esp_image: segment 1: paddr=00034fc4 vaddr=3fc926d8 size=043bch ( 17340) load
I (129) esp_image: segment 2: paddr=00039388 vaddr=40378000 size=06c90h ( 27792) load
I (138) esp_image: segment 3: paddr=00040020 vaddr=42020020 size=6a7d8h (436184) map
I (245) esp_image: segment 4: paddr=000aa800 vaddr=4037ec90 size=03a48h ( 14920) load
I (255) boot: Loaded app from partition at offset 0x20000
I (255) boot: Disabling RNG early entropy source...
r2-dfr1195: OTA slot=ota_0 (otadata slot-switch verified — test b PASS)
r2-dfr1195: PROVISIONED TG restored from NVS — tg_id=3932969629 (overrides persona/demo)
r2-dfr1195: MASK restored from NVS — 1 allowed neighbours
r2-dfr1195: PHASE 1a — esp-rtos/embassy + esp-radio (build 0623.1400)
r2-dfr1195: DEV XXXXXX hive=f91c8911 TG=4b3df45d-5fbb-44b8-9613-7a6423927761 (persona=true) role=STA
r2-dfr1195: carrier has_screen=true led_active_low=false
r2-dfr1195: net — STA 192.168.4.160 (peer 192.168.4.1)
r2-dfr1195: BLE+WiFi-join OFF (nobt) — pure ESP-NOW ch1, no coex contention
r2-dfr1195: LORA task spawned (SPI3 SCK7/MISO5/MOSI6 NSS10 RST41 BUSY40 RXEN42 DIO1=4)
r2-dfr1195: LORA-ROUTE up (SF7 BW125 916.8 sync0x21 -9dBm) — BL-200 message-passing over LoRa
r2-dfr1195: ESP-NOW mesh up (hive f91c8911) ch1 — heartbeat over ESP-NOW broadcast
r2-dfr1195: FIRE seq=2 beat (leaderless)
r2-dfr1195: ESP-NOW peer MAPPED hive=06ae082b mac=xx:xx:xx:xx:xx:xx
r2-dfr1195: HB<-esp-now from=6ae082b e=-0.150 spread=299ms (leaderless)
r2-dfr1195: LORA-RX sender=480e900e len=66 rssi=-33dBm masked=true
r2-dfr1195: LORA-RX sender=480e900e len=65 rssi=-33dBm masked=true
r2-dfr1195: LORA-RX sender=2cab5f69 len=65 rssi=-50dBm masked=false
r2-dfr1195: msg.rx a40019018c011af91c8911021a2cab5f69031a480e900e
r2-dfr1195: RX-EV msg_id=396 flooded from=f91c8911 fanout=1 nbrs=1
r2-dfr1195: RELAY msg_id=396 ttl 4->3
r2-dfr1195: msg.relay a40019018c011af91c89110200031a480e900e
r2-dfr1195: msg.rx a40019018c011af91c8911021a06ae082b031a480e900e
r2-dfr1195: RX-EV msg_id=396 tgt=06ae082b DROP Duplicate nbrs=1
r2-dfr1195: DEDUP msg_id=396 dropped
r2-dfr1195: msg.delivered a40019018c011af91c89110201031a480e900e
r2-dfr1195: RT-DBG REPLY replier=06ae082b sender=06ae082b marker_origin=480e900e marker_msgid=396 in_window=true fwd_calls=1 uniq=1
r2-dfr1195: RT-DBG PATH to_dest=06ae082b best_next_hop=06ae082b conf=200
r2-dfr1195: msg.rx a40019818c011af91c8911021a06ae082b031a06ae082b
r2-dfr1195: RX-EV msg_id=33164 flooded from=f91c8911 fanout=1 nbrs=1
r2-dfr1195: RELAY msg_id=33164 ttl 5->4
r2-dfr1195: msg.relay a40019818c011af91c89110200031a06ae082b
r2-dfr1195: msg.hold a40019818c011af91c89110200031a06ae082b
r2-dfr1195: SCF-HOLD msg_id=33164 dest=480e900e buffered=1 (unroutable)
r2-dfr1195: RT-DBG REPLY replier=06ae082b sender=06ae082b marker_origin=480e900e marker_msgid=396 in_window=true fwd_calls=2 uniq=2
r2-dfr1195: RT-DBG PATH to_dest=06ae082b best_next_hop=06ae082b conf=360
r2-dfr1195: msg.rx a40019818c011af91c8911021a06ae082b031a06ae082b
r2-dfr1195: RX-EV msg_id=33164 tgt=480e900e DROP Duplicate nbrs=1
r2-dfr1195: DEDUP msg_id=33164 dropped
r2-dfr1195: msg.delivered a40019818c011af91c89110201031a06ae082b
r2-dfr1195: status beats=2 dlv=0 blk=0 synced=false nbrs=0 cond=000000 spread_ms=0 fw=leaderless-0.4 role=STA
r2-dfr1195: LORA-RX sender=2cab5f69 len=82 rssi=-50dBm masked=false
r2-dfr1195: RT-DBG REPLY replier=06ae082b sender=2cab5f69 marker_origin=480e900e marker_msgid=396 in_window=true fwd_calls=2 uniq=2
r2-dfr1195: RT-DBG PATH to_dest=06ae082b best_next_hop=06ae082b conf=360
r2-dfr1195: msg.rx a40019818c011af91c8911021a2cab5f69031a06ae082b
r2-dfr1195: RX-EV msg_id=33164 tgt=480e900e DROP Duplicate nbrs=1
r2-dfr1195: DEDUP msg_id=33164 dropped
r2-dfr1195: msg.delivered a40019818c011af91c89110201031a06ae082b
r2-dfr1195: LORA-RX sender=480e900e len=82 rssi=-33dBm masked=true
r2-dfr1195: HB<-esp-now from=6ae082b e=0.004 spread=8ms (leaderless)
r2-dfr1195: LORA-RX sender=480e900e len=66 rssi=-33dBm masked=true
r2-dfr1195: status beats=2 dlv=0 blk=0 synced=true nbrs=0 cond=000000 spread_ms=0 fw=leaderless-0.4 role=STA
r2-dfr1195: FIRE seq=3 beat (leaderless)
r2-dfr1195: HEALTH af001af91c8911011aea6c5a9d0204036d3139322e3136382e342e3136300469303632332e313430300568356437653961326606000702080809000a010b050c030d000e01
r2-dfr1195: status beats=3 dlv=0 blk=0 synced=true nbrs=1 cond=000000 spread_ms=8 fw=leaderless-0.4 role=STA
r2-dfr1195: HB<-esp-now from=6ae082b e=0.024 spread=47ms (leaderless)
r2-dfr1195: LORA-RX sender=480e900e len=66 rssi=-33dBm masked=true
r2-dfr1195: LORA-RX sender=480e900e len=65 rssi=-31dBm masked=true
r2-dfr1195: status beats=3 dlv=0 blk=0 synced=true nbrs=1 cond=000000 spread_ms=8 fw=leaderless-0.4 role=STA
r2-dfr1195: FIRE seq=4 beat (leaderless)
r2-dfr1195: status beats=4 dlv=0 blk=0 synced=true nbrs=1 cond=000000 spread_ms=47 fw=leaderless-0.4 role=STA
r2-dfr1195: HB<-esp-now from=6ae082b e=0.023 spread=45ms (leaderless)
r2-dfr1195: LORA-RX sender=480e900e len=66 rssi=-33dBm masked=true
r2-dfr1195: status beats=4 dlv=0 blk=0 synced=true nbrs=1 cond=000000 spread_ms=47 fw=leaderless-0.4 role=STA
r2-dfr1195: HB<-esp-now from=6ae082b e=0.022 spread=44ms (leaderless)
r2-dfr1195: LORA-RX sender=480e900e len=66 rssi=-33dBm masked=true
r2-dfr1195: LORA-RX sender=480e900e len=65 rssi=-31dBm masked=true
r2-dfr1195: status beats=4 dlv=0 blk=0 synced=true nbrs=1 cond=000000 spread_ms=47 fw=leaderless-0.4 role=STA
r2-dfr1195: FIRE seq=5 beat (leaderless)
r2-dfr1195: LORA-RX sender=480e900e len=66 rssi=-33dBm masked=true
r2-dfr1195: status beats=5 dlv=0 blk=0 synced=true nbrs=1 cond=000000 spread_ms=44 fw=leaderless-0.4 role=STA
r2-dfr1195: HB<-esp-now from=6ae082b e=0.023 spread=45ms (leaderless)
r2-dfr1195: status beats=5 dlv=0 blk=0 synced=true nbrs=1 cond=000000 spread_ms=44 fw=leaderless-0.4 role=STA
r2-dfr1195: FIRE seq=6 beat (leaderless)
r2-dfr1195: HEALTH af001af91c8911011aea6c5a9d0204036d3139322e3136382e342e3136300469303632332e31343030056835643765396132660600070208182d09000a010b140c060d000e01
r2-dfr1195: LORA-RX sender=480e900e len=65 rssi=-33dBm masked=true
r2-dfr1195: LORA-RX sender=2cab5f69 len=65 rssi=-50dBm masked=false
r2-dfr1195: msg.rx a40019018f011af91c8911021a2cab5f69031a480e900e
r2-dfr1195: RX-EV msg_id=399 directed_via from=f91c8911 next_hop=06ae082b nbrs=1
r2-dfr1195: RELAY msg_id=399 ttl 4->3
r2-dfr1195: msg.relay a40019018f011af91c8911021a06ae082b031a480e900e
r2-dfr1195: msg.rx a40019018f011af91c8911021a06ae082b031a480e900e
r2-dfr1195: RX-EV msg_id=399 tgt=06ae082b DROP Duplicate nbrs=1
r2-dfr1195: DEDUP msg_id=399 dropped
r2-dfr1195: msg.delivered a40019018f011af91c89110201031a480e900e
r2-dfr1195: RT-DBG REPLY replier=06ae082b sender=06ae082b marker_origin=480e900e marker_msgid=399 in_window=true fwd_calls=3 uniq=3
r2-dfr1195: RT-DBG PATH to_dest=06ae082b best_next_hop=06ae082b conf=484
r2-dfr1195: msg.rx a40019818f011af91c8911021a06ae082b031a06ae082b
r2-dfr1195: RX-EV msg_id=33167 flooded from=f91c8911 fanout=1 nbrs=1
r2-dfr1195: RELAY msg_id=33167 ttl 5->4
r2-dfr1195: msg.relay a40019818f011af91c89110200031a06ae082b
r2-dfr1195: msg.hold a40019818f011af91c89110200031a06ae082b
r2-dfr1195: SCF-HOLD msg_id=33167 dest=480e900e buffered=2 (unroutable)
r2-dfr1195: RT-DBG REPLY replier=06ae082b sender=06ae082b marker_origin=480e900e marker_msgid=399 in_window=true fwd_calls=4 uniq=4
r2-dfr1195: RT-DBG PATH to_dest=06ae082b best_next_hop=06ae082b conf=587
r2-dfr1195: msg.rx a40019818f011af91c8911021a06ae082b031a06ae082b
r2-dfr1195: RX-EV msg_id=33167 tgt=480e900e DROP Duplicate nbrs=1
r2-dfr1195: DEDUP msg_id=33167 dropped
r2-dfr1195: msg.delivered a40019818f011af91c89110201031a06ae082b
r2-dfr1195: status beats=6 dlv=0 blk=0 synced=true nbrs=1 cond=000000 spread_ms=45 fw=leaderless-0.4 role=STA
r2-dfr1195: LORA-RX sender=2cab5f69 len=82 rssi=-50dBm masked=false
r2-dfr1195: RT-DBG REPLY replier=06ae082b sender=2cab5f69 marker_origin=480e900e marker_msgid=399 in_window=true fwd_calls=4 uniq=4
r2-dfr1195: RT-DBG PATH to_dest=06ae082b best_next_hop=06ae082b conf=587
r2-dfr1195: msg.rx a40019818f011af91c8911021a2cab5f69031a06ae082b
r2-dfr1195: RX-EV msg_id=33167 tgt=480e900e DROP Duplicate nbrs=1
r2-dfr1195: DEDUP msg_id=33167 dropped
r2-dfr1195: msg.delivered a40019818f011af91c89110201031a06ae082b
r2-dfr1195: LORA-RX sender=480e900e len=82 rssi=-33dBm masked=true
r2-dfr1195: HB<-esp-now from=6ae082b e=0.023 spread=45ms (leaderless)
r2-dfr1195: status beats=6 dlv=0 blk=0 synced=true nbrs=1 cond=000000 spread_ms=45 fw=leaderless-0.4 role=STA
r2-dfr1195: FIRE seq=7 beat (leaderless)
r2-dfr1195: LORA-RX sender=480e900e len=66 rssi=-33dBm masked=true
r2-dfr1195: status beats=7 dlv=0 blk=0 synced=true nbrs=1 cond=000000 spread_ms=45 fw=leaderless-0.4 role=STA
r2-dfr1195: HB<-esp-now from=6ae082b e=0.024 spread=47ms (leaderless)
r2-dfr1195: LORA-RX sender=480e900e len=66 rssi=-33dBm masked=true
r2-dfr1195: LORA-RX sender=480e900e len=65 rssi=-33dBm masked=true
r2-dfr1195: status beats=7 dlv=0 blk=0 synced=true nbrs=1 cond=000000 spread_ms=45 fw=leaderless-0.4 role=STA
r2-dfr1195: FIRE seq=8 beat (leaderless)
r2-dfr1195: LORA-RX sender=2cab5f69 len=66 rssi=-50dBm masked=false
r2-dfr1195: HB<-esp-now from=2cab5f69 e=-0.177 spread=354ms (leaderless)
r2-dfr1195: LORA-RX sender=480e900e len=66 rssi=-33dBm masked=true
r2-dfr1195: status beats=8 dlv=0 blk=0 synced=false nbrs=1 cond=000000 spread_ms=47 fw=leaderless-0.4 role=STA
r2-dfr1195: HB<-esp-now from=6ae082b e=0.109 spread=218ms (leaderless)
r2-dfr1195: FIRE seq=9 beat (leaderless)
r2-dfr1195: HEALTH af001af91c8911011aea6c5a9d0204036d3139322e3136382e342e3136300469303632332e3134303005683564376539613266060007010818da09000a010b181e0c090d000e02
r2-dfr1195: status beats=9 dlv=0 blk=0 synced=false nbrs=2 cond=000000 spread_ms=218 fw=leaderless-0.4 role=STA
r2-dfr1195: FIRE seq=10 beat (leaderless)
r2-dfr1195: LORA-RX sender=2cab5f69 len=66 rssi=-50dBm masked=false
r2-dfr1195: HB<-esp-now from=2cab5f69 e=-0.158 spread=316ms (leaderless)
r2-dfr1195: LORA-RX sender=480e900e len=66 rssi=-33dBm masked=true
r2-dfr1195: LORA-RX sender=480e900e len=65 rssi=-33dBm masked=true
r2-dfr1195: status beats=10 dlv=0 blk=0 synced=false nbrs=2 cond=000000 spread_ms=218 fw=leaderless-0.4 role=STA
r2-dfr1195: HB<-esp-now from=6ae082b e=0.099 spread=198ms (leaderless)
r2-dfr1195: SCF-DROP msg_id=33164 dest=480e900e (TTL expired)
r2-dfr1195: FIRE seq=11 beat (leaderless)
r2-dfr1195: status beats=11 dlv=0 blk=0 synced=false nbrs=2 cond=000000 spread_ms=198 fw=leaderless-0.4 role=STA
r2-dfr1195: FIRE seq=12 beat (leaderless)
r2-dfr1195: HEALTH af001af91c8911011aea6c5a9d0204036d3139322e3136382e342e3136300469303632332e3134303005683564376539613266060007010818c609000a010b18240c0c0d000e02
r2-dfr1195: LORA-RX sender=2cab5f69 len=66 rssi=-50dBm masked=false
r2-dfr1195: HB<-esp-now from=2cab5f69 e=-0.165 spread=329ms (leaderless)
r2-dfr1195: status beats=12 dlv=0 blk=0 synced=false nbrs=2 cond=000000 spread_ms=198 fw=leaderless-0.4 role=STA
r2-dfr1195: HB<-esp-now from=6ae082b e=0.094 spread=188ms (leaderless)
r2-dfr1195: FIRE seq=13 beat (leaderless)
r2-dfr1195: LORA-RX sender=480e900e len=66 rssi=-33dBm masked=true
r2-dfr1195: LORA-RX sender=480e900e len=65 rssi=-34dBm masked=true
r2-dfr1195: LORA-RX sender=2cab5f69 len=65 rssi=-50dBm masked=false
r2-dfr1195: msg.rx a400190192011af91c8911021a2cab5f69031a480e900e
r2-dfr1195: RX-EV msg_id=402 directed_via from=f91c8911 next_hop=06ae082b nbrs=2
r2-dfr1195: RELAY msg_id=402 ttl 4->3
r2-dfr1195: msg.relay a400190192011af91c8911021a06ae082b031a480e900e
r2-dfr1195: msg.rx a400190192011af91c8911021a06ae082b031a480e900e
r2-dfr1195: RX-EV msg_id=402 tgt=06ae082b DROP Duplicate nbrs=2
r2-dfr1195: DEDUP msg_id=402 dropped
r2-dfr1195: msg.delivered a400190192011af91c89110201031a480e900e
r2-dfr1195: RT-DBG REPLY replier=06ae082b sender=06ae082b marker_origin=480e900e marker_msgid=402 in_window=true fwd_calls=5 uniq=5
r2-dfr1195: RT-DBG PATH to_dest=06ae082b best_next_hop=06ae082b conf=663
r2-dfr1195: msg.rx a400198192011af91c8911021a06ae082b031a06ae082b
r2-dfr1195: RX-EV msg_id=33170 directed_via from=f91c8911 next_hop=2cab5f69 nbrs=2
r2-dfr1195: RELAY msg_id=33170 ttl 5->4
r2-dfr1195: msg.relay a400198192011af91c8911021a2cab5f69031a06ae082b
r2-dfr1195: msg.hold a400198192011af91c89110200031a06ae082b
r2-dfr1195: SCF-HOLD msg_id=33170 dest=480e900e buffered=2 (unroutable)
r2-dfr1195: status beats=13 dlv=0 blk=0 synced=false nbrs=2 cond=000000 spread_ms=188 fw=leaderless-0.4 role=STA
r2-dfr1195: RT-DBG REPLY replier=06ae082b sender=06ae082b marker_origin=480e900e marker_msgid=402 in_window=true fwd_calls=6 uniq=6
r2-dfr1195: RT-DBG PATH to_dest=06ae082b best_next_hop=06ae082b conf=730
r2-dfr1195: msg.rx a400198192011af91c8911021a06ae082b031a06ae082b
r2-dfr1195: RX-EV msg_id=33170 tgt=480e900e DROP Duplicate nbrs=2
r2-dfr1195: DEDUP msg_id=33170 dropped
r2-dfr1195: msg.delivered a400198192011af91c89110201031a06ae082b
r2-dfr1195: LORA-RX sender=2cab5f69 len=82 rssi=-50dBm masked=false
r2-dfr1195: RT-DBG REPLY replier=06ae082b sender=2cab5f69 marker_origin=480e900e marker_msgid=402 in_window=true fwd_calls=6 uniq=6
r2-dfr1195: RT-DBG PATH to_dest=06ae082b best_next_hop=06ae082b conf=730
r2-dfr1195: msg.rx a400198192011af91c8911021a2cab5f69031a06ae082b
r2-dfr1195: RX-EV msg_id=33170 tgt=480e900e DROP Duplicate nbrs=2
r2-dfr1195: DEDUP msg_id=33170 dropped
r2-dfr1195: msg.delivered a400198192011af91c89110201031a06ae082b
r2-dfr1195: LORA-RX sender=480e900e len=82 rssi=-33dBm masked=true
r2-dfr1195: HB<-esp-now from=6ae082b e=0.007 spread=14ms (leaderless)
r2-dfr1195: LORA-RX sender=480e900e len=66 rssi=-33dBm masked=true
r2-dfr1195: status beats=13 dlv=0 blk=0 synced=true nbrs=2 cond=000000 spread_ms=188 fw=leaderless-0.4 role=STA
r2-dfr1195: FIRE seq=14 beat (leaderless)
r2-dfr1195: status beats=14 dlv=0 blk=0 synced=true nbrs=2 cond=000000 spread_ms=14 fw=leaderless-0.4 role=STA
r2-dfr1195: HB<-esp-now from=6ae082b e=0.001 spread=1ms (leaderless)
r2-dfr1195: LORA-RX sender=480e900e len=65 rssi=-33dBm masked=true
r2-dfr1195: status beats=14 dlv=0 blk=0 synced=true nbrs=2 cond=000000 spread_ms=14 fw=leaderless-0.4 role=STA
r2-dfr1195: LORA-RX sender=2cab5f69 len=65 rssi=-50dBm masked=false
r2-dfr1195: msg.rx a400190193011af91c8911021a2cab5f69031a480e900e
r2-dfr1195: RX-EV msg_id=403 directed_via from=f91c8911 next_hop=06ae082b nbrs=2
r2-dfr1195: RELAY msg_id=403 ttl 4->3
r2-dfr1195: msg.relay a400190193011af91c8911021a06ae082b031a480e900e
r2-dfr1195: msg.rx a400190193011af91c8911021a06ae082b031a480e900e
r2-dfr1195: RX-EV msg_id=403 tgt=06ae082b DROP Duplicate nbrs=2
r2-dfr1195: DEDUP msg_id=403 dropped
r2-dfr1195: msg.delivered a400190193011af91c89110201031a480e900e
r2-dfr1195: RT-DBG REPLY replier=06ae082b sender=06ae082b marker_origin=480e900e marker_msgid=403 in_window=true fwd_calls=7 uniq=7
r2-dfr1195: RT-DBG PATH to_dest=06ae082b best_next_hop=06ae082b conf=783
r2-dfr1195: msg.rx a400198193011af91c8911021a06ae082b031a06ae082b
r2-dfr1195: RX-EV msg_id=33171 directed_via from=f91c8911 next_hop=2cab5f69 nbrs=2
r2-dfr1195: RELAY msg_id=33171 ttl 5->4
r2-dfr1195: msg.relay a400198193011af91c8911021a2cab5f69031a06ae082b
r2-dfr1195: msg.hold a400198193011af91c89110200031a06ae082b
r2-dfr1195: SCF-HOLD msg_id=33171 dest=480e900e buffered=3 (unroutable)
r2-dfr1195: RT-DBG REPLY replier=06ae082b sender=06ae082b marker_origin=480e900e marker_msgid=403 in_window=true fwd_calls=8 uniq=8
r2-dfr1195: RT-DBG PATH to_dest=06ae082b best_next_hop=06ae082b conf=826
r2-dfr1195: msg.rx a400198193011af91c8911021a06ae082b031a06ae082b
r2-dfr1195: RX-EV msg_id=33171 tgt=480e900e DROP Duplicate nbrs=2
r2-dfr1195: DEDUP msg_id=33171 dropped
r2-dfr1195: msg.delivered a400198193011af91c89110201031a06ae082b
r2-dfr1195: LORA-RX sender=2cab5f69 len=82 rssi=-50dBm masked=false
r2-dfr1195: RT-DBG REPLY replier=06ae082b sender=2cab5f69 marker_origin=480e900e marker_msgid=403 in_window=true fwd_calls=8 uniq=8
r2-dfr1195: RT-DBG PATH to_dest=06ae082b best_next_hop=06ae082b conf=826
r2-dfr1195: msg.rx a400198193011af91c8911021a2cab5f69031a06ae082b
r2-dfr1195: RX-EV msg_id=33171 tgt=480e900e DROP Duplicate nbrs=2
r2-dfr1195: DEDUP msg_id=33171 dropped
r2-dfr1195: msg.delivered a400198193011af91c89110201031a06ae082b
r2-dfr1195: LORA-RX sender=480e900e len=82 rssi=-33dBm masked=true
r2-dfr1195: HB<-esp-now from=6ae082b e=0.026 spread=52ms (leaderless)
