[2026-06-22T23:56:00Z INFO ] Serial port: '/dev/ttyACM1'
[2026-06-22T23:56:00Z INFO ] Connecting...
[2026-06-22T23:56:01Z INFO ] Using flash stub
ESP-ROM:esp32s3-20210327
Build:Mar 27 2021
rst:0x15 (USB_UART_CHIP_RESET),boot:0x8 (SPI_FAST_FLASH_BOOT)
Saved PC:0x40378eb4
SPIWP:0xee
mode:DIO, clock div:2
load:0x3fce2820,len:0x158c
load:0x403c8700,len:0xd24
load:0x403cb700,len:0x2f34
entry 0x403c8924
I (27) boot: ESP-IDF v5.5.1-838-gd66ebb86d2e 2nd stage bootloader
I (27) boot: compile time Nov 26 2025 12:27:56
I (27) boot: Multicore bootloader
I (29) boot: chip revision: v0.2
I (31) boot: efuse block revision: v1.3
I (35) boot.esp32s3: Boot SPI Speed : 40MHz
I (39) boot.esp32s3: SPI Mode       : DIO
I (43) boot.esp32s3: SPI Flash Size : 4MB
I (46) boot: Enabling RNG early entropy source...
I (51) boot: Partition Table:
I (53) boot: ## Label            Usage          Type ST Offset   Length
I (60) boot:  0 nvs              WiFi data        01 02 00009000 00006000
I (66) boot:  1 otadata          OTA data         01 00 0000f000 00002000
I (73) boot:  2 phy_init         RF data          01 01 00011000 00001000
I (79) boot:  3 ota_0            OTA app          00 10 00020000 001e0000
I (86) boot:  4 ota_1            OTA app          00 11 00200000 001e0000
I (92) boot: End of partition table
I (96) esp_image: segment 0: paddr=00020020 vaddr=3c000020 size=14ba0h ( 84896) map
I (124) esp_image: segment 1: paddr=00034bc8 vaddr=3fc926d8 size=043a4h ( 17316) load
I (129) esp_image: segment 2: paddr=00038f74 vaddr=40378000 size=070a4h ( 28836) load
I (138) esp_image: segment 3: paddr=00040020 vaddr=42020020 size=682b0h (426672) map
I (243) esp_image: segment 4: paddr=000a82d8 vaddr=4037f0a4 size=03634h ( 13876) load
I (252) boot: Loaded app from partition at offset 0x20000
I (252) boot: Disabling RNG early entropy source...
r2-dfr1195: OTA slot=ota_0 (otadata slot-switch verified — test b PASS)
r2-dfr1195: PROVISIONED TG restored from NVS — tg_id=3932969629 (overrides persona/demo)
r2-dfr1195: MASK restored from NVS — 2 allowed neighbours
r2-dfr1195: PHASE 1a — esp-rtos/embassy + esp-radio (build 0623.1152)
r2-dfr1195: DEV XXXXXX hive=2cab5f69 TG=4b3df45d-5fbb-44b8-9613-7a6423927761 (persona=true) role=STA
r2-dfr1195: carrier has_screen=true led_active_low=false
r2-dfr1195: net — STA 192.168.4.16 (peer 192.168.4.1)
r2-dfr1195: BLE+WiFi-join OFF (nobt) — pure ESP-NOW ch1, no coex contention
r2-dfr1195: LORA task spawned (SPI3 SCK7/MISO5/MOSI6 NSS10 RST41 BUSY40 RXEN42 DIO1=4)
r2-dfr1195: LORA-ROUTE up (SF7 BW125 916.8 sync0x21 -9dBm) — BL-200 message-passing over LoRa
r2-dfr1195: FIRE seq=2 beat (leaderless)
r2-dfr1195: LORA-RX sender=480e900e len=66 rssi=-48dBm masked=false
r2-dfr1195: HB<-esp-now from=480e900e e=-0.225 spread=449ms (leaderless)
r2-dfr1195: status beats=2 dlv=0 blk=0 synced=false nbrs=0 cond=000000 spread_ms=0 fw=leaderless-0.4 role=STA
r2-dfr1195: LORA-RX sender=f91c8911 len=66 rssi=-51dBm masked=false
r2-dfr1195: HB<-esp-now from=f91c8911 e=0.019 spread=38ms (leaderless)
r2-dfr1195: LORA-RX sender=480e900e len=66 rssi=-48dBm masked=false
r2-dfr1195: HB<-esp-now from=480e900e e=-0.129 spread=257ms (leaderless)
r2-dfr1195: LORA-RX sender=480e900e len=65 rssi=-48dBm masked=false
r2-dfr1195: msg.rx a40001011a2cab5f69021a480e900e031a480e900e
r2-dfr1195: RX-EV msg_id=1 flooded from=2cab5f69 fanout=1 nbrs=2
r2-dfr1195: RELAY msg_id=1 ttl 5->4
r2-dfr1195: msg.relay a40001011a2cab5f690200031a480e900e
r2-dfr1195: LORA-RX sender=f91c8911 len=80 rssi=-51dBm masked=false
r2-dfr1195: RT-DBG REPLY replier=f91c8911 sender=f91c8911 marker_origin=480e900e marker_msgid=1 in_window=true fwd_calls=1 uniq=1
r2-dfr1195: RT-DBG PATH to_dest=f91c8911 best_next_hop=f91c8911 conf=200
r2-dfr1195: msg.rx a400198001011a2cab5f69021af91c8911031af91c8911
r2-dfr1195: RX-EV msg_id=32769 directed_via from=2cab5f69 next_hop=480e900e nbrs=2
r2-dfr1195: RELAY msg_id=32769 ttl 5->4
r2-dfr1195: msg.relay a400198001011a2cab5f69021a480e900e031af91c8911
r2-dfr1195: status beats=2 dlv=0 blk=0 synced=false nbrs=0 cond=000000 spread_ms=0 fw=leaderless-0.4 role=STA
r2-dfr1195: LORA-RX sender=f91c8911 len=66 rssi=-51dBm masked=false
r2-dfr1195: HB<-esp-now from=f91c8911 e=0.095 spread=190ms (leaderless)
r2-dfr1195: FIRE seq=3 beat (leaderless)
r2-dfr1195: HEALTH af001a2cab5f69011aea6c5a9d0204036c3139322e3136382e342e31360469303632332e3131353205683366613765323766060007010818be09000a010b060c030d000e02
r2-dfr1195: status beats=3 dlv=0 blk=0 synced=false nbrs=2 cond=000000 spread_ms=190 fw=leaderless-0.4 role=STA
r2-dfr1195: LORA-RX sender=f91c8911 len=66 rssi=-50dBm masked=false
r2-dfr1195: HB<-esp-now from=f91c8911 e=0.032 spread=63ms (leaderless)
r2-dfr1195: LORA-RX sender=480e900e len=66 rssi=-48dBm masked=false
r2-dfr1195: HB<-esp-now from=480e900e e=-0.101 spread=202ms (leaderless)
r2-dfr1195: status beats=3 dlv=0 blk=0 synced=false nbrs=2 cond=000000 spread_ms=190 fw=leaderless-0.4 role=STA
r2-dfr1195: LORA-RX sender=f91c8911 len=66 rssi=-50dBm masked=false
r2-dfr1195: HB<-esp-now from=f91c8911 e=0.065 spread=130ms (leaderless)
r2-dfr1195: FIRE seq=4 beat (leaderless)
r2-dfr1195: LORA-RX sender=480e900e len=65 rssi=-48dBm masked=false
r2-dfr1195: msg.rx a40002011a2cab5f69021a480e900e031a480e900e
r2-dfr1195: RX-EV msg_id=2 directed_via from=2cab5f69 next_hop=f91c8911 nbrs=2
r2-dfr1195: RELAY msg_id=2 ttl 5->4
r2-dfr1195: msg.relay a40002011a2cab5f69021af91c8911031a480e900e
r2-dfr1195: LORA-RX sender=f91c8911 len=80 rssi=-50dBm masked=false
r2-dfr1195: RT-DBG REPLY replier=f91c8911 sender=f91c8911 marker_origin=480e900e marker_msgid=2 in_window=true fwd_calls=3 uniq=3
r2-dfr1195: RT-DBG PATH to_dest=f91c8911 best_next_hop=f91c8911 conf=359
r2-dfr1195: msg.rx a400198002011a2cab5f69021af91c8911031af91c8911
r2-dfr1195: RX-EV msg_id=32770 directed_via from=2cab5f69 next_hop=480e900e nbrs=2
r2-dfr1195: RELAY msg_id=32770 ttl 5->4
r2-dfr1195: msg.relay a400198002011a2cab5f69021a480e900e031af91c8911
r2-dfr1195: status beats=4 dlv=0 blk=0 synced=false nbrs=2 cond=000000 spread_ms=130 fw=leaderless-0.4 role=STA
r2-dfr1195: LORA-RX sender=f91c8911 len=66 rssi=-51dBm masked=false
r2-dfr1195: HB<-esp-now from=f91c8911 e=0.014 spread=27ms (leaderless)
r2-dfr1195: LORA-RX sender=480e900e len=66 rssi=-48dBm masked=false
r2-dfr1195: HB<-esp-now from=480e900e e=-0.079 spread=157ms (leaderless)
r2-dfr1195: status beats=4 dlv=0 blk=0 synced=false nbrs=2 cond=000000 spread_ms=130 fw=leaderless-0.4 role=STA
r2-dfr1195: LORA-RX sender=f91c8911 len=66 rssi=-51dBm masked=false
r2-dfr1195: HB<-esp-now from=f91c8911 e=0.080 spread=159ms (leaderless)
r2-dfr1195: FIRE seq=5 beat (leaderless)
r2-dfr1195: status beats=5 dlv=0 blk=0 synced=false nbrs=2 cond=000000 spread_ms=159 fw=leaderless-0.4 role=STA
r2-dfr1195: LORA-RX sender=f91c8911 len=66 rssi=-50dBm masked=false
r2-dfr1195: HB<-esp-now from=f91c8911 e=0.022 spread=44ms (leaderless)
r2-dfr1195: LORA-RX sender=480e900e len=66 rssi=-48dBm masked=false
r2-dfr1195: HB<-esp-now from=480e900e e=-0.078 spread=156ms (leaderless)
r2-dfr1195: LORA-RX sender=480e900e len=65 rssi=-48dBm masked=false
r2-dfr1195: msg.rx a40003011a2cab5f69021a480e900e031a480e900e
r2-dfr1195: RX-EV msg_id=3 directed_via from=2cab5f69 next_hop=f91c8911 nbrs=2
r2-dfr1195: RELAY msg_id=3 ttl 5->4
r2-dfr1195: msg.relay a40003011a2cab5f69021af91c8911031a480e900e
r2-dfr1195: LORA-RX sender=f91c8911 len=80 rssi=-50dBm masked=false
r2-dfr1195: RT-DBG REPLY replier=f91c8911 sender=f91c8911 marker_origin=480e900e marker_msgid=3 in_window=true fwd_calls=5 uniq=5
r2-dfr1195: RT-DBG PATH to_dest=f91c8911 best_next_hop=f91c8911 conf=486
r2-dfr1195: msg.rx a400198003011a2cab5f69021af91c8911031af91c8911
r2-dfr1195: RX-EV msg_id=32771 directed_via from=2cab5f69 next_hop=480e900e nbrs=2
r2-dfr1195: RELAY msg_id=32771 ttl 5->4
r2-dfr1195: msg.relay a400198003011a2cab5f69021a480e900e031af91c8911
r2-dfr1195: status beats=5 dlv=0 blk=0 synced=false nbrs=2 cond=000000 spread_ms=159 fw=leaderless-0.4 role=STA
r2-dfr1195: LORA-RX sender=f91c8911 len=66 rssi=-51dBm masked=false
r2-dfr1195: HB<-esp-now from=f91c8911 e=0.080 spread=160ms (leaderless)
r2-dfr1195: FIRE seq=6 beat (leaderless)
r2-dfr1195: HEALTH af001a2cab5f69011aea6c5a9d0204036c3139322e3136382e342e31360469303632332e3131353205683366613765323766060007010818a009000a010b120c060d000e02
r2-dfr1195: status beats=6 dlv=0 blk=0 synced=false nbrs=2 cond=000000 spread_ms=160 fw=leaderless-0.4 role=STA
r2-dfr1195: LORA-RX sender=f91c8911 len=66 rssi=-51dBm masked=false
r2-dfr1195: HB<-esp-now from=f91c8911 e=0.023 spread=46ms (leaderless)
r2-dfr1195: LORA-RX sender=480e900e len=66 rssi=-48dBm masked=false
r2-dfr1195: HB<-esp-now from=480e900e e=-0.078 spread=156ms (leaderless)
r2-dfr1195: status beats=6 dlv=0 blk=0 synced=false nbrs=2 cond=000000 spread_ms=160 fw=leaderless-0.4 role=STA
r2-dfr1195: LORA-RX sender=f91c8911 len=66 rssi=-51dBm masked=false
r2-dfr1195: HB<-esp-now from=f91c8911 e=0.056 spread=111ms (leaderless)
r2-dfr1195: FIRE seq=7 beat (leaderless)
r2-dfr1195: status beats=7 dlv=0 blk=0 synced=false nbrs=2 cond=000000 spread_ms=111 fw=leaderless-0.4 role=STA
r2-dfr1195: LORA-RX sender=f91c8911 len=66 rssi=-51dBm masked=false
r2-dfr1195: HB<-esp-now from=f91c8911 e=0.010 spread=19ms (leaderless)
r2-dfr1195: LORA-RX sender=480e900e len=66 rssi=-48dBm masked=false
r2-dfr1195: HB<-esp-now from=480e900e e=-0.078 spread=156ms (leaderless)
r2-dfr1195: status beats=7 dlv=0 blk=0 synced=false nbrs=2 cond=000000 spread_ms=111 fw=leaderless-0.4 role=STA
r2-dfr1195: LORA-RX sender=f91c8911 len=66 rssi=-51dBm masked=false
r2-dfr1195: HB<-esp-now from=f91c8911 e=0.056 spread=111ms (leaderless)
r2-dfr1195: FIRE seq=8 beat (leaderless)
r2-dfr1195: status beats=8 dlv=0 blk=0 synced=false nbrs=2 cond=000000 spread_ms=111 fw=leaderless-0.4 role=STA
r2-dfr1195: LORA-RX sender=f91c8911 len=66 rssi=-51dBm masked=false
r2-dfr1195: HB<-esp-now from=f91c8911 e=0.010 spread=20ms (leaderless)
r2-dfr1195: LORA-RX sender=480e900e len=66 rssi=-49dBm masked=false
r2-dfr1195: HB<-esp-now from=480e900e e=-0.078 spread=156ms (leaderless)
r2-dfr1195: LORA-RX sender=480e900e len=65 rssi=-48dBm masked=false
r2-dfr1195: msg.rx a40005011a2cab5f69021a480e900e031a480e900e
r2-dfr1195: RX-EV msg_id=5 directed_via from=2cab5f69 next_hop=f91c8911 nbrs=2
r2-dfr1195: RELAY msg_id=5 ttl 5->4
r2-dfr1195: msg.relay a40005011a2cab5f69021af91c8911031a480e900e
r2-dfr1195: LORA-RX sender=f91c8911 len=80 rssi=-52dBm masked=false
r2-dfr1195: RT-DBG REPLY replier=f91c8911 sender=f91c8911 marker_origin=480e900e marker_msgid=5 in_window=true fwd_calls=7 uniq=7
r2-dfr1195: RT-DBG PATH to_dest=f91c8911 best_next_hop=f91c8911 conf=586
r2-dfr1195: msg.rx a400198005011a2cab5f69021af91c8911031af91c8911
r2-dfr1195: RX-EV msg_id=32773 directed_via from=2cab5f69 next_hop=480e900e nbrs=2
r2-dfr1195: RELAY msg_id=32773 ttl 5->4
r2-dfr1195: msg.relay a400198005011a2cab5f69021a480e900e031af91c8911
r2-dfr1195: status beats=8 dlv=0 blk=0 synced=false nbrs=2 cond=000000 spread_ms=111 fw=leaderless-0.4 role=STA
r2-dfr1195: LORA-RX sender=f91c8911 len=66 rssi=-51dBm masked=false
r2-dfr1195: HB<-esp-now from=f91c8911 e=0.106 spread=211ms (leaderless)
r2-dfr1195: FIRE seq=9 beat (leaderless)
r2-dfr1195: HEALTH af001a2cab5f69011aea6c5a9d0204036c3139322e3136382e342e31360469303632332e3131353205683366613765323766060007010818d309000a010b181e0c090d000e02
r2-dfr1195: status beats=9 dlv=0 blk=0 synced=false nbrs=2 cond=000000 spread_ms=211 fw=leaderless-0.4 role=STA
r2-dfr1195: LORA-RX sender=f91c8911 len=66 rssi=-50dBm masked=false
r2-dfr1195: HB<-esp-now from=f91c8911 e=0.065 spread=130ms (leaderless)
r2-dfr1195: FIRE seq=10 beat (leaderless)
r2-dfr1195: status beats=10 dlv=0 blk=0 synced=false nbrs=2 cond=000000 spread_ms=130 fw=leaderless-0.4 role=STA
r2-dfr1195: LORA-RX sender=f91c8911 len=66 rssi=-51dBm masked=false
r2-dfr1195: HB<-esp-now from=f91c8911 e=0.015 spread=30ms (leaderless)
r2-dfr1195: LORA-RX sender=480e900e len=66 rssi=-48dBm masked=false
r2-dfr1195: HB<-esp-now from=480e900e e=-0.079 spread=157ms (leaderless)
r2-dfr1195: LORA-RX sender=480e900e len=65 rssi=-48dBm masked=false
r2-dfr1195: msg.rx a40006011a2cab5f69021a480e900e031a480e900e
r2-dfr1195: RX-EV msg_id=6 directed_via from=2cab5f69 next_hop=f91c8911 nbrs=2
r2-dfr1195: RELAY msg_id=6 ttl 5->4
r2-dfr1195: msg.relay a40006011a2cab5f69021af91c8911031a480e900e
r2-dfr1195: LORA-RX sender=f91c8911 len=80 rssi=-51dBm masked=false
r2-dfr1195: RT-DBG REPLY replier=f91c8911 sender=f91c8911 marker_origin=480e900e marker_msgid=6 in_window=true fwd_calls=9 uniq=9
r2-dfr1195: RT-DBG PATH to_dest=f91c8911 best_next_hop=f91c8911 conf=667
r2-dfr1195: msg.rx a400198006011a2cab5f69021af91c8911031af91c8911
r2-dfr1195: RX-EV msg_id=32774 directed_via from=2cab5f69 next_hop=480e900e nbrs=2
r2-dfr1195: RELAY msg_id=32774 ttl 5->4
r2-dfr1195: msg.relay a400198006011a2cab5f69021a480e900e031af91c8911
r2-dfr1195: status beats=10 dlv=0 blk=0 synced=false nbrs=2 cond=000000 spread_ms=130 fw=leaderless-0.4 role=STA
r2-dfr1195: LORA-RX sender=f91c8911 len=66 rssi=-51dBm masked=false
r2-dfr1195: HB<-esp-now from=f91c8911 e=0.106 spread=211ms (leaderless)
r2-dfr1195: FIRE seq=11 beat (leaderless)
r2-dfr1195: status beats=11 dlv=0 blk=0 synced=false nbrs=2 cond=000000 spread_ms=211 fw=leaderless-0.4 role=STA
r2-dfr1195: LORA-RX sender=f91c8911 len=66 rssi=-50dBm masked=false
r2-dfr1195: HB<-esp-now from=f91c8911 e=0.066 spread=131ms (leaderless)
r2-dfr1195: FIRE seq=12 beat (leaderless)
r2-dfr1195: HEALTH af001a2cab5f69011aea6c5a9d0204036c3139322e3136382e342e31360469303632332e31313532056833666137653237660600070108188309000a010b18260c0c0d000e02
r2-dfr1195: status beats=12 dlv=0 blk=0 synced=false nbrs=2 cond=000000 spread_ms=131 fw=leaderless-0.4 role=STA
r2-dfr1195: LORA-RX sender=f91c8911 len=66 rssi=-50dBm masked=false
r2-dfr1195: HB<-esp-now from=f91c8911 e=0.016 spread=31ms (leaderless)
r2-dfr1195: LORA-RX sender=480e900e len=66 rssi=-48dBm masked=false
r2-dfr1195: HB<-esp-now from=480e900e e=-0.079 spread=157ms (leaderless)
r2-dfr1195: LORA-RX sender=480e900e len=65 rssi=-48dBm masked=false
r2-dfr1195: msg.rx a40007011a2cab5f69021a480e900e031a480e900e
r2-dfr1195: RX-EV msg_id=7 directed_via from=2cab5f69 next_hop=f91c8911 nbrs=2
r2-dfr1195: RELAY msg_id=7 ttl 5->4
r2-dfr1195: msg.relay a40007011a2cab5f69021af91c8911031a480e900e
r2-dfr1195: LORA-RX sender=f91c8911 len=80 rssi=-51dBm masked=false
r2-dfr1195: RT-DBG REPLY replier=f91c8911 sender=f91c8911 marker_origin=480e900e marker_msgid=7 in_window=true fwd_calls=11 uniq=11
r2-dfr1195: RT-DBG PATH to_dest=f91c8911 best_next_hop=f91c8911 conf=732
r2-dfr1195: msg.rx a400198007011a2cab5f69021af91c8911031af91c8911
r2-dfr1195: RX-EV msg_id=32775 directed_via from=2cab5f69 next_hop=480e900e nbrs=2
r2-dfr1195: RELAY msg_id=32775 ttl 5->4
r2-dfr1195: msg.relay a400198007011a2cab5f69021a480e900e031af91c8911
r2-dfr1195: status beats=12 dlv=0 blk=0 synced=false nbrs=2 cond=000000 spread_ms=131 fw=leaderless-0.4 role=STA
r2-dfr1195: LORA-RX sender=f91c8911 len=66 rssi=-51dBm masked=false
r2-dfr1195: HB<-esp-now from=f91c8911 e=0.106 spread=212ms (leaderless)
r2-dfr1195: FIRE seq=13 beat (leaderless)
r2-dfr1195: status beats=13 dlv=0 blk=0 synced=false nbrs=2 cond=000000 spread_ms=212 fw=leaderless-0.4 role=STA
r2-dfr1195: LORA-RX sender=f91c8911 len=66 rssi=-51dBm masked=false
r2-dfr1195: HB<-esp-now from=f91c8911 e=0.066 spread=132ms (leaderless)
r2-dfr1195: FIRE seq=14 beat (leaderless)
r2-dfr1195: status beats=14 dlv=0 blk=0 synced=false nbrs=2 cond=000000 spread_ms=132 fw=leaderless-0.4 role=STA
r2-dfr1195: LORA-RX sender=f91c8911 len=66 rssi=-50dBm masked=false
r2-dfr1195: HB<-esp-now from=f91c8911 e=0.016 spread=32ms (leaderless)
r2-dfr1195: LORA-RX sender=480e900e len=66 rssi=-48dBm masked=false
r2-dfr1195: HB<-esp-now from=480e900e e=-0.079 spread=157ms (leaderless)
r2-dfr1195: LORA-RX sender=480e900e len=65 rssi=-48dBm masked=false
r2-dfr1195: msg.rx a40008011a2cab5f69021a480e900e031a480e900e
r2-dfr1195: RX-EV msg_id=8 directed_via from=2cab5f69 next_hop=f91c8911 nbrs=2
r2-dfr1195: RELAY msg_id=8 ttl 5->4
r2-dfr1195: msg.relay a40008011a2cab5f69021af91c8911031a480e900e
r2-dfr1195: LORA-RX sender=f91c8911 len=80 rssi=-51dBm masked=false
r2-dfr1195: RT-DBG REPLY replier=f91c8911 sender=f91c8911 marker_origin=480e900e marker_msgid=8 in_window=true fwd_calls=13 uniq=13
r2-dfr1195: RT-DBG PATH to_dest=f91c8911 best_next_hop=f91c8911 conf=784
r2-dfr1195: msg.rx a400198008011a2cab5f69021af91c8911031af91c8911
r2-dfr1195: RX-EV msg_id=32776 directed_via from=2cab5f69 next_hop=480e900e nbrs=2
r2-dfr1195: RELAY msg_id=32776 ttl 5->4
r2-dfr1195: msg.relay a400198008011a2cab5f69021a480e900e031af91c8911
r2-dfr1195: status beats=14 dlv=0 blk=0 synced=false nbrs=2 cond=000000 spread_ms=132 fw=leaderless-0.4 role=STA
r2-dfr1195: LORA-RX sender=f91c8911 len=66 rssi=-50dBm masked=false
r2-dfr1195: HB<-esp-now from=f91c8911 e=0.106 spread=212ms (leaderless)
r2-dfr1195: FIRE seq=15 beat (leaderless)
r2-dfr1195: HEALTH af001a2cab5f69011aea6c5a9d0204036c3139322e3136382e342e31360469303632332e3131353205683366613765323766060007010818d409000a010b18300c0f0d000e02
r2-dfr1195: status beats=15 dlv=0 blk=0 synced=false nbrs=2 cond=000000 spread_ms=212 fw=leaderless-0.4 role=STA
r2-dfr1195: LORA-RX sender=f91c8911 len=66 rssi=-50dBm masked=false
r2-dfr1195: HB<-esp-now from=f91c8911 e=0.066 spread=132ms (leaderless)
r2-dfr1195: FIRE seq=16 beat (leaderless)
r2-dfr1195: status beats=16 dlv=0 blk=0 synced=false nbrs=2 cond=000000 spread_ms=132 fw=leaderless-0.4 role=STA
r2-dfr1195: LORA-RX sender=f91c8911 len=66 rssi=-50dBm masked=false
r2-dfr1195: HB<-esp-now from=f91c8911 e=0.017 spread=33ms (leaderless)
r2-dfr1195: LORA-RX sender=480e900e len=66 rssi=-48dBm masked=false
r2-dfr1195: HB<-esp-now from=480e900e e=-0.079 spread=157ms (leaderless)
r2-dfr1195: LORA-RX sender=480e900e len=65 rssi=-48dBm masked=false
r2-dfr1195: msg.rx a40009011a2cab5f69021a480e900e031a480e900e
r2-dfr1195: RX-EV msg_id=9 directed_via from=2cab5f69 next_hop=f91c8911 nbrs=2
r2-dfr1195: RELAY msg_id=9 ttl 5->4
r2-dfr1195: msg.relay a40009011a2cab5f69021af91c8911031a480e900e
r2-dfr1195: LORA-RX sender=f91c8911 len=80 rssi=-52dBm masked=false
r2-dfr1195: RT-DBG REPLY replier=f91c8911 sender=f91c8911 marker_origin=480e900e marker_msgid=9 in_window=true fwd_calls=15 uniq=15
r2-dfr1195: RT-DBG PATH to_dest=f91c8911 best_next_hop=f91c8911 conf=826
r2-dfr1195: msg.rx a400198009011a2cab5f69021af91c8911031af91c8911
r2-dfr1195: RX-EV msg_id=32777 directed_via from=2cab5f69 next_hop=480e900e nbrs=2
r2-dfr1195: RELAY msg_id=32777 ttl 5->4
r2-dfr1195: msg.relay a400198009011a2cab5f69021a480e900e031af91c8911
r2-dfr1195: status beats=16 dlv=0 blk=0 synced=false nbrs=2 cond=000000 spread_ms=132 fw=leaderless-0.4 role=STA
r2-dfr1195: LORA-RX sender=f91c8911 len=66 rssi=-50dBm masked=false
r2-dfr1195: HB<-esp-now from=f91c8911 e=0.107 spread=213ms (leaderless)
r2-dfr1195: FIRE seq=17 beat (leaderless)
r2-dfr1195: status beats=17 dlv=0 blk=0 synced=false nbrs=2 cond=000000 spread_ms=213 fw=leaderless-0.4 role=STA
r2-dfr1195: LORA-RX sender=f91c8911 len=66 rssi=-51dBm masked=false
r2-dfr1195: HB<-esp-now from=f91c8911 e=0.067 spread=133ms (leaderless)
r2-dfr1195: FIRE seq=18 beat (leaderless)
r2-dfr1195: HEALTH af001a2cab5f69011aea6c5a9d0204036c3139322e3136382e342e31360469303632332e31313532056833666137653237660600070108188509000a010b18380c120d000e02
r2-dfr1195: status beats=18 dlv=0 blk=0 synced=false nbrs=2 cond=000000 spread_ms=133 fw=leaderless-0.4 role=STA
r2-dfr1195: LORA-RX sender=f91c8911 len=66 rssi=-51dBm masked=false
r2-dfr1195: HB<-esp-now from=f91c8911 e=0.017 spread=33ms (leaderless)
r2-dfr1195: LORA-RX sender=480e900e len=66 rssi=-48dBm masked=false
r2-dfr1195: HB<-esp-now from=480e900e e=-0.079 spread=157ms (leaderless)
r2-dfr1195: LORA-RX sender=480e900e len=65 rssi=-48dBm masked=false
r2-dfr1195: msg.rx a4000a011a2cab5f69021a480e900e031a480e900e
r2-dfr1195: RX-EV msg_id=10 directed_via from=2cab5f69 next_hop=f91c8911 nbrs=2
r2-dfr1195: RELAY msg_id=10 ttl 5->4
r2-dfr1195: msg.relay a4000a011a2cab5f69021af91c8911031a480e900e
r2-dfr1195: LORA-RX sender=f91c8911 len=81 rssi=-50dBm masked=false
r2-dfr1195: RT-DBG REPLY replier=f91c8911 sender=f91c8911 marker_origin=480e900e marker_msgid=10 in_window=true fwd_calls=17 uniq=17
r2-dfr1195: RT-DBG PATH to_dest=f91c8911 best_next_hop=f91c8911 conf=859
r2-dfr1195: msg.rx a40019800a011a2cab5f69021af91c8911031af91c8911
r2-dfr1195: RX-EV msg_id=32778 directed_via from=2cab5f69 next_hop=480e900e nbrs=2
r2-dfr1195: RELAY msg_id=32778 ttl 5->4
r2-dfr1195: msg.relay a40019800a011a2cab5f69021a480e900e031af91c8911
r2-dfr1195: status beats=18 dlv=0 blk=0 synced=false nbrs=2 cond=000000 spread_ms=133 fw=leaderless-0.4 role=STA
r2-dfr1195: LORA-RX sender=f91c8911 len=66 rssi=-50dBm masked=false
r2-dfr1195: HB<-esp-now from=f91c8911 e=0.107 spread=213ms (leaderless)
r2-dfr1195: FIRE seq=19 beat (leaderless)
r2-dfr1195: status beats=19 dlv=0 blk=0 synced=false nbrs=2 cond=000000 spread_ms=213 fw=leaderless-0.4 role=STA
r2-dfr1195: LORA-RX sender=f91c8911 len=66 rssi=-50dBm masked=false
r2-dfr1195: HB<-esp-now from=f91c8911 e=0.067 spread=134ms (leaderless)
r2-dfr1195: FIRE seq=20 beat (leaderless)
r2-dfr1195: status beats=20 dlv=0 blk=0 synced=false nbrs=2 cond=000000 spread_ms=134 fw=leaderless-0.4 role=STA
r2-dfr1195: LORA-RX sender=f91c8911 len=66 rssi=-50dBm masked=false
r2-dfr1195: HB<-esp-now from=f91c8911 e=0.017 spread=34ms (leaderless)
r2-dfr1195: LORA-RX sender=480e900e len=66 rssi=-48dBm masked=false
r2-dfr1195: HB<-esp-now from=480e900e e=-0.079 spread=157ms (leaderless)
r2-dfr1195: LORA-RX sender=480e900e len=65 rssi=-49dBm masked=false
r2-dfr1195: msg.rx a4000b011a2cab5f69021a480e900e031a480e900e
r2-dfr1195: RX-EV msg_id=11 directed_via from=2cab5f69 next_hop=f91c8911 nbrs=2
r2-dfr1195: RELAY msg_id=11 ttl 5->4
r2-dfr1195: msg.relay a4000b011a2cab5f69021af91c8911031a480e900e
r2-dfr1195: LORA-RX sender=f91c8911 len=81 rssi=-50dBm masked=false
r2-dfr1195: RT-DBG REPLY replier=f91c8911 sender=f91c8911 marker_origin=480e900e marker_msgid=11 in_window=true fwd_calls=19 uniq=19
r2-dfr1195: RT-DBG PATH to_dest=f91c8911 best_next_hop=f91c8911 conf=885
r2-dfr1195: msg.rx a40019800b011a2cab5f69021af91c8911031af91c8911
r2-dfr1195: RX-EV msg_id=32779 directed_via from=2cab5f69 next_hop=480e900e nbrs=2
r2-dfr1195: RELAY msg_id=32779 ttl 5->4
r2-dfr1195: msg.relay a40019800b011a2cab5f69021a480e900e031af91c8911
r2-dfr1195: status beats=20 dlv=0 blk=0 synced=false nbrs=2 cond=000000 spread_ms=134 fw=leaderless-0.4 role=STA
r2-dfr1195: LORA-RX sender=f91c8911 len=66 rssi=-51dBm masked=false
r2-dfr1195: HB<-esp-now from=f91c8911 e=0.107 spread=214ms (leaderless)
r2-dfr1195: FIRE seq=21 beat (leaderless)
r2-dfr1195: HEALTH af001a2cab5f69011aea6c5a9d0204036c3139322e3136382e342e31360469303632332e3131353205683366613765323766060007010818d609000a010b18430c150d000e02
r2-dfr1195: status beats=21 dlv=0 blk=0 synced=false nbrs=2 cond=000000 spread_ms=214 fw=leaderless-0.4 role=STA
r2-dfr1195: LORA-RX sender=f91c8911 len=66 rssi=-51dBm masked=false
r2-dfr1195: HB<-esp-now from=f91c8911 e=0.068 spread=135ms (leaderless)
r2-dfr1195: FIRE seq=22 beat (leaderless)
r2-dfr1195: status beats=22 dlv=0 blk=0 synced=false nbrs=2 cond=000000 spread_ms=135 fw=leaderless-0.4 role=STA
r2-dfr1195: LORA-RX sender=f91c8911 len=66 rssi=-51dBm masked=false
r2-dfr1195: HB<-esp-now from=f91c8911 e=0.018 spread=35ms (leaderless)
r2-dfr1195: LORA-RX sender=480e900e len=66 rssi=-49dBm masked=false
r2-dfr1195: HB<-esp-now from=480e900e e=-0.079 spread=157ms (leaderless)
r2-dfr1195: LORA-RX sender=480e900e len=65 rssi=-48dBm masked=false
r2-dfr1195: msg.rx a4000c011a2cab5f69021a480e900e031a480e900e
r2-dfr1195: RX-EV msg_id=12 directed_via from=2cab5f69 next_hop=f91c8911 nbrs=2
r2-dfr1195: RELAY msg_id=12 ttl 5->4
r2-dfr1195: msg.relay a4000c011a2cab5f69021af91c8911031a480e900e
r2-dfr1195: LORA-RX sender=f91c8911 len=81 rssi=-51dBm masked=false
r2-dfr1195: RT-DBG REPLY replier=f91c8911 sender=f91c8911 marker_origin=480e900e marker_msgid=12 in_window=true fwd_calls=21 uniq=21
r2-dfr1195: RT-DBG PATH to_dest=f91c8911 best_next_hop=f91c8911 conf=906
r2-dfr1195: msg.rx a40019800c011a2cab5f69021af91c8911031af91c8911
r2-dfr1195: RX-EV msg_id=32780 directed_via from=2cab5f69 next_hop=480e900e nbrs=2
r2-dfr1195: RELAY msg_id=32780 ttl 5->4
r2-dfr1195: msg.relay a40019800c011a2cab5f69021a480e900e031af91c8911
r2-dfr1195: status beats=22 dlv=0 blk=0 synced=false nbrs=2 cond=000000 spread_ms=135 fw=leaderless-0.4 role=STA
r2-dfr1195: LORA-RX sender=f91c8911 len=66 rssi=-51dBm masked=false
r2-dfr1195: HB<-esp-now from=f91c8911 e=0.107 spread=214ms (leaderless)
r2-dfr1195: FIRE seq=23 beat (leaderless)
r2-dfr1195: status beats=23 dlv=0 blk=0 synced=false nbrs=2 cond=000000 spread_ms=214 fw=leaderless-0.4 role=STA
r2-dfr1195: LORA-RX sender=f91c8911 len=66 rssi=-50dBm masked=false
r2-dfr1195: HB<-esp-now from=f91c8911 e=0.068 spread=135ms (leaderless)
r2-dfr1195: FIRE seq=24 beat (leaderless)
r2-dfr1195: HEALTH af001a2cab5f69011aea6c5a9d0204036c3139322e3136382e342e31360469303632332e31313532056833666137653237660600070108188709000a010b184b0c18180d000e02
r2-dfr1195: status beats=24 dlv=0 blk=0 synced=false nbrs=2 cond=000000 spread_ms=135 fw=leaderless-0.4 role=STA
r2-dfr1195: LORA-RX sender=f91c8911 len=66 rssi=-51dBm masked=false
r2-dfr1195: HB<-esp-now from=f91c8911 e=0.018 spread=36ms (leaderless)
r2-dfr1195: LORA-RX sender=480e900e len=66 rssi=-48dBm masked=false
r2-dfr1195: HB<-esp-now from=480e900e e=-0.078 spread=156ms (leaderless)
r2-dfr1195: LORA-RX sender=480e900e len=65 rssi=-48dBm masked=false
r2-dfr1195: msg.rx a4000d011a2cab5f69021a480e900e031a480e900e
r2-dfr1195: RX-EV msg_id=13 directed_via from=2cab5f69 next_hop=f91c8911 nbrs=2
r2-dfr1195: RELAY msg_id=13 ttl 5->4
r2-dfr1195: msg.relay a4000d011a2cab5f69021af91c8911031a480e900e
r2-dfr1195: LORA-RX sender=f91c8911 len=81 rssi=-51dBm masked=false
r2-dfr1195: RT-DBG REPLY replier=f91c8911 sender=f91c8911 marker_origin=480e900e marker_msgid=13 in_window=true fwd_calls=23 uniq=23
r2-dfr1195: RT-DBG PATH to_dest=f91c8911 best_next_hop=f91c8911 conf=922
r2-dfr1195: msg.rx a40019800d011a2cab5f69021af91c8911031af91c8911
r2-dfr1195: RX-EV msg_id=32781 directed_via from=2cab5f69 next_hop=480e900e nbrs=2
r2-dfr1195: RELAY msg_id=32781 ttl 5->4
r2-dfr1195: msg.relay a40019800d011a2cab5f69021a480e900e031af91c8911
r2-dfr1195: status beats=24 dlv=0 blk=0 synced=false nbrs=2 cond=000000 spread_ms=135 fw=leaderless-0.4 role=STA
r2-dfr1195: LORA-RX sender=f91c8911 len=66 rssi=-51dBm masked=false
r2-dfr1195: HB<-esp-now from=f91c8911 e=0.132 spread=264ms (leaderless)
r2-dfr1195: FIRE seq=25 beat (leaderless)
r2-dfr1195: status beats=25 dlv=0 blk=0 synced=false nbrs=2 cond=000000 spread_ms=264 fw=leaderless-0.4 role=STA
r2-dfr1195: LORA-RX sender=f91c8911 len=66 rssi=-51dBm masked=false
r2-dfr1195: HB<-esp-now from=f91c8911 e=0.061 spread=122ms (leaderless)
r2-dfr1195: FIRE seq=26 beat (leaderless)
r2-dfr1195: status beats=26 dlv=0 blk=0 synced=false nbrs=2 cond=000000 spread_ms=122 fw=leaderless-0.4 role=STA
r2-dfr1195: LORA-RX sender=f91c8911 len=66 rssi=-52dBm masked=false
r2-dfr1195: HB<-esp-now from=f91c8911 e=0.015 spread=29ms (leaderless)
r2-dfr1195: LORA-RX sender=480e900e len=66 rssi=-48dBm masked=false
r2-dfr1195: HB<-esp-now from=480e900e e=-0.079 spread=157ms (leaderless)
r2-dfr1195: LORA-RX sender=480e900e len=65 rssi=-48dBm masked=false
r2-dfr1195: msg.rx a4000e011a2cab5f69021a480e900e031a480e900e
r2-dfr1195: RX-EV msg_id=14 directed_via from=2cab5f69 next_hop=f91c8911 nbrs=2
r2-dfr1195: RELAY msg_id=14 ttl 5->4
r2-dfr1195: msg.relay a4000e011a2cab5f69021af91c8911031a480e900e
r2-dfr1195: LORA-RX sender=f91c8911 len=81 rssi=-50dBm masked=false
r2-dfr1195: RT-DBG REPLY replier=f91c8911 sender=f91c8911 marker_origin=480e900e marker_msgid=14 in_window=true fwd_calls=25 uniq=25
r2-dfr1195: RT-DBG PATH to_dest=f91c8911 best_next_hop=f91c8911 conf=935
r2-dfr1195: msg.rx a40019800e011a2cab5f69021af91c8911031af91c8911
r2-dfr1195: RX-EV msg_id=32782 directed_via from=2cab5f69 next_hop=480e900e nbrs=2
r2-dfr1195: RELAY msg_id=32782 ttl 5->4
r2-dfr1195: msg.relay a40019800e011a2cab5f69021a480e900e031af91c8911
r2-dfr1195: status beats=26 dlv=0 blk=0 synced=false nbrs=2 cond=000000 spread_ms=122 fw=leaderless-0.4 role=STA
r2-dfr1195: LORA-RX sender=f91c8911 len=66 rssi=-50dBm masked=false
r2-dfr1195: HB<-esp-now from=f91c8911 e=0.132 spread=264ms (leaderless)
r2-dfr1195: FIRE seq=27 beat (leaderless)
r2-dfr1195: HEALTH af001a2cab5f69011aea6c5a9d0204036c3139322e3136382e342e31360469303632332e3131353205683366613765323766060007010819010809000a010b18550c181b0d000e02
r2-dfr1195: status beats=27 dlv=0 blk=0 synced=false nbrs=2 cond=000000 spread_ms=264 fw=leaderless-0.4 role=STA
r2-dfr1195: LORA-RX sender=f91c8911 len=66 rssi=-50dBm masked=false
r2-dfr1195: HB<-esp-now from=f91c8911 e=0.086 spread=172ms (leaderless)
r2-dfr1195: FIRE seq=28 beat (leaderless)
r2-dfr1195: status beats=28 dlv=0 blk=0 synced=false nbrs=2 cond=000000 spread_ms=172 fw=leaderless-0.4 role=STA
r2-dfr1195: LORA-RX sender=f91c8911 len=66 rssi=-51dBm masked=false
r2-dfr1195: HB<-esp-now from=f91c8911 e=0.030 spread=59ms (leaderless)
r2-dfr1195: LORA-RX sender=480e900e len=66 rssi=-48dBm masked=false
r2-dfr1195: HB<-esp-now from=480e900e e=-0.101 spread=202ms (leaderless)
r2-dfr1195: LORA-RX sender=480e900e len=65 rssi=-48dBm masked=false
r2-dfr1195: msg.rx a4000f011a2cab5f69021a480e900e031a480e900e
r2-dfr1195: RX-EV msg_id=15 directed_via from=2cab5f69 next_hop=f91c8911 nbrs=2
r2-dfr1195: RELAY msg_id=15 ttl 5->4
r2-dfr1195: msg.relay a4000f011a2cab5f69021af91c8911031a480e900e
r2-dfr1195: LORA-RX sender=f91c8911 len=81 rssi=-51dBm masked=false
r2-dfr1195: RT-DBG REPLY replier=f91c8911 sender=f91c8911 marker_origin=480e900e marker_msgid=15 in_window=true fwd_calls=27 uniq=27
r2-dfr1195: RT-DBG PATH to_dest=f91c8911 best_next_hop=f91c8911 conf=946
r2-dfr1195: msg.rx a40019800f011a2cab5f69021af91c8911031af91c8911
r2-dfr1195: RX-EV msg_id=32783 directed_via from=2cab5f69 next_hop=480e900e nbrs=2
r2-dfr1195: RELAY msg_id=32783 ttl 5->4
r2-dfr1195: msg.relay a40019800f011a2cab5f69021a480e900e031af91c8911
r2-dfr1195: status beats=28 dlv=0 blk=0 synced=false nbrs=2 cond=000000 spread_ms=172 fw=leaderless-0.4 role=STA
r2-dfr1195: LORA-RX sender=f91c8911 len=66 rssi=-51dBm masked=false
r2-dfr1195: HB<-esp-now from=f91c8911 e=0.118 spread=235ms (leaderless)
r2-dfr1195: FIRE seq=29 beat (leaderless)
r2-dfr1195: status beats=29 dlv=0 blk=0 synced=false nbrs=2 cond=000000 spread_ms=235 fw=leaderless-0.4 role=STA
r2-dfr1195: LORA-RX sender=f91c8911 len=66 rssi=-51dBm masked=false
r2-dfr1195: HB<-esp-now from=f91c8911 e=0.076 spread=152ms (leaderless)
r2-dfr1195: FIRE seq=30 beat (leaderless)
r2-dfr1195: HEALTH af001a2cab5f69011aea6c5a9d0204036c3139322e3136382e342e31360469303632332e31313532056833666137653237660600070108189809000a010b185d0c181e0d000e02
r2-dfr1195: status beats=30 dlv=0 blk=0 synced=false nbrs=2 cond=000000 spread_ms=152 fw=leaderless-0.4 role=STA
r2-dfr1195: LORA-RX sender=f91c8911 len=66 rssi=-50dBm masked=false
r2-dfr1195: HB<-esp-now from=f91c8911 e=0.024 spread=47ms (leaderless)
r2-dfr1195: LORA-RX sender=480e900e len=66 rssi=-48dBm masked=false
r2-dfr1195: HB<-esp-now from=480e900e e=-0.128 spread=255ms (leaderless)
r2-dfr1195: LORA-RX sender=480e900e len=65 rssi=-48dBm masked=false
r2-dfr1195: msg.rx a40010011a2cab5f69021a480e900e031a480e900e
r2-dfr1195: RX-EV msg_id=16 directed_via from=2cab5f69 next_hop=f91c8911 nbrs=2
r2-dfr1195: RELAY msg_id=16 ttl 5->4
r2-dfr1195: msg.relay a40010011a2cab5f69021af91c8911031a480e900e
r2-dfr1195: LORA-RX sender=f91c8911 len=81 rssi=-50dBm masked=false
r2-dfr1195: RT-DBG REPLY replier=f91c8911 sender=f91c8911 marker_origin=480e900e marker_msgid=16 in_window=true fwd_calls=29 uniq=29
r2-dfr1195: RT-DBG PATH to_dest=f91c8911 best_next_hop=f91c8911 conf=955
r2-dfr1195: msg.rx a400198010011a2cab5f69021af91c8911031af91c8911
r2-dfr1195: RX-EV msg_id=32784 directed_via from=2cab5f69 next_hop=480e900e nbrs=2
r2-dfr1195: RELAY msg_id=32784 ttl 5->4
r2-dfr1195: msg.relay a400198010011a2cab5f69021a480e900e031af91c8911
r2-dfr1195: status beats=30 dlv=0 blk=0 synced=false nbrs=2 cond=000000 spread_ms=152 fw=leaderless-0.4 role=STA
r2-dfr1195: LORA-RX sender=f91c8911 len=66 rssi=-50dBm masked=false
r2-dfr1195: HB<-esp-now from=f91c8911 e=0.125 spread=249ms (leaderless)
r2-dfr1195: FIRE seq=31 beat (leaderless)
r2-dfr1195: status beats=31 dlv=0 blk=0 synced=false nbrs=2 cond=000000 spread_ms=249 fw=leaderless-0.4 role=STA
r2-dfr1195: LORA-RX sender=f91c8911 len=66 rssi=-50dBm masked=false
r2-dfr1195: HB<-esp-now from=f91c8911 e=0.081 spread=161ms (leaderless)
r2-dfr1195: FIRE seq=32 beat (leaderless)
r2-dfr1195: status beats=32 dlv=0 blk=0 synced=false nbrs=2 cond=000000 spread_ms=161 fw=leaderless-0.4 role=STA
r2-dfr1195: LORA-RX sender=f91c8911 len=66 rssi=-51dBm masked=false
r2-dfr1195: HB<-esp-now from=f91c8911 e=0.027 spread=53ms (leaderless)
r2-dfr1195: LORA-RX sender=480e900e len=66 rssi=-48dBm masked=false
r2-dfr1195: HB<-esp-now from=480e900e e=-0.127 spread=254ms (leaderless)
r2-dfr1195: LORA-RX sender=480e900e len=65 rssi=-48dBm masked=false
r2-dfr1195: msg.rx a40011011a2cab5f69021a480e900e031a480e900e
r2-dfr1195: RX-EV msg_id=17 directed_via from=2cab5f69 next_hop=f91c8911 nbrs=2
r2-dfr1195: RELAY msg_id=17 ttl 5->4
r2-dfr1195: msg.relay a40011011a2cab5f69021af91c8911031a480e900e
r2-dfr1195: LORA-RX sender=f91c8911 len=81 rssi=-52dBm masked=false
r2-dfr1195: RT-DBG REPLY replier=f91c8911 sender=f91c8911 marker_origin=480e900e marker_msgid=17 in_window=true fwd_calls=31 uniq=31
r2-dfr1195: RT-DBG PATH to_dest=f91c8911 best_next_hop=f91c8911 conf=962
r2-dfr1195: msg.rx a400198011011a2cab5f69021af91c8911031af91c8911
r2-dfr1195: RX-EV msg_id=32785 directed_via from=2cab5f69 next_hop=480e900e nbrs=2
r2-dfr1195: RELAY msg_id=32785 ttl 5->4
r2-dfr1195: msg.relay a400198011011a2cab5f69021a480e900e031af91c8911
r2-dfr1195: status beats=32 dlv=0 blk=0 synced=false nbrs=2 cond=000000 spread_ms=161 fw=leaderless-0.4 role=STA
r2-dfr1195: LORA-RX sender=f91c8911 len=66 rssi=-51dBm masked=false
r2-dfr1195: HB<-esp-now from=f91c8911 e=0.125 spread=250ms (leaderless)
r2-dfr1195: FIRE seq=33 beat (leaderless)
r2-dfr1195: HEALTH af001a2cab5f69011aea6c5a9d0204036c3139322e3136382e342e31360469303632332e3131353205683366613765323766060007010818fa09000a010b18670c18210d000e02
r2-dfr1195: status beats=33 dlv=0 blk=0 synced=false nbrs=2 cond=000000 spread_ms=250 fw=leaderless-0.4 role=STA
r2-dfr1195: LORA-RX sender=f91c8911 len=66 rssi=-51dBm masked=false
r2-dfr1195: HB<-esp-now from=f91c8911 e=0.082 spread=163ms (leaderless)
r2-dfr1195: FIRE seq=34 beat (leaderless)
r2-dfr1195: status beats=34 dlv=0 blk=0 synced=false nbrs=2 cond=000000 spread_ms=163 fw=leaderless-0.4 role=STA
r2-dfr1195: LORA-RX sender=f91c8911 len=66 rssi=-50dBm masked=false
r2-dfr1195: HB<-esp-now from=f91c8911 e=0.027 spread=54ms (leaderless)
r2-dfr1195: LORA-RX sender=480e900e len=66 rssi=-48dBm masked=false
r2-dfr1195: HB<-esp-now from=480e900e e=-0.127 spread=253ms (leaderless)
r2-dfr1195: LORA-RX sender=480e900e len=65 rssi=-48dBm masked=false
r2-dfr1195: msg.rx a40012011a2cab5f69021a480e900e031a480e900e
r2-dfr1195: RX-EV msg_id=18 directed_via from=2cab5f69 next_hop=f91c8911 nbrs=2
r2-dfr1195: RELAY msg_id=18 ttl 5->4
r2-dfr1195: msg.relay a40012011a2cab5f69021af91c8911031a480e900e
r2-dfr1195: LORA-RX sender=f91c8911 len=81 rssi=-50dBm masked=false
r2-dfr1195: RT-DBG REPLY replier=f91c8911 sender=f91c8911 marker_origin=480e900e marker_msgid=18 in_window=true fwd_calls=33 uniq=33
r2-dfr1195: RT-DBG PATH to_dest=f91c8911 best_next_hop=f91c8911 conf=968
r2-dfr1195: msg.rx a400198012011a2cab5f69021af91c8911031af91c8911
r2-dfr1195: RX-EV msg_id=32786 directed_via from=2cab5f69 next_hop=480e900e nbrs=2
r2-dfr1195: RELAY msg_id=32786 ttl 5->4
r2-dfr1195: msg.relay a400198012011a2cab5f69021a480e900e031af91c8911
r2-dfr1195: status beats=34 dlv=0 blk=0 synced=false nbrs=2 cond=000000 spread_ms=163 fw=leaderless-0.4 role=STA
r2-dfr1195: LORA-RX sender=f91c8911 len=66 rssi=-51dBm masked=false
r2-dfr1195: HB<-esp-now from=f91c8911 e=0.126 spread=251ms (leaderless)
r2-dfr1195: FIRE seq=35 beat (leaderless)
r2-dfr1195: status beats=35 dlv=0 blk=0 synced=false nbrs=2 cond=000000 spread_ms=251 fw=leaderless-0.4 role=STA
r2-dfr1195: LORA-RX sender=f91c8911 len=66 rssi=-50dBm masked=false
r2-dfr1195: HB<-esp-now from=f91c8911 e=0.082 spread=164ms (leaderless)
r2-dfr1195: FIRE seq=36 beat (leaderless)
r2-dfr1195: HEALTH af001a2cab5f69011aea6c5a9d0204036c3139322e3136382e342e31360469303632332e3131353205683366613765323766060007010818a409000a010b186f0c18240d000e02
r2-dfr1195: status beats=36 dlv=0 blk=0 synced=false nbrs=2 cond=000000 spread_ms=164 fw=leaderless-0.4 role=STA
r2-dfr1195: LORA-RX sender=f91c8911 len=66 rssi=-51dBm masked=false
r2-dfr1195: HB<-esp-now from=f91c8911 e=0.028 spread=55ms (leaderless)
r2-dfr1195: LORA-RX sender=480e900e len=66 rssi=-48dBm masked=false
r2-dfr1195: HB<-esp-now from=480e900e e=-0.127 spread=253ms (leaderless)
r2-dfr1195: LORA-RX sender=480e900e len=65 rssi=-48dBm masked=false
r2-dfr1195: msg.rx a40013011a2cab5f69021a480e900e031a480e900e
r2-dfr1195: RX-EV msg_id=19 directed_via from=2cab5f69 next_hop=f91c8911 nbrs=2
r2-dfr1195: RELAY msg_id=19 ttl 5->4
r2-dfr1195: msg.relay a40013011a2cab5f69021af91c8911031a480e900e
r2-dfr1195: LORA-RX sender=f91c8911 len=81 rssi=-50dBm masked=false
r2-dfr1195: RT-DBG REPLY replier=f91c8911 sender=f91c8911 marker_origin=480e900e marker_msgid=19 in_window=true fwd_calls=35 uniq=35
r2-dfr1195: RT-DBG PATH to_dest=f91c8911 best_next_hop=f91c8911 conf=972
r2-dfr1195: msg.rx a400198013011a2cab5f69021af91c8911031af91c8911
r2-dfr1195: RX-EV msg_id=32787 directed_via from=2cab5f69 next_hop=480e900e nbrs=2
r2-dfr1195: RELAY msg_id=32787 ttl 5->4
r2-dfr1195: msg.relay a400198013011a2cab5f69021a480e900e031af91c8911
r2-dfr1195: status beats=36 dlv=0 blk=0 synced=false nbrs=2 cond=000000 spread_ms=164 fw=leaderless-0.4 role=STA
r2-dfr1195: LORA-RX sender=f91c8911 len=66 rssi=-51dBm masked=false
r2-dfr1195: HB<-esp-now from=f91c8911 e=0.126 spread=251ms (leaderless)
r2-dfr1195: FIRE seq=37 beat (leaderless)
r2-dfr1195: status beats=37 dlv=0 blk=0 synced=false nbrs=2 cond=000000 spread_ms=251 fw=leaderless-0.4 role=STA
r2-dfr1195: LORA-RX sender=f91c8911 len=66 rssi=-50dBm masked=false
r2-dfr1195: HB<-esp-now from=f91c8911 e=0.082 spread=164ms (leaderless)
r2-dfr1195: FIRE seq=38 beat (leaderless)
r2-dfr1195: LORA-RX sender=480e900e len=66 rssi=-49dBm masked=false
r2-dfr1195: HB<-esp-now from=480e900e e=-0.126 spread=252ms (leaderless)
