[2026-06-23T00:03:34Z INFO ] Serial port: '/dev/ttyACM4'
[2026-06-23T00:03:34Z INFO ] Connecting...
[2026-06-23T00:03:34Z INFO ] Using flash stub
ESP-ROM:esp32s3-20210327
Build:Mar 27 2021
rst:0x15 (USB_UART_CHIP_RESET),boot:0x8 (SPI_FAST_FLASH_BOOT)
Saved PC:0x40378eb4
SPIWP:0xee
mode:DIO, clock div:2
load:0x3fce2820,len:0x158c
load:0x403c8700,len:0xd24
load:0x403cb700,len:0x2f34
entry 0x403c8924
I (27) boot: ESP-IDF v5.5.1-838-gd66ebb86d2e 2nd stage bootloader
I (27) boot: compile time Nov 26 2025 12:27:56
I (27) boot: Multicore bootloader
I (29) boot: chip revision: v0.2
I (31) boot: efuse block revision: v1.3
I (35) boot.esp32s3: Boot SPI Speed : 40MHz
I (39) boot.esp32s3: SPI Mode       : DIO
I (43) boot.esp32s3: SPI Flash Size : 4MB
I (46) boot: Enabling RNG early entropy source...
I (51) boot: Partition Table:
I (53) boot: ## Label            Usage          Type ST Offset   Length
I (60) boot:  0 nvs              WiFi data        01 02 00009000 00006000
I (66) boot:  1 otadata          OTA data         01 00 0000f000 00002000
I (73) boot:  2 phy_init         RF data          01 01 00011000 00001000
I (79) boot:  3 ota_0            OTA app          00 10 00020000 001e0000
I (86) boot:  4 ota_1            OTA app          00 11 00200000 001e0000
I (92) boot: End of partition table
I (96) esp_image: segment 0: paddr=00020020 vaddr=3c000020 size=14ba0h ( 84896) map
I (124) esp_image: segment 1: paddr=00034bc8 vaddr=3fc926d8 size=043a4h ( 17316) load
I (129) esp_image: segment 2: paddr=00038f74 vaddr=40378000 size=070a4h ( 28836) load
I (138) esp_image: segment 3: paddr=00040020 vaddr=42020020 size=68138h (426296) map
I (243) esp_image: segment 4: paddr=000a8160 vaddr=4037f0a4 size=03634h ( 13876) load
I (252) boot: Loaded app from partition at offset 0x20000
I (252) boot: Disabling RNG early entropy source...
r2-dfr1195: OTA slot=ota_0 (otadata slot-switch verified — test b PASS)
r2-dfr1195: PROVISIONED TG restored from NVS — tg_id=3932969629 (overrides persona/demo)
r2-dfr1195: MASK restored from NVS — 1 allowed neighbours
r2-dfr1195: PHASE 1a — esp-rtos/embassy + esp-radio (build 0623.1153)
r2-dfr1195: DEV XXXXXX hive=f91c8911 TG=4b3df45d-5fbb-44b8-9613-7a6423927761 (persona=true) role=STA
r2-dfr1195: carrier has_screen=true led_active_low=false
r2-dfr1195: net — STA 192.168.4.160 (peer 192.168.4.1)
r2-dfr1195: BLE+WiFi-join OFF (nobt) — pure ESP-NOW ch1, no coex contention
r2-dfr1195: LORA task spawned (SPI3 SCK7/MISO5/MOSI6 NSS10 RST41 BUSY40 RXEN42 DIO1=4)
r2-dfr1195: LORA-ROUTE up (SF7 BW125 916.8 sync0x21 -9dBm) — BL-200 message-passing over LoRa
r2-dfr1195: LORA-RX sender=2cab5f69 len=66 rssi=-50dBm masked=false
r2-dfr1195: HB<-esp-now from=2cab5f69 e=0.025 spread=50ms (leaderless)
r2-dfr1195: FIRE seq=2 beat (leaderless)
r2-dfr1195: status beats=2 dlv=0 blk=0 synced=true nbrs=1 cond=000000 spread_ms=50 fw=leaderless-0.4 role=STA
r2-dfr1195: LORA-RX sender=480e900e len=66 rssi=-33dBm masked=true
r2-dfr1195: LORA-RX sender=480e900e len=65 rssi=-33dBm masked=true
r2-dfr1195: FIRE seq=3 beat (leaderless)
r2-dfr1195: HEALTH af001af91c8911011aea6c5a9d0204036d3139322e3136382e342e3136300469303632332e31313533056833656137653065630600070208183209000a010b040c030d000e01
r2-dfr1195: status beats=3 dlv=0 blk=0 synced=true nbrs=1 cond=000000 spread_ms=50 fw=leaderless-0.4 role=STA
r2-dfr1195: LORA-RX sender=480e900e len=66 rssi=-33dBm masked=true
r2-dfr1195: FIRE seq=4 beat (leaderless)
r2-dfr1195: status beats=4 dlv=0 blk=0 synced=true nbrs=1 cond=000000 spread_ms=50 fw=leaderless-0.4 role=STA
r2-dfr1195: LORA-RX sender=480e900e len=66 rssi=-33dBm masked=true
r2-dfr1195: LORA-RX sender=2cab5f69 len=66 rssi=-50dBm masked=false
r2-dfr1195: HB<-esp-now from=2cab5f69 e=0.003 spread=5ms (leaderless)
r2-dfr1195: FIRE seq=5 beat (leaderless)
r2-dfr1195: status beats=5 dlv=0 blk=0 synced=true nbrs=1 cond=000000 spread_ms=5 fw=leaderless-0.4 role=STA
r2-dfr1195: LORA-RX sender=480e900e len=66 rssi=-33dBm masked=true
r2-dfr1195: LORA-RX sender=480e900e len=65 rssi=-33dBm masked=true
r2-dfr1195: LORA-RX sender=2cab5f69 len=65 rssi=-50dBm masked=false
r2-dfr1195: msg.rx a40002011af91c8911021a2cab5f69031a480e900e
r2-dfr1195: RX-EV msg_id=2 flooded from=f91c8911 fanout=1 nbrs=1
r2-dfr1195: RELAY msg_id=2 ttl 4->3
r2-dfr1195: msg.relay a40002011af91c89110200031a480e900e
r2-dfr1195: DELIVERED msg_id=2 '?' (tg+hmac ok)
r2-dfr1195: msg.delivered a40002011af91c89110200031a480e900e
r2-dfr1195: RT-REPLY -> 480e900e req_msg_id=2
r2-dfr1195: status beats=5 dlv=1 blk=0 synced=true nbrs=1 cond=000000 spread_ms=5 fw=leaderless-0.4 role=STA
r2-dfr1195: FIRE seq=6 beat (leaderless)
r2-dfr1195: HEALTH af001af91c8911011aea6c5a9d0204036d3139322e3136382e342e3136300469303632332e313135330568336561376530656306000702080509000a010b0a0c060d000e01
r2-dfr1195: status beats=6 dlv=1 blk=0 synced=true nbrs=1 cond=000000 spread_ms=5 fw=leaderless-0.4 role=STA
r2-dfr1195: LORA-RX sender=480e900e len=66 rssi=-33dBm masked=true
r2-dfr1195: FIRE seq=7 beat (leaderless)
r2-dfr1195: status beats=7 dlv=1 blk=0 synced=true nbrs=1 cond=000000 spread_ms=5 fw=leaderless-0.4 role=STA
r2-dfr1195: LORA-RX sender=480e900e len=66 rssi=-33dBm masked=true
r2-dfr1195: LORA-RX sender=2cab5f69 len=66 rssi=-50dBm masked=false
r2-dfr1195: HB<-esp-now from=2cab5f69 e=0.020 spread=39ms (leaderless)
r2-dfr1195: FIRE seq=8 beat (leaderless)
r2-dfr1195: LORA-RX sender=2cab5f69 len=66 rssi=-50dBm masked=false
r2-dfr1195: HB<-esp-now from=2cab5f69 e=0.093 spread=185ms (leaderless)
r2-dfr1195: FIRE seq=9 beat (leaderless)
r2-dfr1195: HEALTH af001af91c8911011aea6c5a9d0204036d3139322e3136382e342e3136300469303632332e3131353305683365613765306563060007010818b909000a010b100c090d000e01
r2-dfr1195: status beats=9 dlv=1 blk=0 synced=false nbrs=1 cond=000000 spread_ms=185 fw=leaderless-0.4 role=STA
r2-dfr1195: LORA-RX sender=480e900e len=66 rssi=-33dBm masked=true
r2-dfr1195: LORA-RX sender=480e900e len=65 rssi=-33dBm masked=true
r2-dfr1195: LORA-RX sender=2cab5f69 len=65 rssi=-50dBm masked=false
r2-dfr1195: msg.rx a40003011af91c8911021a2cab5f69031a480e900e
r2-dfr1195: RX-EV msg_id=3 flooded from=f91c8911 fanout=1 nbrs=1
r2-dfr1195: RELAY msg_id=3 ttl 4->3
r2-dfr1195: msg.relay a40003011af91c89110200031a480e900e
r2-dfr1195: DELIVERED msg_id=3 '?' (tg+hmac ok)
r2-dfr1195: msg.delivered a40003011af91c89110200031a480e900e
r2-dfr1195: RT-REPLY -> 480e900e req_msg_id=3
r2-dfr1195: LORA-RX sender=2cab5f69 len=80 rssi=-50dBm masked=false
r2-dfr1195: RT-DBG REPLY replier=f91c8911 sender=2cab5f69 marker_origin=480e900e marker_msgid=3 in_window=true fwd_calls=2 uniq=2
r2-dfr1195: RT-DBG PATH to_dest=f91c8911 best_next_hop=2cab5f69 conf=200
r2-dfr1195: msg.rx a400198003011af91c8911021a2cab5f69031af91c8911
r2-dfr1195: RX-EV msg_id=32771 directed_via from=f91c8911 next_hop=2cab5f69 nbrs=1
r2-dfr1195: RELAY msg_id=32771 ttl 4->3
r2-dfr1195: msg.relay a400198003011af91c8911021a2cab5f69031af91c8911
r2-dfr1195: FIRE seq=10 beat (leaderless)
r2-dfr1195: status beats=10 dlv=2 blk=0 synced=false nbrs=1 cond=000000 spread_ms=185 fw=leaderless-0.4 role=STA
r2-dfr1195: LORA-RX sender=2cab5f69 len=66 rssi=-50dBm masked=false
r2-dfr1195: HB<-esp-now from=2cab5f69 e=0.040 spread=80ms (leaderless)
r2-dfr1195: FIRE seq=11 beat (leaderless)
r2-dfr1195: LORA-RX sender=480e900e len=66 rssi=-33dBm masked=true
r2-dfr1195: status beats=11 dlv=2 blk=0 synced=false nbrs=1 cond=000000 spread_ms=80 fw=leaderless-0.4 role=STA
r2-dfr1195: FIRE seq=12 beat (leaderless)
r2-dfr1195: HEALTH af001af91c8911011aea6c5a9d0204036d3139322e3136382e342e3136300469303632332e31313533056833656137653065630600070108185009000a010b150c0c0d000e01
r2-dfr1195: LORA-RX sender=480e900e len=66 rssi=-33dBm masked=true
r2-dfr1195: status beats=12 dlv=2 blk=0 synced=false nbrs=1 cond=000000 spread_ms=80 fw=leaderless-0.4 role=STA
r2-dfr1195: FIRE seq=13 beat (leaderless)
r2-dfr1195: LORA-RX sender=480e900e len=66 rssi=-33dBm masked=true
r2-dfr1195: LORA-RX sender=480e900e len=65 rssi=-33dBm masked=true
r2-dfr1195: status beats=13 dlv=2 blk=0 synced=false nbrs=1 cond=000000 spread_ms=80 fw=leaderless-0.4 role=STA
r2-dfr1195: LORA-RX sender=2cab5f69 len=65 rssi=-50dBm masked=false
r2-dfr1195: msg.rx a40004011af91c8911021a2cab5f69031a480e900e
r2-dfr1195: RX-EV msg_id=4 directed_via from=f91c8911 next_hop=2cab5f69 nbrs=1
r2-dfr1195: RELAY msg_id=4 ttl 4->3
r2-dfr1195: msg.relay a40004011af91c8911021a2cab5f69031a480e900e
r2-dfr1195: DELIVERED msg_id=4 '?' (tg+hmac ok)
r2-dfr1195: msg.delivered a40004011af91c89110200031a480e900e
r2-dfr1195: RT-REPLY -> 480e900e req_msg_id=4
r2-dfr1195: LORA-RX sender=2cab5f69 len=80 rssi=-50dBm masked=false
r2-dfr1195: RT-DBG REPLY replier=f91c8911 sender=2cab5f69 marker_origin=480e900e marker_msgid=4 in_window=true fwd_calls=4 uniq=4
r2-dfr1195: RT-DBG PATH to_dest=f91c8911 best_next_hop=2cab5f69 conf=359
r2-dfr1195: msg.rx a400198004011af91c8911021a2cab5f69031af91c8911
r2-dfr1195: RX-EV msg_id=32772 directed_via from=f91c8911 next_hop=2cab5f69 nbrs=1
r2-dfr1195: RELAY msg_id=32772 ttl 4->3
r2-dfr1195: msg.relay a400198004011af91c8911021a2cab5f69031af91c8911
r2-dfr1195: FIRE seq=14 beat (leaderless)
r2-dfr1195: LORA-RX sender=480e900e len=66 rssi=-33dBm masked=true
r2-dfr1195: status beats=14 dlv=3 blk=0 synced=false nbrs=1 cond=000000 spread_ms=80 fw=leaderless-0.4 role=STA
r2-dfr1195: FIRE seq=15 beat (leaderless)
r2-dfr1195: HEALTH af001af91c8911011aea6c5a9d0204036d3139322e3136382e342e3136300469303632332e31313533056833656137653065630600070108185009000a010b181c0c0f0d000e00
r2-dfr1195: LORA-RX sender=2cab5f69 len=66 rssi=-50dBm masked=false
r2-dfr1195: HB<-esp-now from=2cab5f69 e=0.018 spread=36ms (leaderless)
r2-dfr1195: FIRE seq=16 beat (leaderless)
r2-dfr1195: status beats=16 dlv=3 blk=0 synced=true nbrs=1 cond=000000 spread_ms=36 fw=leaderless-0.4 role=STA
r2-dfr1195: LORA-RX sender=2cab5f69 len=66 rssi=-50dBm masked=false
r2-dfr1195: HB<-esp-now from=2cab5f69 e=0.018 spread=35ms (leaderless)
r2-dfr1195: FIRE seq=17 beat (leaderless)
r2-dfr1195: LORA-RX sender=480e900e len=66 rssi=-33dBm masked=true
r2-dfr1195: LORA-RX sender=480e900e len=65 rssi=-33dBm masked=true
r2-dfr1195: LORA-RX sender=2cab5f69 len=65 rssi=-50dBm masked=false
r2-dfr1195: msg.rx a40005011af91c8911021a2cab5f69031a480e900e
r2-dfr1195: RX-EV msg_id=5 directed_via from=f91c8911 next_hop=2cab5f69 nbrs=1
r2-dfr1195: RELAY msg_id=5 ttl 4->3
r2-dfr1195: msg.relay a40005011af91c8911021a2cab5f69031a480e900e
r2-dfr1195: DELIVERED msg_id=5 '?' (tg+hmac ok)
r2-dfr1195: msg.delivered a40005011af91c89110200031a480e900e
r2-dfr1195: RT-REPLY -> 480e900e req_msg_id=5
r2-dfr1195: LORA-RX sender=2cab5f69 len=80 rssi=-50dBm masked=false
r2-dfr1195: RT-DBG REPLY replier=f91c8911 sender=2cab5f69 marker_origin=480e900e marker_msgid=5 in_window=true fwd_calls=6 uniq=6
r2-dfr1195: RT-DBG PATH to_dest=f91c8911 best_next_hop=2cab5f69 conf=486
r2-dfr1195: msg.rx a400198005011af91c8911021a2cab5f69031af91c8911
r2-dfr1195: RX-EV msg_id=32773 directed_via from=f91c8911 next_hop=2cab5f69 nbrs=1
r2-dfr1195: RELAY msg_id=32773 ttl 4->3
r2-dfr1195: msg.relay a400198005011af91c8911021a2cab5f69031af91c8911
r2-dfr1195: status beats=17 dlv=4 blk=0 synced=true nbrs=1 cond=000000 spread_ms=35 fw=leaderless-0.4 role=STA
r2-dfr1195: LORA-RX sender=2cab5f69 len=66 rssi=-50dBm masked=false
r2-dfr1195: HB<-esp-now from=2cab5f69 e=0.055 spread=109ms (leaderless)
r2-dfr1195: FIRE seq=18 beat (leaderless)
r2-dfr1195: HEALTH af001af91c8911011aea6c5a9d0204036d3139322e3136382e342e3136300469303632332e31313533056833656137653065630600070108186d09000a010b181f0c120d000e01
r2-dfr1195: LORA-RX sender=2cab5f69 len=66 rssi=-50dBm masked=false
r2-dfr1195: HB<-esp-now from=2cab5f69 e=-0.013 spread=26ms (leaderless)
r2-dfr1195: LORA-RX sender=480e900e len=66 rssi=-33dBm masked=true
r2-dfr1195: LORA-RX sender=2cab5f69 len=66 rssi=-50dBm masked=false
r2-dfr1195: HB<-esp-now from=2cab5f69 e=-0.187 spread=374ms (leaderless)
r2-dfr1195: status beats=18 dlv=4 blk=0 synced=false nbrs=1 cond=000000 spread_ms=109 fw=leaderless-0.4 role=STA
r2-dfr1195: FIRE seq=19 beat (leaderless)
r2-dfr1195: LORA-RX sender=480e900e len=66 rssi=-33dBm masked=true
r2-dfr1195: status beats=19 dlv=4 blk=0 synced=false nbrs=1 cond=000000 spread_ms=374 fw=leaderless-0.4 role=STA
r2-dfr1195: FIRE seq=20 beat (leaderless)
r2-dfr1195: LORA-RX sender=2cab5f69 len=66 rssi=-50dBm masked=false
r2-dfr1195: HB<-esp-now from=2cab5f69 e=0.005 spread=10ms (leaderless)
r2-dfr1195: FIRE seq=21 beat (leaderless)
r2-dfr1195: HEALTH af001af91c8911011aea6c5a9d0204036d3139322e3136382e342e3136300469303632332e313135330568336561376530656306000702080a09000a010b18240c150d000e01
r2-dfr1195: LORA-RX sender=480e900e len=65 rssi=-33dBm masked=true
r2-dfr1195: LORA-RX sender=2cab5f69 len=66 rssi=-50dBm masked=false
r2-dfr1195: HB<-esp-now from=2cab5f69 e=-0.177 spread=354ms (leaderless)
r2-dfr1195: status beats=21 dlv=4 blk=0 synced=false nbrs=1 cond=000000 spread_ms=10 fw=leaderless-0.4 role=STA
r2-dfr1195: LORA-RX sender=480e900e len=66 rssi=-33dBm masked=true
r2-dfr1195: FIRE seq=22 beat (leaderless)
r2-dfr1195: status beats=22 dlv=4 blk=0 synced=false nbrs=1 cond=000000 spread_ms=354 fw=leaderless-0.4 role=STA
r2-dfr1195: LORA-RX sender=2cab5f69 len=66 rssi=-50dBm masked=false
r2-dfr1195: HB<-esp-now from=2cab5f69 e=-0.079 spread=157ms (leaderless)
r2-dfr1195: LORA-RX sender=480e900e len=66 rssi=-33dBm masked=true
r2-dfr1195: FIRE seq=23 beat (leaderless)
r2-dfr1195: status beats=23 dlv=4 blk=0 synced=false nbrs=1 cond=000000 spread_ms=157 fw=leaderless-0.4 role=STA
r2-dfr1195: LORA-RX sender=2cab5f69 len=66 rssi=-50dBm masked=false
r2-dfr1195: HB<-esp-now from=2cab5f69 e=-0.256 spread=512ms (leaderless)
r2-dfr1195: LORA-RX sender=480e900e len=66 rssi=-33dBm masked=true
r2-dfr1195: LORA-RX sender=480e900e len=65 rssi=-33dBm masked=true
r2-dfr1195: LORA-RX sender=2cab5f69 len=65 rssi=-50dBm masked=false
r2-dfr1195: msg.rx a40007011af91c8911021a2cab5f69031a480e900e
r2-dfr1195: RX-EV msg_id=7 directed_via from=f91c8911 next_hop=2cab5f69 nbrs=1
r2-dfr1195: RELAY msg_id=7 ttl 4->3
r2-dfr1195: msg.relay a40007011af91c8911021a2cab5f69031a480e900e
r2-dfr1195: DELIVERED msg_id=7 '?' (tg+hmac ok)
r2-dfr1195: msg.delivered a40007011af91c89110200031a480e900e
r2-dfr1195: RT-REPLY -> 480e900e req_msg_id=7
r2-dfr1195: LORA-RX sender=2cab5f69 len=80 rssi=-50dBm masked=false
r2-dfr1195: RT-DBG REPLY replier=f91c8911 sender=2cab5f69 marker_origin=480e900e marker_msgid=7 in_window=true fwd_calls=8 uniq=8
r2-dfr1195: RT-DBG PATH to_dest=f91c8911 best_next_hop=2cab5f69 conf=586
r2-dfr1195: msg.rx a400198007011af91c8911021a2cab5f69031af91c8911
r2-dfr1195: RX-EV msg_id=32775 directed_via from=f91c8911 next_hop=2cab5f69 nbrs=1
r2-dfr1195: RELAY msg_id=32775 ttl 4->3
r2-dfr1195: msg.relay a400198007011af91c8911021a2cab5f69031af91c8911
r2-dfr1195: status beats=23 dlv=5 blk=0 synced=false nbrs=1 cond=000000 spread_ms=157 fw=leaderless-0.4 role=STA
r2-dfr1195: FIRE seq=24 beat (leaderless)
r2-dfr1195: HEALTH af001af91c8911011aea6c5a9d0204036d3139322e3136382e342e3136300469303632332e3131353305683365613765306563060007010819020009000a010b182b0c18180d000e01
r2-dfr1195: LORA-RX sender=2cab5f69 len=66 rssi=-50dBm masked=false
r2-dfr1195: HB<-esp-now from=2cab5f69 e=-0.205 spread=409ms (leaderless)
r2-dfr1195: LORA-RX sender=480e900e len=66 rssi=-33dBm masked=true
r2-dfr1195: status beats=24 dlv=5 blk=0 synced=false nbrs=1 cond=000000 spread_ms=512 fw=leaderless-0.4 role=STA
r2-dfr1195: FIRE seq=25 beat (leaderless)
r2-dfr1195: LORA-RX sender=2cab5f69 len=66 rssi=-50dBm masked=false
r2-dfr1195: HB<-esp-now from=2cab5f69 e=-0.266 spread=531ms (leaderless)
r2-dfr1195: LORA-RX sender=480e900e len=66 rssi=-33dBm masked=true
r2-dfr1195: status beats=25 dlv=5 blk=0 synced=false nbrs=1 cond=000000 spread_ms=409 fw=leaderless-0.4 role=STA
r2-dfr1195: FIRE seq=26 beat (leaderless)
r2-dfr1195: LORA-RX sender=2cab5f69 len=66 rssi=-50dBm masked=false
r2-dfr1195: HB<-esp-now from=2cab5f69 e=-0.313 spread=625ms (leaderless)
r2-dfr1195: LORA-RX sender=480e900e len=66 rssi=-33dBm masked=true
r2-dfr1195: LORA-RX sender=480e900e len=65 rssi=-33dBm masked=true
r2-dfr1195: LORA-RX sender=2cab5f69 len=65 rssi=-50dBm masked=false
r2-dfr1195: msg.rx a40008011af91c8911021a2cab5f69031a480e900e
r2-dfr1195: RX-EV msg_id=8 directed_via from=f91c8911 next_hop=2cab5f69 nbrs=1
r2-dfr1195: RELAY msg_id=8 ttl 4->3
r2-dfr1195: msg.relay a40008011af91c8911021a2cab5f69031a480e900e
r2-dfr1195: DELIVERED msg_id=8 '?' (tg+hmac ok)
r2-dfr1195: msg.delivered a40008011af91c89110200031a480e900e
r2-dfr1195: RT-REPLY -> 480e900e req_msg_id=8
r2-dfr1195: status beats=26 dlv=6 blk=0 synced=false nbrs=1 cond=000000 spread_ms=531 fw=leaderless-0.4 role=STA
r2-dfr1195: LORA-RX sender=2cab5f69 len=80 rssi=-50dBm masked=false
r2-dfr1195: RT-DBG REPLY replier=f91c8911 sender=2cab5f69 marker_origin=480e900e marker_msgid=8 in_window=true fwd_calls=10 uniq=10
r2-dfr1195: RT-DBG PATH to_dest=f91c8911 best_next_hop=2cab5f69 conf=666
r2-dfr1195: msg.rx a400198008011af91c8911021a2cab5f69031af91c8911
r2-dfr1195: RX-EV msg_id=32776 directed_via from=f91c8911 next_hop=2cab5f69 nbrs=1
r2-dfr1195: RELAY msg_id=32776 ttl 4->3
r2-dfr1195: msg.relay a400198008011af91c8911021a2cab5f69031af91c8911
r2-dfr1195: FIRE seq=27 beat (leaderless)
r2-dfr1195: HEALTH af001af91c8911011aea6c5a9d0204036d3139322e3136382e342e3136300469303632332e3131353305683365613765306563060007010819027109000a010b18320c181b0d000e01
r2-dfr1195: LORA-RX sender=2cab5f69 len=66 rssi=-52dBm masked=false
r2-dfr1195: HB<-esp-now from=2cab5f69 e=-0.179 spread=358ms (leaderless)
r2-dfr1195: LORA-RX sender=480e900e len=66 rssi=-33dBm masked=true
r2-dfr1195: status beats=27 dlv=6 blk=0 synced=false nbrs=1 cond=000000 spread_ms=625 fw=leaderless-0.4 role=STA
r2-dfr1195: FIRE seq=28 beat (leaderless)
r2-dfr1195: LORA-RX sender=2cab5f69 len=66 rssi=-50dBm masked=false
r2-dfr1195: HB<-esp-now from=2cab5f69 e=-0.178 spread=355ms (leaderless)
r2-dfr1195: LORA-RX sender=480e900e len=66 rssi=-33dBm masked=true
r2-dfr1195: status beats=28 dlv=6 blk=0 synced=false nbrs=1 cond=000000 spread_ms=358 fw=leaderless-0.4 role=STA
r2-dfr1195: FIRE seq=29 beat (leaderless)
r2-dfr1195: LORA-RX sender=2cab5f69 len=66 rssi=-50dBm masked=false
r2-dfr1195: HB<-esp-now from=2cab5f69 e=-0.209 spread=417ms (leaderless)
r2-dfr1195: LORA-RX sender=480e900e len=66 rssi=-33dBm masked=true
r2-dfr1195: status beats=29 dlv=6 blk=0 synced=false nbrs=1 cond=000000 spread_ms=355 fw=leaderless-0.4 role=STA
r2-dfr1195: LORA-RX sender=480e900e len=65 rssi=-33dBm masked=true
r2-dfr1195: LORA-RX sender=2cab5f69 len=65 rssi=-50dBm masked=false
r2-dfr1195: msg.rx a40009011af91c8911021a2cab5f69031a480e900e
r2-dfr1195: RX-EV msg_id=9 directed_via from=f91c8911 next_hop=2cab5f69 nbrs=1
r2-dfr1195: RELAY msg_id=9 ttl 4->3
r2-dfr1195: msg.relay a40009011af91c8911021a2cab5f69031a480e900e
r2-dfr1195: DELIVERED msg_id=9 '?' (tg+hmac ok)
r2-dfr1195: msg.delivered a40009011af91c89110200031a480e900e
r2-dfr1195: RT-REPLY -> 480e900e req_msg_id=9
r2-dfr1195: LORA-RX sender=2cab5f69 len=80 rssi=-50dBm masked=false
r2-dfr1195: RT-DBG REPLY replier=f91c8911 sender=2cab5f69 marker_origin=480e900e marker_msgid=9 in_window=true fwd_calls=12 uniq=12
r2-dfr1195: RT-DBG PATH to_dest=f91c8911 best_next_hop=2cab5f69 conf=731
r2-dfr1195: msg.rx a400198009011af91c8911021a2cab5f69031af91c8911
r2-dfr1195: RX-EV msg_id=32777 directed_via from=f91c8911 next_hop=2cab5f69 nbrs=1
r2-dfr1195: RELAY msg_id=32777 ttl 4->3
r2-dfr1195: msg.relay a400198009011af91c8911021a2cab5f69031af91c8911
r2-dfr1195: FIRE seq=30 beat (leaderless)
r2-dfr1195: HEALTH af001af91c8911011aea6c5a9d0204036d3139322e3136382e342e3136300469303632332e313135330568336561376530656306000701081901a109000a010b18390c181e0d000e01
r2-dfr1195: LORA-RX sender=2cab5f69 len=66 rssi=-50dBm masked=false
r2-dfr1195: HB<-esp-now from=2cab5f69 e=-0.220 spread=440ms (leaderless)
r2-dfr1195: status beats=30 dlv=7 blk=0 synced=false nbrs=1 cond=000000 spread_ms=417 fw=leaderless-0.4 role=STA
r2-dfr1195: LORA-RX sender=480e900e len=66 rssi=-33dBm masked=true
r2-dfr1195: LORA-RX sender=2cab5f69 len=66 rssi=-50dBm masked=false
r2-dfr1195: HB<-esp-now from=2cab5f69 e=-0.468 spread=935ms (leaderless)
r2-dfr1195: LORA-RX sender=480e900e len=66 rssi=-33dBm masked=true
r2-dfr1195: LORA-RX sender=2cab5f69 len=66 rssi=-50dBm masked=false
r2-dfr1195: HB<-esp-now from=2cab5f69 e=0.310 spread=619ms (leaderless)
r2-dfr1195: LORA-RX sender=480e900e len=66 rssi=-33dBm masked=true
r2-dfr1195: LORA-RX sender=480e900e len=65 rssi=-34dBm masked=true
r2-dfr1195: FIRE seq=31 beat (leaderless)
r2-dfr1195: status beats=31 dlv=7 blk=0 synced=false nbrs=1 cond=000000 spread_ms=619 fw=leaderless-0.4 role=STA
r2-dfr1195: LORA-RX sender=480e900e len=66 rssi=-33dBm masked=true
r2-dfr1195: LORA-RX sender=2cab5f69 len=66 rssi=-50dBm masked=false
r2-dfr1195: HB<-esp-now from=2cab5f69 e=0.135 spread=270ms (leaderless)
r2-dfr1195: status beats=31 dlv=7 blk=0 synced=false nbrs=1 cond=000000 spread_ms=619 fw=leaderless-0.4 role=STA
r2-dfr1195: FIRE seq=32 beat (leaderless)
r2-dfr1195: LORA-RX sender=480e900e len=66 rssi=-33dBm masked=true
r2-dfr1195: status beats=32 dlv=7 blk=0 synced=false nbrs=1 cond=000000 spread_ms=270 fw=leaderless-0.4 role=STA
r2-dfr1195: FIRE seq=33 beat (leaderless)
r2-dfr1195: HEALTH af001af91c8911011aea6c5a9d0204036d3139322e3136382e342e3136300469303632332e3131353305683365613765306563060007010819010e09000a010b183f0c18210d000e01
r2-dfr1195: status beats=33 dlv=7 blk=0 synced=false nbrs=1 cond=000000 spread_ms=270 fw=leaderless-0.4 role=STA
r2-dfr1195: LORA-RX sender=480e900e len=66 rssi=-33dBm masked=true
r2-dfr1195: LORA-RX sender=480e900e len=65 rssi=-33dBm masked=true
r2-dfr1195: LORA-RX sender=2cab5f69 len=65 rssi=-50dBm masked=false
r2-dfr1195: msg.rx a4000b011af91c8911021a2cab5f69031a480e900e
r2-dfr1195: RX-EV msg_id=11 directed_via from=f91c8911 next_hop=2cab5f69 nbrs=1
r2-dfr1195: RELAY msg_id=11 ttl 4->3
r2-dfr1195: msg.relay a4000b011af91c8911021a2cab5f69031a480e900e
r2-dfr1195: DELIVERED msg_id=11 '?' (tg+hmac ok)
r2-dfr1195: msg.delivered a4000b011af91c89110200031a480e900e
r2-dfr1195: RT-REPLY -> 480e900e req_msg_id=11
r2-dfr1195: FIRE seq=34 beat (leaderless)
r2-dfr1195: LORA-RX sender=2cab5f69 len=66 rssi=-50dBm masked=false
r2-dfr1195: HB<-esp-now from=2cab5f69 e=-0.143 spread=286ms (leaderless)
r2-dfr1195: status beats=34 dlv=8 blk=0 synced=false nbrs=1 cond=000000 spread_ms=270 fw=leaderless-0.4 role=STA
r2-dfr1195: LORA-RX sender=480e900e len=66 rssi=-33dBm masked=true
r2-dfr1195: FIRE seq=35 beat (leaderless)
r2-dfr1195: LORA-RX sender=2cab5f69 len=66 rssi=-50dBm masked=false
r2-dfr1195: HB<-esp-now from=2cab5f69 e=-0.351 spread=701ms (leaderless)
r2-dfr1195: status beats=35 dlv=8 blk=0 synced=false nbrs=1 cond=000000 spread_ms=286 fw=leaderless-0.4 role=STA
r2-dfr1195: FIRE seq=36 beat (leaderless)
r2-dfr1195: HEALTH af001af91c8911011aea6c5a9d0204036d3139322e3136382e342e3136300469303632332e313135330568336561376530656306000701081902bd09000a010b18460c18240d000e01
r2-dfr1195: LORA-RX sender=480e900e len=66 rssi=-33dBm masked=true
r2-dfr1195: LORA-RX sender=2cab5f69 len=66 rssi=-50dBm masked=false
r2-dfr1195: HB<-esp-now from=2cab5f69 e=-0.189 spread=378ms (leaderless)
r2-dfr1195: status beats=36 dlv=8 blk=0 synced=false nbrs=1 cond=000000 spread_ms=701 fw=leaderless-0.4 role=STA
r2-dfr1195: FIRE seq=37 beat (leaderless)
r2-dfr1195: LORA-RX sender=480e900e len=65 rssi=-33dBm masked=true
r2-dfr1195: status beats=37 dlv=8 blk=0 synced=false nbrs=1 cond=000000 spread_ms=378 fw=leaderless-0.4 role=STA
r2-dfr1195: LORA-RX sender=2cab5f69 len=65 rssi=-50dBm masked=false
r2-dfr1195: msg.rx a4000c011af91c8911021a2cab5f69031a480e900e
r2-dfr1195: RX-EV msg_id=12 directed_via from=f91c8911 next_hop=2cab5f69 nbrs=1
r2-dfr1195: RELAY msg_id=12 ttl 4->3
r2-dfr1195: msg.relay a4000c011af91c8911021a2cab5f69031a480e900e
r2-dfr1195: DELIVERED msg_id=12 '?' (tg+hmac ok)
r2-dfr1195: msg.delivered a4000c011af91c89110200031a480e900e
r2-dfr1195: RT-REPLY -> 480e900e req_msg_id=12
r2-dfr1195: LORA-RX sender=2cab5f69 len=81 rssi=-50dBm masked=false
r2-dfr1195: RT-DBG REPLY replier=f91c8911 sender=2cab5f69 marker_origin=480e900e marker_msgid=12 in_window=true fwd_calls=15 uniq=15
r2-dfr1195: RT-DBG PATH to_dest=f91c8911 best_next_hop=2cab5f69 conf=777
r2-dfr1195: msg.rx a40019800c011af91c8911021a2cab5f69031af91c8911
r2-dfr1195: RX-EV msg_id=32780 directed_via from=f91c8911 next_hop=2cab5f69 nbrs=1
r2-dfr1195: RELAY msg_id=32780 ttl 4->3
r2-dfr1195: msg.relay a40019800c011af91c8911021a2cab5f69031af91c8911
r2-dfr1195: FIRE seq=38 beat (leaderless)
r2-dfr1195: status beats=38 dlv=9 blk=0 synced=false nbrs=1 cond=000000 spread_ms=378 fw=leaderless-0.4 role=STA
r2-dfr1195: LORA-RX sender=2cab5f69 len=66 rssi=-50dBm masked=false
r2-dfr1195: HB<-esp-now from=2cab5f69 e=-0.159 spread=317ms (leaderless)
r2-dfr1195: LORA-RX sender=480e900e len=66 rssi=-33dBm masked=true
r2-dfr1195: LORA-RX sender=2cab5f69 len=66 rssi=-50dBm masked=false
r2-dfr1195: HB<-esp-now from=2cab5f69 e=-0.382 spread=763ms (leaderless)
r2-dfr1195: status beats=38 dlv=9 blk=0 synced=false nbrs=1 cond=000000 spread_ms=378 fw=leaderless-0.4 role=STA
r2-dfr1195: FIRE seq=39 beat (leaderless)
r2-dfr1195: HEALTH af001af91c8911011aea6c5a9d0204036d3139322e3136382e342e3136300469303632332e313135330568336561376530656306000701081902fb09000a010b184e0c18270d000e01
r2-dfr1195: LORA-RX sender=480e900e len=66 rssi=-33dBm masked=true
r2-dfr1195: LORA-RX sender=2cab5f69 len=66 rssi=-50dBm masked=false
r2-dfr1195: HB<-esp-now from=2cab5f69 e=-0.479 spread=957ms (leaderless)
r2-dfr1195: status beats=39 dlv=9 blk=0 synced=false nbrs=1 cond=000000 spread_ms=763 fw=leaderless-0.4 role=STA
r2-dfr1195: FIRE seq=40 beat (leaderless)
r2-dfr1195: LORA-RX sender=480e900e len=66 rssi=-33dBm masked=true
r2-dfr1195: LORA-RX sender=480e900e len=65 rssi=-33dBm masked=true
r2-dfr1195: LORA-RX sender=2cab5f69 len=65 rssi=-52dBm masked=false
r2-dfr1195: msg.rx a4000d011af91c8911021a2cab5f69031a480e900e
r2-dfr1195: RX-EV msg_id=13 directed_via from=f91c8911 next_hop=2cab5f69 nbrs=1
r2-dfr1195: RELAY msg_id=13 ttl 4->3
r2-dfr1195: msg.relay a4000d011af91c8911021a2cab5f69031a480e900e
r2-dfr1195: DELIVERED msg_id=13 '?' (tg+hmac ok)
r2-dfr1195: msg.delivered a4000d011af91c89110200031a480e900e
r2-dfr1195: RT-REPLY -> 480e900e req_msg_id=13
r2-dfr1195: LORA-RX sender=2cab5f69 len=81 rssi=-50dBm masked=false
r2-dfr1195: RT-DBG REPLY replier=f91c8911 sender=2cab5f69 marker_origin=480e900e marker_msgid=13 in_window=true fwd_calls=17 uniq=17
r2-dfr1195: RT-DBG PATH to_dest=f91c8911 best_next_hop=2cab5f69 conf=819
r2-dfr1195: msg.rx a40019800d011af91c8911021a2cab5f69031af91c8911
r2-dfr1195: RX-EV msg_id=32781 directed_via from=f91c8911 next_hop=2cab5f69 nbrs=1
r2-dfr1195: RELAY msg_id=32781 ttl 4->3
r2-dfr1195: msg.relay a40019800d011af91c8911021a2cab5f69031af91c8911
r2-dfr1195: status beats=40 dlv=10 blk=0 synced=false nbrs=1 cond=000000 spread_ms=957 fw=leaderless-0.4 role=STA
r2-dfr1195: FIRE seq=41 beat (leaderless)
r2-dfr1195: LORA-RX sender=480e900e len=66 rssi=-33dBm masked=true
r2-dfr1195: status beats=41 dlv=10 blk=0 synced=false nbrs=1 cond=000000 spread_ms=957 fw=leaderless-0.4 role=STA
r2-dfr1195: LORA-RX sender=2cab5f69 len=66 rssi=-50dBm masked=false
r2-dfr1195: HB<-esp-now from=2cab5f69 e=0.412 spread=823ms (leaderless)
r2-dfr1195: FIRE seq=42 beat (leaderless)
r2-dfr1195: HEALTH af001af91c8911011aea6c5a9d0204036d3139322e3136382e342e3136300469303632332e3131353305683365613765306563060007010819033709000a010b18550c182a0d000e01
r2-dfr1195: LORA-RX sender=480e900e len=66 rssi=-33dBm masked=true
r2-dfr1195: status beats=42 dlv=10 blk=0 synced=false nbrs=1 cond=000000 spread_ms=823 fw=leaderless-0.4 role=STA
r2-dfr1195: LORA-RX sender=2cab5f69 len=66 rssi=-50dBm masked=false
r2-dfr1195: HB<-esp-now from=2cab5f69 e=-0.448 spread=896ms (leaderless)
r2-dfr1195: FIRE seq=43 beat (leaderless)
r2-dfr1195: LORA-RX sender=480e900e len=66 rssi=-33dBm masked=true
r2-dfr1195: status beats=43 dlv=10 blk=0 synced=false nbrs=1 cond=000000 spread_ms=896 fw=leaderless-0.4 role=STA
r2-dfr1195: LORA-RX sender=480e900e len=65 rssi=-33dBm masked=true
r2-dfr1195: LORA-RX sender=2cab5f69 len=65 rssi=-50dBm masked=false
r2-dfr1195: msg.rx a4000e011af91c8911021a2cab5f69031a480e900e
r2-dfr1195: RX-EV msg_id=14 directed_via from=f91c8911 next_hop=2cab5f69 nbrs=1
r2-dfr1195: RELAY msg_id=14 ttl 4->3
r2-dfr1195: msg.relay a4000e011af91c8911021a2cab5f69031a480e900e
r2-dfr1195: DELIVERED msg_id=14 '?' (tg+hmac ok)
r2-dfr1195: msg.delivered a4000e011af91c89110200031a480e900e
r2-dfr1195: RT-REPLY -> 480e900e req_msg_id=14
r2-dfr1195: LORA-RX sender=2cab5f69 len=81 rssi=-50dBm masked=false
r2-dfr1195: RT-DBG REPLY replier=f91c8911 sender=2cab5f69 marker_origin=480e900e marker_msgid=14 in_window=true fwd_calls=19 uniq=19
r2-dfr1195: RT-DBG PATH to_dest=f91c8911 best_next_hop=2cab5f69 conf=852
r2-dfr1195: msg.rx a40019800e011af91c8911021a2cab5f69031af91c8911
r2-dfr1195: RX-EV msg_id=32782 directed_via from=f91c8911 next_hop=2cab5f69 nbrs=1
r2-dfr1195: RELAY msg_id=32782 ttl 4->3
r2-dfr1195: msg.relay a40019800e011af91c8911021a2cab5f69031af91c8911
r2-dfr1195: FIRE seq=44 beat (leaderless)
r2-dfr1195: status beats=44 dlv=11 blk=0 synced=false nbrs=1 cond=000000 spread_ms=896 fw=leaderless-0.4 role=STA
r2-dfr1195: LORA-RX sender=480e900e len=66 rssi=-33dBm masked=true
r2-dfr1195: LORA-RX sender=2cab5f69 len=66 rssi=-50dBm masked=false
r2-dfr1195: HB<-esp-now from=2cab5f69 e=0.201 spread=401ms (leaderless)
r2-dfr1195: FIRE seq=45 beat (leaderless)
r2-dfr1195: HEALTH af001af91c8911011aea6c5a9d0204036d3139322e3136382e342e3136300469303632332e3131353305683365613765306563060007010819019109000a010b185b0c182d0d000e01
r2-dfr1195: status beats=45 dlv=11 blk=0 synced=false nbrs=1 cond=000000 spread_ms=401 fw=leaderless-0.4 role=STA
r2-dfr1195: LORA-RX sender=480e900e len=66 rssi=-33dBm masked=true
r2-dfr1195: LORA-RX sender=2cab5f69 len=66 rssi=-52dBm masked=false
r2-dfr1195: HB<-esp-now from=2cab5f69 e=0.236 spread=471ms (leaderless)
r2-dfr1195: status beats=45 dlv=11 blk=0 synced=false nbrs=1 cond=000000 spread_ms=401 fw=leaderless-0.4 role=STA
r2-dfr1195: FIRE seq=46 beat (leaderless)
r2-dfr1195: LORA-RX sender=480e900e len=66 rssi=-33dBm masked=true
r2-dfr1195: LORA-RX sender=480e900e len=65 rssi=-33dBm masked=true
r2-dfr1195: LORA-RX sender=2cab5f69 len=65 rssi=-50dBm masked=false
r2-dfr1195: msg.rx a4000f011af91c8911021a2cab5f69031a480e900e
r2-dfr1195: RX-EV msg_id=15 directed_via from=f91c8911 next_hop=2cab5f69 nbrs=1
r2-dfr1195: RELAY msg_id=15 ttl 4->3
r2-dfr1195: msg.relay a4000f011af91c8911021a2cab5f69031a480e900e
r2-dfr1195: DELIVERED msg_id=15 '?' (tg+hmac ok)
r2-dfr1195: msg.delivered a4000f011af91c89110200031a480e900e
r2-dfr1195: RT-REPLY -> 480e900e req_msg_id=15
r2-dfr1195: LORA-RX sender=2cab5f69 len=81 rssi=-50dBm masked=false
r2-dfr1195: RT-DBG REPLY replier=f91c8911 sender=2cab5f69 marker_origin=480e900e marker_msgid=15 in_window=true fwd_calls=21 uniq=21
r2-dfr1195: RT-DBG PATH to_dest=f91c8911 best_next_hop=2cab5f69 conf=878
r2-dfr1195: msg.rx a40019800f011af91c8911021a2cab5f69031af91c8911
r2-dfr1195: RX-EV msg_id=32783 directed_via from=f91c8911 next_hop=2cab5f69 nbrs=1
r2-dfr1195: RELAY msg_id=32783 ttl 4->3
r2-dfr1195: msg.relay a40019800f011af91c8911021a2cab5f69031af91c8911
r2-dfr1195: status beats=46 dlv=12 blk=0 synced=false nbrs=1 cond=000000 spread_ms=471 fw=leaderless-0.4 role=STA
r2-dfr1195: LORA-RX sender=2cab5f69 len=66 rssi=-50dBm masked=false
r2-dfr1195: HB<-esp-now from=2cab5f69 e=0.045 spread=89ms (leaderless)
r2-dfr1195: FIRE seq=47 beat (leaderless)
r2-dfr1195: LORA-RX sender=2cab5f69 len=66 rssi=-50dBm masked=false
r2-dfr1195: HB<-esp-now from=2cab5f69 e=-0.200 spread=400ms (leaderless)
r2-dfr1195: LORA-RX sender=480e900e len=66 rssi=-33dBm masked=true
r2-dfr1195: LORA-RX sender=2cab5f69 len=66 rssi=-50dBm masked=false
r2-dfr1195: HB<-esp-now from=2cab5f69 e=-0.473 spread=945ms (leaderless)
r2-dfr1195: status beats=47 dlv=12 blk=0 synced=false nbrs=1 cond=000000 spread_ms=89 fw=leaderless-0.4 role=STA
r2-dfr1195: FIRE seq=48 beat (leaderless)
r2-dfr1195: HEALTH af001af91c8911011aea6c5a9d0204036d3139322e3136382e342e3136300469303632332e313135330568336561376530656306000701081903b109000a010b18620c18300d000e01
r2-dfr1195: LORA-RX sender=480e900e len=66 rssi=-33dBm masked=true
r2-dfr1195: LORA-RX sender=2cab5f69 len=66 rssi=-50dBm masked=false
r2-dfr1195: HB<-esp-now from=2cab5f69 e=-0.410 spread=820ms (leaderless)
r2-dfr1195: status beats=48 dlv=12 blk=0 synced=false nbrs=1 cond=000000 spread_ms=945 fw=leaderless-0.4 role=STA
r2-dfr1195: FIRE seq=49 beat (leaderless)
r2-dfr1195: LORA-RX sender=480e900e len=66 rssi=-33dBm masked=true
r2-dfr1195: LORA-RX sender=480e900e len=65 rssi=-33dBm masked=true
r2-dfr1195: LORA-RX sender=2cab5f69 len=65 rssi=-50dBm masked=false
r2-dfr1195: msg.rx a40010011af91c8911021a2cab5f69031a480e900e
r2-dfr1195: RX-EV msg_id=16 directed_via from=f91c8911 next_hop=2cab5f69 nbrs=1
r2-dfr1195: RELAY msg_id=16 ttl 4->3
r2-dfr1195: msg.relay a40010011af91c8911021a2cab5f69031a480e900e
r2-dfr1195: DELIVERED msg_id=16 '?' (tg+hmac ok)
r2-dfr1195: msg.delivered a40010011af91c89110200031a480e900e
r2-dfr1195: RT-REPLY -> 480e900e req_msg_id=16
r2-dfr1195: status beats=49 dlv=13 blk=0 synced=false nbrs=1 cond=000000 spread_ms=820 fw=leaderless-0.4 role=STA
r2-dfr1195: LORA-RX sender=2cab5f69 len=81 rssi=-50dBm masked=false
r2-dfr1195: RT-DBG REPLY replier=f91c8911 sender=2cab5f69 marker_origin=480e900e marker_msgid=16 in_window=true fwd_calls=23 uniq=23
r2-dfr1195: RT-DBG PATH to_dest=f91c8911 best_next_hop=2cab5f69 conf=899
r2-dfr1195: msg.rx a400198010011af91c8911021a2cab5f69031af91c8911
r2-dfr1195: RX-EV msg_id=32784 directed_via from=f91c8911 next_hop=2cab5f69 nbrs=1
r2-dfr1195: RELAY msg_id=32784 ttl 4->3
r2-dfr1195: msg.relay a400198010011af91c8911021a2cab5f69031af91c8911
r2-dfr1195: FIRE seq=50 beat (leaderless)
r2-dfr1195: status beats=50 dlv=13 blk=0 synced=false nbrs=1 cond=000000 spread_ms=820 fw=leaderless-0.4 role=STA
r2-dfr1195: FIRE seq=51 beat (leaderless)
r2-dfr1195: HEALTH af001af91c8911011aea6c5a9d0204036d3139322e3136382e342e3136300469303632332e3131353305683365613765306563060007010819033409000a010b18690c18330d000e01
r2-dfr1195: status beats=51 dlv=13 blk=0 synced=false nbrs=1 cond=000000 spread_ms=820 fw=leaderless-0.4 role=STA
r2-dfr1195: LORA-RX sender=480e900e len=66 rssi=-34dBm masked=true
r2-dfr1195: FIRE seq=52 beat (leaderless)
r2-dfr1195: status beats=52 dlv=13 blk=0 synced=false nbrs=0 cond=000000 spread_ms=820 fw=leaderless-0.4 role=STA
r2-dfr1195: LORA-RX sender=480e900e len=66 rssi=-33dBm masked=true
r2-dfr1195: LORA-RX sender=480e900e len=65 rssi=-31dBm masked=true
r2-dfr1195: status beats=52 dlv=13 blk=0 synced=false nbrs=0 cond=000000 spread_ms=820 fw=leaderless-0.4 role=STA
r2-dfr1195: FIRE seq=53 beat (leaderless)
r2-dfr1195: status beats=53 dlv=13 blk=0 synced=false nbrs=0 cond=000000 spread_ms=820 fw=leaderless-0.4 role=STA
r2-dfr1195: FIRE seq=54 beat (leaderless)
r2-dfr1195: HEALTH af001af91c8911011aea6c5a9d0204036d3139322e3136382e342e3136300469303632332e3131353305683365613765306563060007010819033409000a010b18700c18360d000e00
r2-dfr1195: status beats=54 dlv=13 blk=0 synced=false nbrs=0 cond=000000 spread_ms=820 fw=leaderless-0.4 role=STA
r2-dfr1195: FIRE seq=55 beat (leaderless)
r2-dfr1195: LORA-RX sender=480e900e len=66 rssi=-33dBm masked=true
r2-dfr1195: LORA-RX sender=480e900e len=65 rssi=-33dBm masked=true
r2-dfr1195: LORA-RX sender=2cab5f69 len=65 rssi=-50dBm masked=false
r2-dfr1195: msg.rx a40012011af91c8911021a2cab5f69031a480e900e
r2-dfr1195: RX-EV msg_id=18 directed_via from=f91c8911 next_hop=2cab5f69 nbrs=1
r2-dfr1195: RELAY msg_id=18 ttl 4->3
r2-dfr1195: msg.relay a40012011af91c8911021a2cab5f69031a480e900e
r2-dfr1195: DELIVERED msg_id=18 '?' (tg+hmac ok)
r2-dfr1195: msg.delivered a40012011af91c89110200031a480e900e
r2-dfr1195: RT-REPLY -> 480e900e req_msg_id=18
r2-dfr1195: status beats=55 dlv=14 blk=0 synced=false nbrs=0 cond=000000 spread_ms=820 fw=leaderless-0.4 role=STA
r2-dfr1195: LORA-RX sender=2cab5f69 len=81 rssi=-50dBm masked=false
r2-dfr1195: RT-DBG REPLY replier=f91c8911 sender=2cab5f69 marker_origin=480e900e marker_msgid=18 in_window=true fwd_calls=25 uniq=25
r2-dfr1195: RT-DBG PATH to_dest=f91c8911 best_next_hop=2cab5f69 conf=912
r2-dfr1195: msg.rx a400198012011af91c8911021a2cab5f69031af91c8911
r2-dfr1195: RX-EV msg_id=32786 directed_via from=f91c8911 next_hop=2cab5f69 nbrs=1
r2-dfr1195: RELAY msg_id=32786 ttl 4->3
r2-dfr1195: msg.relay a400198012011af91c8911021a2cab5f69031af91c8911
r2-dfr1195: FIRE seq=56 beat (leaderless)
r2-dfr1195: LORA-RX sender=480e900e len=66 rssi=-33dBm masked=true
