[2026-06-22T22:12:24Z INFO ] Serial port: '/dev/ttyACM3'
[2026-06-22T22:12:24Z INFO ] Connecting...
[2026-06-22T22:12:24Z INFO ] Using flash stub
ESP-ROM:esp32s3-20210327
Build:Mar 27 2021
rst:0x15 (USB_UART_CHIP_RESET),boot:0x8 (SPI_FAST_FLASH_BOOT)
Saved PC:0x40378f09
SPIWP:0xee
mode:DIO, clock div:2
load:0x3fce2820,len:0x158c
load:0x403c8700,len:0xd24
load:0x403cb700,len:0x2f34
entry 0x403c8924
I (27) boot: ESP-IDF v5.5.1-838-gd66ebb86d2e 2nd stage bootloader
I (27) boot: compile time Nov 26 2025 12:27:56
I (27) boot: Multicore bootloader
I (29) boot: chip revision: v0.1
I (31) boot: efuse block revision: v1.2
I (35) boot.esp32s3: Boot SPI Speed : 40MHz
I (39) boot.esp32s3: SPI Mode       : DIO
I (43) boot.esp32s3: SPI Flash Size : 4MB
I (46) boot: Enabling RNG early entropy source...
I (51) boot: Partition Table:
I (53) boot: ## Label            Usage          Type ST Offset   Length
I (60) boot:  0 nvs              WiFi data        01 02 00009000 00006000
I (66) boot:  1 otadata          OTA data         01 00 0000f000 00002000
I (73) boot:  2 phy_init         RF data          01 01 00011000 00001000
I (79) boot:  3 ota_0            OTA app          00 10 00020000 001e0000
I (86) boot:  4 ota_1            OTA app          00 11 00200000 001e0000
I (92) boot: End of partition table
I (96) esp_image: segment 0: paddr=00020020 vaddr=3c000020 size=149f4h ( 84468) map
I (124) esp_image: segment 1: paddr=00034a1c vaddr=3fc926d8 size=04324h ( 17188) load
I (129) esp_image: segment 2: paddr=00038d48 vaddr=40378000 size=072d0h ( 29392) load
I (138) esp_image: segment 3: paddr=00040020 vaddr=42020020 size=677c4h (423876) map
I (242) esp_image: segment 4: paddr=000a77ec vaddr=4037f2d0 size=03408h ( 13320) load
I (251) boot: Loaded app from partition at offset 0x20000
I (251) boot: Disabling RNG early entropy source...
r2-dfr1195: OTA slot=ota_0 (otadata slot-switch verified — test b PASS)
r2-dfr1195: PROVISIONED TG restored from NVS — tg_id=3932969629 (overrides persona/demo)
r2-dfr1195: MASK restored from NVS — 1 allowed neighbours
r2-dfr1195: PHASE 1a — esp-rtos/embassy + esp-radio (build 0623.0941)
r2-dfr1195: DEV 529928 hive=06ae082b TG=4b3df45d-5fbb-44b8-9613-7a6423927761 (persona=true) role=STA
r2-dfr1195: carrier has_screen=true led_active_low=false
r2-dfr1195: net — STA 192.168.4.40 (peer 192.168.4.1)
r2-dfr1195: BLE+WiFi-join OFF (nobt) — pure ESP-NOW ch1, no coex contention
r2-dfr1195: ESP-NOW mesh up (hive 06ae082b) ch1 — heartbeat over ESP-NOW broadcast
r2-dfr1195: FIRE seq=2 beat (leaderless)
r2-dfr1195: ESP-NOW peer MAPPED hive=f91c8911 mac=xx:xx:xx:xx:xx:xx
r2-dfr1195: HB<-esp-now from=f91c8911 e=-0.075 spread=149ms (leaderless)
r2-dfr1195: status beats=2 dlv=0 blk=0 synced=false nbrs=0 cond=000000 spread_ms=0 fw=leaderless-0.4 role=STA
r2-dfr1195: HB<-esp-now from=f91c8911 e=0.006 spread=12ms (leaderless)
r2-dfr1195: status beats=2 dlv=0 blk=0 synced=true nbrs=0 cond=000000 spread_ms=0 fw=leaderless-0.4 role=STA
r2-dfr1195: HB<-esp-now from=f91c8911 e=0.022 spread=44ms (leaderless)
r2-dfr1195: status beats=2 dlv=0 blk=0 synced=true nbrs=0 cond=000000 spread_ms=0 fw=leaderless-0.4 role=STA
r2-dfr1195: FIRE seq=3 beat (leaderless)
r2-dfr1195: HEALTH af001a06ae082b011aea6c5a9d0204036c3139322e3136382e342e34300469303632332e30393431056836633864613966650600070208182c09000a010b070c030d000e01
r2-dfr1195: status beats=3 dlv=0 blk=0 synced=true nbrs=1 cond=000000 spread_ms=44 fw=leaderless-0.4 role=STA
r2-dfr1195: HB<-esp-now from=f91c8911 e=0.022 spread=43ms (leaderless)
r2-dfr1195: status beats=3 dlv=0 blk=0 synced=true nbrs=1 cond=000000 spread_ms=44 fw=leaderless-0.4 role=STA
r2-dfr1195: FIRE seq=4 beat (leaderless)
r2-dfr1195: status beats=4 dlv=0 blk=0 synced=true nbrs=1 cond=000000 spread_ms=43 fw=leaderless-0.4 role=STA
r2-dfr1195: FIRE seq=5 beat (leaderless)
r2-dfr1195: HB<-esp-now from=f91c8911 e=-0.003 spread=6ms (leaderless)
r2-dfr1195: FIRE seq=6 beat (leaderless)
r2-dfr1195: HEALTH af001a06ae082b011aea6c5a9d0204036c3139322e3136382e342e34300469303632332e303934310568366338646139666506000702080609000a010b0d0c060d000e01
r2-dfr1195: HB<-esp-now from=f91c8911 e=-0.023 spread=46ms (leaderless)
r2-dfr1195: FIRE seq=7 beat (leaderless)
r2-dfr1195: HB<-esp-now from=f91c8911 e=-0.022 spread=43ms (leaderless)
r2-dfr1195: FIRE seq=8 beat (leaderless)
r2-dfr1195: HB<-esp-now from=f91c8911 e=-0.022 spread=43ms (leaderless)
r2-dfr1195: FIRE seq=9 beat (leaderless)
r2-dfr1195: HEALTH af001a06ae082b011aea6c5a9d0204036c3139322e3136382e342e34300469303632332e30393431056836633864613966650600070208182b09000a010b0e0c090d000e01
r2-dfr1195: HB<-esp-now from=f91c8911 e=-0.022 spread=43ms (leaderless)
r2-dfr1195: FIRE seq=10 beat (leaderless)
r2-dfr1195: HB<-esp-now from=f91c8911 e=-0.022 spread=43ms (leaderless)
r2-dfr1195: FIRE seq=11 beat (leaderless)
r2-dfr1195: HB<-esp-now from=f91c8911 e=-0.022 spread=43ms (leaderless)
r2-dfr1195: FIRE seq=12 beat (leaderless)
r2-dfr1195: HEALTH af001a06ae082b011aea6c5a9d0204036c3139322e3136382e342e34300469303632332e30393431056836633864613966650600070208182b09000a010b0e0c0c0d000e01
r2-dfr1195: HB<-esp-now from=f91c8911 e=-0.022 spread=43ms (leaderless)
r2-dfr1195: FIRE seq=13 beat (leaderless)
r2-dfr1195: HB<-esp-now from=f91c8911 e=-0.022 spread=43ms (leaderless)
r2-dfr1195: HB<-esp-now from=f91c8911 e=0.003 spread=6ms (leaderless)
r2-dfr1195: status beats=13 dlv=0 blk=0 synced=true nbrs=1 cond=000000 spread_ms=43 fw=leaderless-0.4 role=STA
r2-dfr1195: FIRE seq=14 beat (leaderless)
r2-dfr1195: HB<-esp-now from=f91c8911 e=-0.001 spread=2ms (leaderless)
r2-dfr1195: FIRE seq=15 beat (leaderless)
r2-dfr1195: HEALTH af001a06ae082b011aea6c5a9d0204036c3139322e3136382e342e34300469303632332e303934310568366338646139666506000702080209000a010b100c0f0d000e01
r2-dfr1195: HB<-esp-now from=f91c8911 e=-0.024 spread=48ms (leaderless)
r2-dfr1195: FIRE seq=16 beat (leaderless)
r2-dfr1195: HB<-esp-now from=f91c8911 e=-0.022 spread=43ms (leaderless)
r2-dfr1195: FIRE seq=17 beat (leaderless)
r2-dfr1195: status beats=17 dlv=0 blk=0 synced=true nbrs=1 cond=000000 spread_ms=43 fw=leaderless-0.4 role=STA
r2-dfr1195: RX-EV msg_id=3 flooded from=06ae082b fanout=1 nbrs=1
r2-dfr1195: RELAY msg_id=3 ttl 3->2
r2-dfr1195: DELIVERED msg_id=3 '?' (tg+hmac ok)
r2-dfr1195: RT-REPLY -> 480e900e req_msg_id=3
r2-dfr1195: RT-DBG REPLY replier=06ae082b sender=f91c8911 marker_origin=480e900e marker_msgid=3 in_window=true fwd_calls=1 uniq=1
r2-dfr1195: RT-DBG PATH to_dest=06ae082b best_next_hop=f91c8911 conf=200
r2-dfr1195: RX-EV msg_id=32771 directed_via from=06ae082b next_hop=f91c8911 nbrs=1
r2-dfr1195: RELAY msg_id=32771 ttl 4->3
r2-dfr1195: FIRE seq=18 beat (leaderless)
r2-dfr1195: HEALTH af001a06ae082b011aea6c5a9d0204036c3139322e3136382e342e34300469303632332e30393431056836633864613966650600070208182b09000a010b120c120d000e01
r2-dfr1195: status beats=18 dlv=1 blk=0 synced=true nbrs=1 cond=000000 spread_ms=43 fw=leaderless-0.4 role=STA
r2-dfr1195: FIRE seq=19 beat (leaderless)
r2-dfr1195: HB<-esp-now from=f91c8911 e=-0.121 spread=241ms (leaderless)
r2-dfr1195: status beats=19 dlv=1 blk=0 synced=false nbrs=1 cond=000000 spread_ms=43 fw=leaderless-0.4 role=STA
r2-dfr1195: FIRE seq=20 beat (leaderless)
r2-dfr1195: HB<-esp-now from=f91c8911 e=-0.098 spread=195ms (leaderless)
r2-dfr1195: status beats=20 dlv=1 blk=0 synced=false nbrs=1 cond=000000 spread_ms=241 fw=leaderless-0.4 role=STA
r2-dfr1195: FIRE seq=21 beat (leaderless)
r2-dfr1195: HEALTH af001a06ae082b011aea6c5a9d0204036c3139322e3136382e342e34300469303632332e3039343105683663386461396665060007010818c309000a010b18180c150d000e01
r2-dfr1195: status beats=21 dlv=1 blk=0 synced=false nbrs=1 cond=000000 spread_ms=195 fw=leaderless-0.4 role=STA
r2-dfr1195: HB<-esp-now from=f91c8911 e=-0.081 spread=162ms (leaderless)
r2-dfr1195: RX-EV msg_id=4 directed_via from=06ae082b next_hop=f91c8911 nbrs=1
r2-dfr1195: RELAY msg_id=4 ttl 3->2
r2-dfr1195: DELIVERED msg_id=4 '?' (tg+hmac ok)
r2-dfr1195: RT-REPLY -> 480e900e req_msg_id=4
r2-dfr1195: RT-DBG REPLY replier=06ae082b sender=f91c8911 marker_origin=480e900e marker_msgid=4 in_window=true fwd_calls=3 uniq=3
r2-dfr1195: RT-DBG PATH to_dest=06ae082b best_next_hop=f91c8911 conf=359
r2-dfr1195: RX-EV msg_id=32772 directed_via from=06ae082b next_hop=f91c8911 nbrs=1
r2-dfr1195: RELAY msg_id=32772 ttl 4->3
r2-dfr1195: status beats=21 dlv=2 blk=0 synced=false nbrs=1 cond=000000 spread_ms=195 fw=leaderless-0.4 role=STA
r2-dfr1195: FIRE seq=22 beat (leaderless)
r2-dfr1195: HB<-esp-now from=f91c8911 e=-0.070 spread=139ms (leaderless)
r2-dfr1195: status beats=22 dlv=2 blk=0 synced=false nbrs=1 cond=000000 spread_ms=162 fw=leaderless-0.4 role=STA
r2-dfr1195: HB<-esp-now from=f91c8911 e=0.013 spread=25ms (leaderless)
r2-dfr1195: status beats=22 dlv=2 blk=0 synced=true nbrs=1 cond=000000 spread_ms=162 fw=leaderless-0.4 role=STA
r2-dfr1195: FIRE seq=23 beat (leaderless)
r2-dfr1195: RX-EV msg_id=5 directed_via from=06ae082b next_hop=f91c8911 nbrs=1
r2-dfr1195: RELAY msg_id=5 ttl 3->2
r2-dfr1195: DELIVERED msg_id=5 '?' (tg+hmac ok)
r2-dfr1195: RT-REPLY -> 480e900e req_msg_id=5
r2-dfr1195: RT-DBG REPLY replier=06ae082b sender=f91c8911 marker_origin=480e900e marker_msgid=5 in_window=true fwd_calls=5 uniq=5
r2-dfr1195: RT-DBG PATH to_dest=06ae082b best_next_hop=f91c8911 conf=486
r2-dfr1195: RX-EV msg_id=32773 directed_via from=06ae082b next_hop=f91c8911 nbrs=1
r2-dfr1195: RELAY msg_id=32773 ttl 4->3
r2-dfr1195: status beats=23 dlv=3 blk=0 synced=true nbrs=1 cond=000000 spread_ms=25 fw=leaderless-0.4 role=STA
r2-dfr1195: FIRE seq=24 beat (leaderless)
r2-dfr1195: HEALTH af001a06ae082b011aea6c5a9d0204036c3139322e3136382e342e34300469303632332e30393431056836633864613966650600070208181909000a010b18210c18180d000e01
r2-dfr1195: HB<-esp-now from=f91c8911 e=-0.047 spread=93ms (leaderless)
r2-dfr1195: status beats=24 dlv=3 blk=0 synced=false nbrs=1 cond=000000 spread_ms=25 fw=leaderless-0.4 role=STA
r2-dfr1195: HB<-esp-now from=f91c8911 e=0.024 spread=48ms (leaderless)
r2-dfr1195: status beats=24 dlv=3 blk=0 synced=true nbrs=1 cond=000000 spread_ms=25 fw=leaderless-0.4 role=STA
r2-dfr1195: HB<-esp-now from=f91c8911 e=0.001 spread=1ms (leaderless)
r2-dfr1195: RX-EV msg_id=6 directed_via from=06ae082b next_hop=f91c8911 nbrs=1
r2-dfr1195: RELAY msg_id=6 ttl 3->2
r2-dfr1195: DELIVERED msg_id=6 '?' (tg+hmac ok)
r2-dfr1195: RT-REPLY -> 480e900e req_msg_id=6
r2-dfr1195: RT-DBG REPLY replier=06ae082b sender=f91c8911 marker_origin=480e900e marker_msgid=6 in_window=true fwd_calls=7 uniq=7
r2-dfr1195: RT-DBG PATH to_dest=06ae082b best_next_hop=f91c8911 conf=588
r2-dfr1195: RX-EV msg_id=32774 directed_via from=06ae082b next_hop=f91c8911 nbrs=1
r2-dfr1195: RELAY msg_id=32774 ttl 4->3
r2-dfr1195: status beats=24 dlv=4 blk=0 synced=true nbrs=1 cond=000000 spread_ms=25 fw=leaderless-0.4 role=STA
r2-dfr1195: HB<-esp-now from=f91c8911 e=0.003 spread=6ms (leaderless)
r2-dfr1195: status beats=24 dlv=4 blk=0 synced=true nbrs=1 cond=000000 spread_ms=25 fw=leaderless-0.4 role=STA
r2-dfr1195: HB<-esp-now from=f91c8911 e=0.002 spread=4ms (leaderless)
r2-dfr1195: status beats=24 dlv=4 blk=0 synced=true nbrs=1 cond=000000 spread_ms=25 fw=leaderless-0.4 role=STA
r2-dfr1195: HB<-esp-now from=f91c8911 e=0.003 spread=5ms (leaderless)
r2-dfr1195: RX-EV msg_id=7 directed_via from=06ae082b next_hop=f91c8911 nbrs=1
r2-dfr1195: RELAY msg_id=7 ttl 3->2
r2-dfr1195: DELIVERED msg_id=7 '?' (tg+hmac ok)
r2-dfr1195: RT-REPLY -> 480e900e req_msg_id=7
r2-dfr1195: RT-DBG REPLY replier=06ae082b sender=f91c8911 marker_origin=480e900e marker_msgid=7 in_window=true fwd_calls=9 uniq=9
r2-dfr1195: RT-DBG PATH to_dest=06ae082b best_next_hop=f91c8911 conf=670
r2-dfr1195: RX-EV msg_id=32775 directed_via from=06ae082b next_hop=f91c8911 nbrs=1
r2-dfr1195: RELAY msg_id=32775 ttl 4->3
r2-dfr1195: status beats=24 dlv=5 blk=0 synced=true nbrs=1 cond=000000 spread_ms=25 fw=leaderless-0.4 role=STA
r2-dfr1195: FIRE seq=25 beat (leaderless)
r2-dfr1195: status beats=25 dlv=5 blk=0 synced=true nbrs=1 cond=000000 spread_ms=5 fw=leaderless-0.4 role=STA
r2-dfr1195: HB<-esp-now from=f91c8911 e=0.007 spread=14ms (leaderless)
r2-dfr1195: status beats=25 dlv=5 blk=0 synced=true nbrs=1 cond=000000 spread_ms=5 fw=leaderless-0.4 role=STA
r2-dfr1195: FIRE seq=26 beat (leaderless)
r2-dfr1195: status beats=26 dlv=5 blk=0 synced=true nbrs=1 cond=000000 spread_ms=14 fw=leaderless-0.4 role=STA
r2-dfr1195: FIRE seq=27 beat (leaderless)
r2-dfr1195: HEALTH af001a06ae082b011aea6c5a9d0204036c3139322e3136382e342e34300469303632332e303934310568366338646139666506000702080e09000a010b18330c181b0d000e01
r2-dfr1195: status beats=27 dlv=5 blk=0 synced=true nbrs=1 cond=000000 spread_ms=14 fw=leaderless-0.4 role=STA
r2-dfr1195: FIRE seq=28 beat (leaderless)
r2-dfr1195: status beats=28 dlv=5 blk=0 synced=true nbrs=1 cond=000000 spread_ms=14 fw=leaderless-0.4 role=STA
r2-dfr1195: FIRE seq=29 beat (leaderless)
r2-dfr1195: RX-EV msg_id=9 directed_via from=06ae082b next_hop=f91c8911 nbrs=1
r2-dfr1195: RELAY msg_id=9 ttl 3->2
r2-dfr1195: DELIVERED msg_id=9 '?' (tg+hmac ok)
r2-dfr1195: RT-REPLY -> 480e900e req_msg_id=9
r2-dfr1195: RT-DBG REPLY replier=06ae082b sender=f91c8911 marker_origin=480e900e marker_msgid=9 in_window=true fwd_calls=11 uniq=11
r2-dfr1195: RT-DBG PATH to_dest=06ae082b best_next_hop=f91c8911 conf=732
r2-dfr1195: RX-EV msg_id=32777 directed_via from=06ae082b next_hop=f91c8911 nbrs=1
r2-dfr1195: RELAY msg_id=32777 ttl 4->3
r2-dfr1195: status beats=29 dlv=6 blk=0 synced=true nbrs=0 cond=000000 spread_ms=14 fw=leaderless-0.4 role=STA
r2-dfr1195: FIRE seq=30 beat (leaderless)
r2-dfr1195: HEALTH af001a06ae082b011aea6c5a9d0204036c3139322e3136382e342e34300469303632332e303934310568366338646139666506000702080e09000a010b183a0c181e0d000e00
r2-dfr1195: status beats=30 dlv=6 blk=0 synced=true nbrs=0 cond=000000 spread_ms=14 fw=leaderless-0.4 role=STA
r2-dfr1195: HB<-esp-now from=f91c8911 e=0.000 spread=0ms (leaderless)
r2-dfr1195: status beats=30 dlv=6 blk=0 synced=true nbrs=0 cond=000000 spread_ms=14 fw=leaderless-0.4 role=STA
r2-dfr1195: FIRE seq=31 beat (leaderless)
r2-dfr1195: status beats=31 dlv=6 blk=0 synced=true nbrs=1 cond=000000 spread_ms=0 fw=leaderless-0.4 role=STA
r2-dfr1195: FIRE seq=32 beat (leaderless)
r2-dfr1195: status beats=32 dlv=6 blk=0 synced=true nbrs=1 cond=000000 spread_ms=0 fw=leaderless-0.4 role=STA
r2-dfr1195: FIRE seq=33 beat (leaderless)
r2-dfr1195: HEALTH af001a06ae082b011aea6c5a9d0204036c3139322e3136382e342e34300469303632332e303934310568366338646139666506000702080009000a010b18420c18210d000e01
r2-dfr1195: status beats=33 dlv=6 blk=0 synced=true nbrs=1 cond=000000 spread_ms=0 fw=leaderless-0.4 role=STA
r2-dfr1195: FIRE seq=34 beat (leaderless)
r2-dfr1195: status beats=34 dlv=6 blk=0 synced=true nbrs=0 cond=000000 spread_ms=0 fw=leaderless-0.4 role=STA
r2-dfr1195: FIRE seq=35 beat (leaderless)
r2-dfr1195: status beats=35 dlv=6 blk=0 synced=true nbrs=0 cond=000000 spread_ms=0 fw=leaderless-0.4 role=STA
r2-dfr1195: HB<-esp-now from=f91c8911 e=0.003 spread=6ms (leaderless)
r2-dfr1195: status beats=35 dlv=6 blk=0 synced=true nbrs=0 cond=000000 spread_ms=0 fw=leaderless-0.4 role=STA
r2-dfr1195: HB<-esp-now from=f91c8911 e=0.003 spread=6ms (leaderless)
r2-dfr1195: RX-EV msg_id=12 directed_via from=06ae082b next_hop=f91c8911 nbrs=1
r2-dfr1195: RELAY msg_id=12 ttl 3->2
r2-dfr1195: DELIVERED msg_id=12 '?' (tg+hmac ok)
r2-dfr1195: RT-REPLY -> 480e900e req_msg_id=12
r2-dfr1195: RT-DBG REPLY replier=06ae082b sender=f91c8911 marker_origin=480e900e marker_msgid=12 in_window=true fwd_calls=13 uniq=13
r2-dfr1195: RT-DBG PATH to_dest=06ae082b best_next_hop=f91c8911 conf=779
r2-dfr1195: RX-EV msg_id=32780 directed_via from=06ae082b next_hop=f91c8911 nbrs=1
r2-dfr1195: RELAY msg_id=32780 ttl 4->3
r2-dfr1195: status beats=35 dlv=7 blk=0 synced=true nbrs=0 cond=000000 spread_ms=0 fw=leaderless-0.4 role=STA
r2-dfr1195: HB<-esp-now from=f91c8911 e=0.003 spread=6ms (leaderless)
r2-dfr1195: status beats=35 dlv=7 blk=0 synced=true nbrs=0 cond=000000 spread_ms=0 fw=leaderless-0.4 role=STA
r2-dfr1195: FIRE seq=36 beat (leaderless)
r2-dfr1195: HEALTH af001a06ae082b011aea6c5a9d0204036c3139322e3136382e342e34300469303632332e303934310568366338646139666506000702080609000a010b184e0c18240d000e01
r2-dfr1195: HB<-esp-now from=f91c8911 e=-0.046 spread=92ms (leaderless)
r2-dfr1195: status beats=36 dlv=7 blk=0 synced=false nbrs=1 cond=000000 spread_ms=6 fw=leaderless-0.4 role=STA
r2-dfr1195: HB<-esp-now from=f91c8911 e=0.027 spread=53ms (leaderless)
r2-dfr1195: RX-EV msg_id=13 directed_via from=06ae082b next_hop=f91c8911 nbrs=1
r2-dfr1195: RELAY msg_id=13 ttl 3->2
r2-dfr1195: DELIVERED msg_id=13 '?' (tg+hmac ok)
r2-dfr1195: RT-REPLY -> 480e900e req_msg_id=13
r2-dfr1195: RT-DBG REPLY replier=06ae082b sender=f91c8911 marker_origin=480e900e marker_msgid=13 in_window=true fwd_calls=15 uniq=15
r2-dfr1195: RT-DBG PATH to_dest=06ae082b best_next_hop=f91c8911 conf=821
r2-dfr1195: RX-EV msg_id=32781 directed_via from=06ae082b next_hop=f91c8911 nbrs=1
r2-dfr1195: RELAY msg_id=32781 ttl 4->3
r2-dfr1195: status beats=36 dlv=8 blk=0 synced=true nbrs=1 cond=000000 spread_ms=6 fw=leaderless-0.4 role=STA
r2-dfr1195: FIRE seq=37 beat (leaderless)
r2-dfr1195: status beats=37 dlv=8 blk=0 synced=true nbrs=1 cond=000000 spread_ms=53 fw=leaderless-0.4 role=STA
r2-dfr1195: FIRE seq=38 beat (leaderless)
r2-dfr1195: status beats=38 dlv=8 blk=0 synced=true nbrs=1 cond=000000 spread_ms=53 fw=leaderless-0.4 role=STA
r2-dfr1195: FIRE seq=39 beat (leaderless)
r2-dfr1195: HEALTH af001a06ae082b011aea6c5a9d0204036c3139322e3136382e342e34300469303632332e30393431056836633864613966650600070208183509000a010b18560c18270d000e01
r2-dfr1195: status beats=39 dlv=8 blk=0 synced=true nbrs=1 cond=000000 spread_ms=53 fw=leaderless-0.4 role=STA
r2-dfr1195: FIRE seq=40 beat (leaderless)
r2-dfr1195: status beats=40 dlv=8 blk=0 synced=true nbrs=0 cond=000000 spread_ms=53 fw=leaderless-0.4 role=STA
r2-dfr1195: HB<-esp-now from=f91c8911 e=0.000 spread=0ms (leaderless)
r2-dfr1195: status beats=40 dlv=8 blk=0 synced=true nbrs=0 cond=000000 spread_ms=53 fw=leaderless-0.4 role=STA
r2-dfr1195: HB<-esp-now from=f91c8911 e=0.005 spread=10ms (leaderless)
r2-dfr1195: RX-EV msg_id=15 directed_via from=06ae082b next_hop=f91c8911 nbrs=1
r2-dfr1195: RELAY msg_id=15 ttl 3->2
r2-dfr1195: DELIVERED msg_id=15 '?' (tg+hmac ok)
r2-dfr1195: RT-REPLY -> 480e900e req_msg_id=15
r2-dfr1195: RT-DBG REPLY replier=06ae082b sender=f91c8911 marker_origin=480e900e marker_msgid=15 in_window=true fwd_calls=17 uniq=17
r2-dfr1195: RT-DBG PATH to_dest=06ae082b best_next_hop=f91c8911 conf=853
r2-dfr1195: RX-EV msg_id=32783 directed_via from=06ae082b next_hop=f91c8911 nbrs=1
r2-dfr1195: RELAY msg_id=32783 ttl 4->3
r2-dfr1195: status beats=40 dlv=9 blk=0 synced=true nbrs=0 cond=000000 spread_ms=53 fw=leaderless-0.4 role=STA
r2-dfr1195: HB<-esp-now from=f91c8911 e=0.003 spread=6ms (leaderless)
r2-dfr1195: status beats=40 dlv=9 blk=0 synced=true nbrs=0 cond=000000 spread_ms=53 fw=leaderless-0.4 role=STA
r2-dfr1195: HB<-esp-now from=f91c8911 e=0.004 spread=8ms (leaderless)
r2-dfr1195: status beats=40 dlv=9 blk=0 synced=true nbrs=0 cond=000000 spread_ms=53 fw=leaderless-0.4 role=STA
r2-dfr1195: HB<-esp-now from=f91c8911 e=0.004 spread=8ms (leaderless)
r2-dfr1195: RX-EV msg_id=16 directed_via from=06ae082b next_hop=f91c8911 nbrs=1
r2-dfr1195: RELAY msg_id=16 ttl 3->2
r2-dfr1195: DELIVERED msg_id=16 '?' (tg+hmac ok)
r2-dfr1195: RT-REPLY -> 480e900e req_msg_id=16
r2-dfr1195: RT-DBG REPLY replier=06ae082b sender=f91c8911 marker_origin=480e900e marker_msgid=16 in_window=true fwd_calls=19 uniq=19
r2-dfr1195: RT-DBG PATH to_dest=06ae082b best_next_hop=f91c8911 conf=883
r2-dfr1195: RX-EV msg_id=32784 directed_via from=06ae082b next_hop=f91c8911 nbrs=1
r2-dfr1195: RELAY msg_id=32784 ttl 4->3
r2-dfr1195: status beats=40 dlv=10 blk=0 synced=true nbrs=0 cond=000000 spread_ms=53 fw=leaderless-0.4 role=STA
r2-dfr1195: HB<-esp-now from=f91c8911 e=0.004 spread=8ms (leaderless)
r2-dfr1195: status beats=40 dlv=10 blk=0 synced=true nbrs=0 cond=000000 spread_ms=53 fw=leaderless-0.4 role=STA
r2-dfr1195: HB<-esp-now from=f91c8911 e=0.005 spread=9ms (leaderless)
r2-dfr1195: status beats=40 dlv=10 blk=0 synced=true nbrs=0 cond=000000 spread_ms=53 fw=leaderless-0.4 role=STA
r2-dfr1195: HB<-esp-now from=f91c8911 e=0.005 spread=9ms (leaderless)
r2-dfr1195: status beats=40 dlv=10 blk=0 synced=true nbrs=0 cond=000000 spread_ms=53 fw=leaderless-0.4 role=STA
r2-dfr1195: FIRE seq=41 beat (leaderless)
r2-dfr1195: status beats=41 dlv=10 blk=0 synced=true nbrs=1 cond=000000 spread_ms=9 fw=leaderless-0.4 role=STA
r2-dfr1195: FIRE seq=42 beat (leaderless)
r2-dfr1195: HEALTH af001a06ae082b011aea6c5a9d0204036c3139322e3136382e342e34300469303632332e303934310568366338646139666506000702080909000a010b186d0c182a0d000e01
r2-dfr1195: status beats=42 dlv=10 blk=0 synced=true nbrs=1 cond=000000 spread_ms=9 fw=leaderless-0.4 role=STA
r2-dfr1195: FIRE seq=43 beat (leaderless)
r2-dfr1195: RX-EV msg_id=18 directed_via from=06ae082b next_hop=f91c8911 nbrs=1
r2-dfr1195: RELAY msg_id=18 ttl 3->2
r2-dfr1195: DELIVERED msg_id=18 '?' (tg+hmac ok)
r2-dfr1195: RT-REPLY -> 480e900e req_msg_id=18
r2-dfr1195: RT-DBG REPLY replier=06ae082b sender=f91c8911 marker_origin=480e900e marker_msgid=18 in_window=true fwd_calls=21 uniq=21
r2-dfr1195: RT-DBG PATH to_dest=06ae082b best_next_hop=f91c8911 conf=899
r2-dfr1195: RX-EV msg_id=32786 directed_via from=06ae082b next_hop=f91c8911 nbrs=1
r2-dfr1195: RELAY msg_id=32786 ttl 4->3
r2-dfr1195: status beats=43 dlv=11 blk=0 synced=true nbrs=1 cond=000000 spread_ms=9 fw=leaderless-0.4 role=STA
r2-dfr1195: FIRE seq=44 beat (leaderless)
r2-dfr1195: status beats=44 dlv=11 blk=0 synced=true nbrs=0 cond=000000 spread_ms=9 fw=leaderless-0.4 role=STA
r2-dfr1195: FIRE seq=45 beat (leaderless)
r2-dfr1195: HEALTH af001a06ae082b011aea6c5a9d0204036c3139322e3136382e342e34300469303632332e303934310568366338646139666506000702080909000a010b18730c182d0d000e00
r2-dfr1195: status beats=45 dlv=11 blk=0 synced=true nbrs=0 cond=000000 spread_ms=9 fw=leaderless-0.4 role=STA
r2-dfr1195: FIRE seq=46 beat (leaderless)
r2-dfr1195: RX-EV msg_id=19 directed_via from=06ae082b next_hop=f91c8911 nbrs=1
r2-dfr1195: RELAY msg_id=19 ttl 3->2
r2-dfr1195: DELIVERED msg_id=19 '?' (tg+hmac ok)
r2-dfr1195: RT-REPLY -> 480e900e req_msg_id=19
r2-dfr1195: RT-DBG REPLY replier=06ae082b sender=f91c8911 marker_origin=480e900e marker_msgid=19 in_window=true fwd_calls=23 uniq=23
r2-dfr1195: RT-DBG PATH to_dest=06ae082b best_next_hop=f91c8911 conf=916
r2-dfr1195: RX-EV msg_id=32787 directed_via from=06ae082b next_hop=f91c8911 nbrs=1
r2-dfr1195: RELAY msg_id=32787 ttl 4->3
