[2026-06-22T22:12:24Z INFO ] Serial port: '/dev/ttyACM0'
[2026-06-22T22:12:24Z INFO ] Connecting...
[2026-06-22T22:12:24Z INFO ] Using flash stub
ESP-ROM:esp32s3-20210327
Build:Mar 27 2021
rst:0x15 (USB_UART_CHIP_RESET),boot:0x8 (SPI_FAST_FLASH_BOOT)
Saved PC:0x40378eb1
SPIWP:0xee
mode:DIO, clock div:2
load:0x3fce2820,len:0x158c
load:0x403c8700,len:0xd24
load:0x403cb700,len:0x2f34
entry 0x403c8924
I (27) boot: ESP-IDF v5.5.1-838-gd66ebb86d2e 2nd stage bootloader
I (27) boot: compile time Nov 26 2025 12:27:56
I (27) boot: Multicore bootloader
I (29) boot: chip revision: v0.1
I (31) boot: efuse block revision: v1.2
I (35) boot.esp32s3: Boot SPI Speed : 40MHz
I (39) boot.esp32s3: SPI Mode       : DIO
I (43) boot.esp32s3: SPI Flash Size : 4MB
I (46) boot: Enabling RNG early entropy source...
I (51) boot: Partition Table:
I (53) boot: ## Label            Usage          Type ST Offset   Length
I (60) boot:  0 nvs              WiFi data        01 02 00009000 00006000
I (66) boot:  1 otadata          OTA data         01 00 0000f000 00002000
I (73) boot:  2 phy_init         RF data          01 01 00011000 00001000
I (79) boot:  3 ota_0            OTA app          00 10 00020000 001e0000
I (86) boot:  4 ota_1            OTA app          00 11 00200000 001e0000
I (92) boot: End of partition table
E (96) esp_image: image at 0x200000 has invalid magic byte (nothing flashed here?)
E (103) boot: OTA app partition slot 1 is not bootable
I (108) esp_image: segment 0: paddr=00020020 vaddr=3c000020 size=14b50h ( 84816) map
I (136) esp_image: segment 1: paddr=00034b78 vaddr=3fc926d8 size=043a4h ( 17316) load
I (141) esp_image: segment 2: paddr=00038f24 vaddr=40378000 size=070f4h ( 28916) load
I (150) esp_image: segment 3: paddr=00040020 vaddr=42020020 size=67ea8h (425640) map
I (255) esp_image: segment 4: paddr=000a7ed0 vaddr=4037f0f4 size=035e4h ( 13796) load
I (264) boot: Loaded app from partition at offset 0x20000
I (264) boot: Disabling RNG early entropy source...
r2-dfr1195: OTA slot=ota_0 (otadata slot-switch verified — test b PASS)
r2-dfr1195: PROVISIONED TG restored from NVS — tg_id=3932969629 (overrides persona/demo)
r2-dfr1195: MASK restored from NVS — 2 allowed neighbours
r2-dfr1195: SENDTO restored from NVS — origin -> 06ae082b
r2-dfr1195: loraroute FORCED SENDTO D1(480e900e) -> D4(06ae082b) [TN-FR-2 across the bridge]
r2-dfr1195: PHASE 1a — esp-rtos/embassy + esp-radio (build 0623.0940)
r2-dfr1195: DEV XXXXXX hive=480e900e TG=4b3df45d-5fbb-44b8-9613-7a6423927761 (persona=true) role=SOFT-AP
r2-dfr1195: carrier has_screen=true led_active_low=false
r2-dfr1195: net — STA 192.168.4.152 (peer 192.168.4.1)
r2-dfr1195: BLE+WiFi-join OFF (nobt) — pure ESP-NOW ch1, no coex contention
r2-dfr1195: LORA task spawned (SPI3 SCK7/MISO5/MOSI6 NSS10 RST41 BUSY40 RXEN42 DIO1=4)
r2-dfr1195: LORA-ROUTE up (SF7 BW125 916.8 sync0x21 -9dBm) — BL-200 message-passing over LoRa
r2-dfr1195: LORA-RX sender=2cab5f69 len=66 rssi=-51dBm masked=false
r2-dfr1195: HB<-esp-now from=2cab5f69 e=0.025 spread=50ms (leaderless)
r2-dfr1195: LORA-RX sender=f91c8911 len=66 rssi=-35dBm masked=true
r2-dfr1195: status beats=0 dlv=0 blk=0 synced=true nbrs=0 cond=000000 spread_ms=0 fw=leaderless-0.4 role=STA
r2-dfr1195: FIRE seq=2 beat (leaderless)
r2-dfr1195: status beats=2 dlv=0 blk=0 synced=true nbrs=1 cond=000000 spread_ms=50 fw=leaderless-0.4 role=STA
r2-dfr1195: FIRE seq=3 beat (leaderless)
r2-dfr1195: RT-REQ msg_id=1 -> 06ae082b
r2-dfr1195: HEALTH af001a480e900e011aea6c5a9d0204036d3139322e3136382e342e3135320469303632332e30393430056836643864616239310600070208183209000a010b050c030d000e01
r2-dfr1195: status beats=3 dlv=0 blk=0 synced=true nbrs=1 cond=000000 spread_ms=50 fw=leaderless-0.4 role=STA
r2-dfr1195: FIRE seq=4 beat (leaderless)
r2-dfr1195: status beats=4 dlv=0 blk=0 synced=true nbrs=1 cond=000000 spread_ms=50 fw=leaderless-0.4 role=STA
r2-dfr1195: FIRE seq=5 beat (leaderless)
r2-dfr1195: status beats=5 dlv=0 blk=0 synced=true nbrs=0 cond=000000 spread_ms=50 fw=leaderless-0.4 role=STA
r2-dfr1195: FIRE seq=6 beat (leaderless)
r2-dfr1195: RT-REQ msg_id=2 -> 06ae082b
r2-dfr1195: HEALTH af001a480e900e011aea6c5a9d0204036d3139322e3136382e342e3135320469303632332e30393430056836643864616239310600070208183209000a010b0b0c060d000e00
r2-dfr1195: status beats=6 dlv=0 blk=0 synced=true nbrs=0 cond=000000 spread_ms=50 fw=leaderless-0.4 role=STA
r2-dfr1195: FIRE seq=7 beat (leaderless)
r2-dfr1195: LORA-RX sender=f91c8911 len=66 rssi=-35dBm masked=true
r2-dfr1195: LORA-RX sender=f91c8911 len=66 rssi=-35dBm masked=true
r2-dfr1195: LORA-RX sender=f91c8911 len=66 rssi=-35dBm masked=true
r2-dfr1195: LORA-RX sender=f91c8911 len=66 rssi=-35dBm masked=true
r2-dfr1195: LORA-RX sender=f91c8911 len=66 rssi=-35dBm masked=true
r2-dfr1195: LORA-RX sender=f91c8911 len=66 rssi=-34dBm masked=true
r2-dfr1195: status beats=7 dlv=0 blk=0 synced=true nbrs=0 cond=000000 spread_ms=50 fw=leaderless-0.4 role=STA
r2-dfr1195: LORA-RX sender=f91c8911 len=66 rssi=-34dBm masked=true
r2-dfr1195: FIRE seq=8 beat (leaderless)
r2-dfr1195: LORA-RX sender=f91c8911 len=66 rssi=-35dBm masked=true
r2-dfr1195: LORA-RX sender=f91c8911 len=66 rssi=-35dBm masked=true
r2-dfr1195: LORA-RX sender=f91c8911 len=66 rssi=-35dBm masked=true
r2-dfr1195: LORA-RX sender=f91c8911 len=66 rssi=-35dBm masked=true
r2-dfr1195: status beats=8 dlv=0 blk=0 synced=true nbrs=0 cond=000000 spread_ms=50 fw=leaderless-0.4 role=STA
r2-dfr1195: LORA-RX sender=2cab5f69 len=66 rssi=-52dBm masked=false
r2-dfr1195: HB<-esp-now from=2cab5f69 e=0.447 spread=894ms (leaderless)
r2-dfr1195: FIRE seq=9 beat (leaderless)
r2-dfr1195: RT-REQ msg_id=3 -> 06ae082b
r2-dfr1195: HEALTH af001a480e900e011aea6c5a9d0204036d3139322e3136382e342e3135320469303632332e3039343005683664386461623931060007010819037e09000a010b110c090d000e01
r2-dfr1195: LORA-RX sender=2cab5f69 len=65 rssi=-51dBm masked=false
r2-dfr1195: RX-EV msg_id=3 flooded from=480e900e fanout=1 nbrs=1
r2-dfr1195: RELAY msg_id=3 ttl 4->3
r2-dfr1195: LORA-RX sender=f91c8911 len=80 rssi=-34dBm masked=true
r2-dfr1195: LORA-RX sender=2cab5f69 len=80 rssi=-51dBm masked=false
r2-dfr1195: RT-DBG REPLY replier=06ae082b sender=2cab5f69 marker_origin=480e900e marker_msgid=3 in_window=true fwd_calls=4 uniq=3
r2-dfr1195: RT-DBG PATH to_dest=06ae082b best_next_hop=2cab5f69 conf=200
r2-dfr1195: RX-EV msg_id=32771 directed_via from=480e900e next_hop=2cab5f69 nbrs=1
r2-dfr1195: RELAY msg_id=32771 ttl 3->2
r2-dfr1195: DELIVERED msg_id=32771 '?' (tg+hmac ok)
r2-dfr1195: status beats=9 dlv=1 blk=0 synced=false nbrs=1 cond=000000 spread_ms=894 fw=leaderless-0.4 role=STA
r2-dfr1195: LORA-RX sender=2cab5f69 len=66 rssi=-50dBm masked=false
r2-dfr1195: HB<-esp-now from=2cab5f69 e=0.152 spread=303ms (leaderless)
r2-dfr1195: FIRE seq=10 beat (leaderless)
r2-dfr1195: LORA-RX sender=f91c8911 len=66 rssi=-34dBm masked=true
r2-dfr1195: status beats=10 dlv=1 blk=0 synced=false nbrs=1 cond=000000 spread_ms=303 fw=leaderless-0.4 role=STA
r2-dfr1195: LORA-RX sender=2cab5f69 len=66 rssi=-51dBm masked=false
r2-dfr1195: HB<-esp-now from=2cab5f69 e=0.098 spread=196ms (leaderless)
r2-dfr1195: FIRE seq=11 beat (leaderless)
r2-dfr1195: LORA-RX sender=f91c8911 len=66 rssi=-35dBm masked=true
r2-dfr1195: status beats=11 dlv=1 blk=0 synced=false nbrs=1 cond=000000 spread_ms=196 fw=leaderless-0.4 role=STA
r2-dfr1195: LORA-RX sender=2cab5f69 len=66 rssi=-51dBm masked=false
r2-dfr1195: HB<-esp-now from=2cab5f69 e=0.035 spread=70ms (leaderless)
r2-dfr1195: status beats=11 dlv=1 blk=0 synced=true nbrs=1 cond=000000 spread_ms=196 fw=leaderless-0.4 role=STA
r2-dfr1195: LORA-RX sender=f91c8911 len=66 rssi=-35dBm masked=true
r2-dfr1195: LORA-RX sender=2cab5f69 len=66 rssi=-51dBm masked=false
r2-dfr1195: HB<-esp-now from=2cab5f69 e=0.052 spread=103ms (leaderless)
r2-dfr1195: FIRE seq=12 beat (leaderless)
r2-dfr1195: RT-REQ msg_id=4 -> 06ae082b
r2-dfr1195: HEALTH af001a480e900e011aea6c5a9d0204036d3139322e3136382e342e3135320469303632332e30393430056836643864616239310600070108186709000a010b18190c0c0d000e01
r2-dfr1195: LORA-RX sender=2cab5f69 len=65 rssi=-50dBm masked=false
r2-dfr1195: RX-EV msg_id=4 directed_via from=480e900e next_hop=2cab5f69 nbrs=1
r2-dfr1195: RELAY msg_id=4 ttl 4->3
r2-dfr1195: LORA-RX sender=f91c8911 len=80 rssi=-34dBm masked=true
r2-dfr1195: LORA-RX sender=2cab5f69 len=80 rssi=-51dBm masked=false
r2-dfr1195: RT-DBG REPLY replier=06ae082b sender=2cab5f69 marker_origin=480e900e marker_msgid=4 in_window=true fwd_calls=7 uniq=5
r2-dfr1195: RT-DBG PATH to_dest=06ae082b best_next_hop=2cab5f69 conf=359
r2-dfr1195: RX-EV msg_id=32772 directed_via from=480e900e next_hop=2cab5f69 nbrs=1
r2-dfr1195: RELAY msg_id=32772 ttl 3->2
r2-dfr1195: DELIVERED msg_id=32772 '?' (tg+hmac ok)
r2-dfr1195: status beats=12 dlv=2 blk=0 synced=false nbrs=1 cond=000000 spread_ms=103 fw=leaderless-0.4 role=STA
r2-dfr1195: LORA-RX sender=f91c8911 len=66 rssi=-35dBm masked=true
r2-dfr1195: FIRE seq=13 beat (leaderless)
r2-dfr1195: status beats=13 dlv=2 blk=0 synced=false nbrs=1 cond=000000 spread_ms=103 fw=leaderless-0.4 role=STA
r2-dfr1195: LORA-RX sender=f91c8911 len=66 rssi=-35dBm masked=true
r2-dfr1195: FIRE seq=14 beat (leaderless)
r2-dfr1195: status beats=14 dlv=2 blk=0 synced=false nbrs=1 cond=000000 spread_ms=103 fw=leaderless-0.4 role=STA
r2-dfr1195: FIRE seq=15 beat (leaderless)
r2-dfr1195: RT-REQ msg_id=5 -> 06ae082b
r2-dfr1195: HEALTH af001a480e900e011aea6c5a9d0204036d3139322e3136382e342e3135320469303632332e30393430056836643864616239310600070108186709000a010b181f0c0f0d000e01
r2-dfr1195: LORA-RX sender=2cab5f69 len=65 rssi=-51dBm masked=false
r2-dfr1195: RX-EV msg_id=5 directed_via from=480e900e next_hop=2cab5f69 nbrs=1
r2-dfr1195: RELAY msg_id=5 ttl 4->3
r2-dfr1195: LORA-RX sender=f91c8911 len=80 rssi=-35dBm masked=true
r2-dfr1195: LORA-RX sender=2cab5f69 len=80 rssi=-51dBm masked=false
r2-dfr1195: RT-DBG REPLY replier=06ae082b sender=2cab5f69 marker_origin=480e900e marker_msgid=5 in_window=true fwd_calls=10 uniq=7
r2-dfr1195: RT-DBG PATH to_dest=06ae082b best_next_hop=2cab5f69 conf=486
r2-dfr1195: RX-EV msg_id=32773 directed_via from=480e900e next_hop=2cab5f69 nbrs=1
r2-dfr1195: RELAY msg_id=32773 ttl 3->2
r2-dfr1195: DELIVERED msg_id=32773 '?' (tg+hmac ok)
r2-dfr1195: status beats=15 dlv=3 blk=0 synced=false nbrs=1 cond=000000 spread_ms=103 fw=leaderless-0.4 role=STA
r2-dfr1195: LORA-RX sender=f91c8911 len=66 rssi=-35dBm masked=true
r2-dfr1195: FIRE seq=16 beat (leaderless)
r2-dfr1195: status beats=16 dlv=3 blk=0 synced=false nbrs=0 cond=000000 spread_ms=103 fw=leaderless-0.4 role=STA
r2-dfr1195: LORA-RX sender=f91c8911 len=66 rssi=-35dBm masked=true
r2-dfr1195: FIRE seq=17 beat (leaderless)
r2-dfr1195: status beats=17 dlv=3 blk=0 synced=false nbrs=0 cond=000000 spread_ms=103 fw=leaderless-0.4 role=STA
r2-dfr1195: LORA-RX sender=f91c8911 len=66 rssi=-34dBm masked=true
r2-dfr1195: FIRE seq=18 beat (leaderless)
r2-dfr1195: RT-REQ msg_id=6 -> 06ae082b
r2-dfr1195: HEALTH af001a480e900e011aea6c5a9d0204036d3139322e3136382e342e3135320469303632332e30393430056836643864616239310600070108186709000a010b18250c120d000e00
r2-dfr1195: LORA-RX sender=2cab5f69 len=65 rssi=-51dBm masked=false
r2-dfr1195: RX-EV msg_id=6 directed_via from=480e900e next_hop=2cab5f69 nbrs=1
r2-dfr1195: RELAY msg_id=6 ttl 4->3
r2-dfr1195: LORA-RX sender=f91c8911 len=80 rssi=-35dBm masked=true
r2-dfr1195: LORA-RX sender=2cab5f69 len=80 rssi=-51dBm masked=false
r2-dfr1195: RT-DBG REPLY replier=06ae082b sender=2cab5f69 marker_origin=480e900e marker_msgid=6 in_window=true fwd_calls=13 uniq=9
r2-dfr1195: RT-DBG PATH to_dest=06ae082b best_next_hop=2cab5f69 conf=587
r2-dfr1195: RX-EV msg_id=32774 directed_via from=480e900e next_hop=2cab5f69 nbrs=1
r2-dfr1195: RELAY msg_id=32774 ttl 3->2
r2-dfr1195: DELIVERED msg_id=32774 '?' (tg+hmac ok)
r2-dfr1195: status beats=18 dlv=4 blk=0 synced=false nbrs=0 cond=000000 spread_ms=103 fw=leaderless-0.4 role=STA
r2-dfr1195: LORA-RX sender=f91c8911 len=66 rssi=-35dBm masked=true
r2-dfr1195: FIRE seq=19 beat (leaderless)
r2-dfr1195: status beats=19 dlv=4 blk=0 synced=false nbrs=0 cond=000000 spread_ms=103 fw=leaderless-0.4 role=STA
r2-dfr1195: LORA-RX sender=f91c8911 len=66 rssi=-35dBm masked=true
r2-dfr1195: FIRE seq=20 beat (leaderless)
r2-dfr1195: status beats=20 dlv=4 blk=0 synced=false nbrs=0 cond=000000 spread_ms=103 fw=leaderless-0.4 role=STA
r2-dfr1195: LORA-RX sender=f91c8911 len=66 rssi=-34dBm masked=true
r2-dfr1195: FIRE seq=21 beat (leaderless)
r2-dfr1195: RT-REQ msg_id=7 -> 06ae082b
r2-dfr1195: HEALTH af001a480e900e011aea6c5a9d0204036d3139322e3136382e342e3135320469303632332e30393430056836643864616239310600070108186709000a010b182b0c150d000e00
r2-dfr1195: LORA-RX sender=2cab5f69 len=65 rssi=-51dBm masked=false
r2-dfr1195: RX-EV msg_id=7 directed_via from=480e900e next_hop=2cab5f69 nbrs=1
r2-dfr1195: RELAY msg_id=7 ttl 4->3
r2-dfr1195: LORA-RX sender=f91c8911 len=80 rssi=-35dBm masked=true
r2-dfr1195: LORA-RX sender=2cab5f69 len=80 rssi=-51dBm masked=false
r2-dfr1195: RT-DBG REPLY replier=06ae082b sender=2cab5f69 marker_origin=480e900e marker_msgid=7 in_window=true fwd_calls=16 uniq=11
r2-dfr1195: RT-DBG PATH to_dest=06ae082b best_next_hop=2cab5f69 conf=668
r2-dfr1195: RX-EV msg_id=32775 directed_via from=480e900e next_hop=2cab5f69 nbrs=1
r2-dfr1195: RELAY msg_id=32775 ttl 3->2
r2-dfr1195: DELIVERED msg_id=32775 '?' (tg+hmac ok)
r2-dfr1195: status beats=21 dlv=5 blk=0 synced=false nbrs=0 cond=000000 spread_ms=103 fw=leaderless-0.4 role=STA
r2-dfr1195: FIRE seq=22 beat (leaderless)
r2-dfr1195: status beats=22 dlv=5 blk=0 synced=false nbrs=0 cond=000000 spread_ms=103 fw=leaderless-0.4 role=STA
r2-dfr1195: FIRE seq=23 beat (leaderless)
r2-dfr1195: status beats=23 dlv=5 blk=0 synced=false nbrs=0 cond=000000 spread_ms=103 fw=leaderless-0.4 role=STA
r2-dfr1195: FIRE seq=24 beat (leaderless)
r2-dfr1195: RT-REQ msg_id=8 -> 06ae082b
r2-dfr1195: HEALTH af001a480e900e011aea6c5a9d0204036d3139322e3136382e342e3135320469303632332e30393430056836643864616239310600070108186709000a010b18310c18180d000e00
r2-dfr1195: status beats=24 dlv=5 blk=0 synced=false nbrs=0 cond=000000 spread_ms=103 fw=leaderless-0.4 role=STA
r2-dfr1195: FIRE seq=25 beat (leaderless)
r2-dfr1195: status beats=25 dlv=5 blk=0 synced=false nbrs=0 cond=000000 spread_ms=103 fw=leaderless-0.4 role=STA
r2-dfr1195: FIRE seq=26 beat (leaderless)
r2-dfr1195: status beats=26 dlv=5 blk=0 synced=false nbrs=0 cond=000000 spread_ms=103 fw=leaderless-0.4 role=STA
r2-dfr1195: FIRE seq=27 beat (leaderless)
r2-dfr1195: RT-REQ msg_id=9 -> 06ae082b
r2-dfr1195: HEALTH af001a480e900e011aea6c5a9d0204036d3139322e3136382e342e3135320469303632332e30393430056836643864616239310600070108186709000a010b18380c181b0d000e00
r2-dfr1195: LORA-RX sender=2cab5f69 len=65 rssi=-50dBm masked=false
r2-dfr1195: RX-EV msg_id=9 directed_via from=480e900e next_hop=2cab5f69 nbrs=1
r2-dfr1195: RELAY msg_id=9 ttl 4->3
r2-dfr1195: LORA-RX sender=f91c8911 len=80 rssi=-35dBm masked=true
r2-dfr1195: LORA-RX sender=2cab5f69 len=80 rssi=-51dBm masked=false
r2-dfr1195: RT-DBG REPLY replier=06ae082b sender=2cab5f69 marker_origin=480e900e marker_msgid=9 in_window=true fwd_calls=20 uniq=14
r2-dfr1195: RT-DBG PATH to_dest=06ae082b best_next_hop=2cab5f69 conf=729
r2-dfr1195: RX-EV msg_id=32777 directed_via from=480e900e next_hop=2cab5f69 nbrs=1
r2-dfr1195: RELAY msg_id=32777 ttl 3->2
r2-dfr1195: DELIVERED msg_id=32777 '?' (tg+hmac ok)
r2-dfr1195: status beats=27 dlv=6 blk=0 synced=false nbrs=0 cond=000000 spread_ms=103 fw=leaderless-0.4 role=STA
r2-dfr1195: FIRE seq=28 beat (leaderless)
r2-dfr1195: status beats=28 dlv=6 blk=0 synced=false nbrs=0 cond=000000 spread_ms=103 fw=leaderless-0.4 role=STA
r2-dfr1195: LORA-RX sender=f91c8911 len=66 rssi=-35dBm masked=true
r2-dfr1195: FIRE seq=29 beat (leaderless)
r2-dfr1195: status beats=29 dlv=6 blk=0 synced=false nbrs=0 cond=000000 spread_ms=103 fw=leaderless-0.4 role=STA
r2-dfr1195: FIRE seq=30 beat (leaderless)
r2-dfr1195: RT-REQ msg_id=10 -> 06ae082b
r2-dfr1195: HEALTH af001a480e900e011aea6c5a9d0204036d3139322e3136382e342e3135320469303632332e30393430056836643864616239310600070108186709000a010b183e0c181e0d000e00
r2-dfr1195: status beats=30 dlv=6 blk=0 synced=false nbrs=0 cond=000000 spread_ms=103 fw=leaderless-0.4 role=STA
r2-dfr1195: FIRE seq=31 beat (leaderless)
r2-dfr1195: status beats=31 dlv=6 blk=0 synced=false nbrs=0 cond=000000 spread_ms=103 fw=leaderless-0.4 role=STA
r2-dfr1195: FIRE seq=32 beat (leaderless)
r2-dfr1195: status beats=32 dlv=6 blk=0 synced=false nbrs=0 cond=000000 spread_ms=103 fw=leaderless-0.4 role=STA
r2-dfr1195: FIRE seq=33 beat (leaderless)
r2-dfr1195: RT-REQ msg_id=11 -> 06ae082b
r2-dfr1195: HEALTH af001a480e900e011aea6c5a9d0204036d3139322e3136382e342e3135320469303632332e30393430056836643864616239310600070108186709000a010b18440c18210d000e00
r2-dfr1195: status beats=33 dlv=6 blk=0 synced=false nbrs=0 cond=000000 spread_ms=103 fw=leaderless-0.4 role=STA
r2-dfr1195: FIRE seq=34 beat (leaderless)
r2-dfr1195: status beats=34 dlv=6 blk=0 synced=false nbrs=0 cond=000000 spread_ms=103 fw=leaderless-0.4 role=STA
r2-dfr1195: LORA-RX sender=f91c8911 len=66 rssi=-35dBm masked=true
r2-dfr1195: FIRE seq=35 beat (leaderless)
r2-dfr1195: status beats=35 dlv=6 blk=0 synced=false nbrs=0 cond=000000 spread_ms=103 fw=leaderless-0.4 role=STA
r2-dfr1195: LORA-RX sender=f91c8911 len=66 rssi=-35dBm masked=true
r2-dfr1195: FIRE seq=36 beat (leaderless)
r2-dfr1195: RT-REQ msg_id=12 -> 06ae082b
r2-dfr1195: HEALTH af001a480e900e011aea6c5a9d0204036d3139322e3136382e342e3135320469303632332e30393430056836643864616239310600070108186709000a010b184a0c18240d000e00
r2-dfr1195: LORA-RX sender=2cab5f69 len=65 rssi=-51dBm masked=false
r2-dfr1195: RX-EV msg_id=12 directed_via from=480e900e next_hop=2cab5f69 nbrs=1
r2-dfr1195: RELAY msg_id=12 ttl 4->3
r2-dfr1195: LORA-RX sender=f91c8911 len=81 rssi=-35dBm masked=true
r2-dfr1195: LORA-RX sender=2cab5f69 len=81 rssi=-51dBm masked=false
r2-dfr1195: RT-DBG REPLY replier=06ae082b sender=2cab5f69 marker_origin=480e900e marker_msgid=12 in_window=true fwd_calls=25 uniq=18
r2-dfr1195: RT-DBG PATH to_dest=06ae082b best_next_hop=2cab5f69 conf=775
r2-dfr1195: RX-EV msg_id=32780 directed_via from=480e900e next_hop=2cab5f69 nbrs=1
r2-dfr1195: RELAY msg_id=32780 ttl 3->2
r2-dfr1195: DELIVERED msg_id=32780 '?' (tg+hmac ok)
r2-dfr1195: status beats=36 dlv=7 blk=0 synced=false nbrs=0 cond=000000 spread_ms=103 fw=leaderless-0.4 role=STA
r2-dfr1195: FIRE seq=37 beat (leaderless)
r2-dfr1195: LORA-RX sender=2cab5f69 len=66 rssi=-50dBm masked=false
r2-dfr1195: HB<-esp-now from=2cab5f69 e=-0.157 spread=314ms (leaderless)
r2-dfr1195: status beats=37 dlv=7 blk=0 synced=false nbrs=0 cond=000000 spread_ms=103 fw=leaderless-0.4 role=STA
r2-dfr1195: LORA-RX sender=f91c8911 len=66 rssi=-34dBm masked=true
r2-dfr1195: FIRE seq=38 beat (leaderless)
r2-dfr1195: status beats=38 dlv=7 blk=0 synced=false nbrs=1 cond=000000 spread_ms=314 fw=leaderless-0.4 role=STA
r2-dfr1195: LORA-RX sender=f91c8911 len=66 rssi=-35dBm masked=true
r2-dfr1195: FIRE seq=39 beat (leaderless)
r2-dfr1195: RT-REQ msg_id=13 -> 06ae082b
r2-dfr1195: HEALTH af001a480e900e011aea6c5a9d0204036d3139322e3136382e342e3135320469303632332e3039343005683664386461623931060007010819013a09000a010b18500c18270d000e01
r2-dfr1195: LORA-RX sender=2cab5f69 len=65 rssi=-51dBm masked=false
r2-dfr1195: RX-EV msg_id=13 directed_via from=480e900e next_hop=2cab5f69 nbrs=1
r2-dfr1195: RELAY msg_id=13 ttl 4->3
r2-dfr1195: LORA-RX sender=f91c8911 len=81 rssi=-35dBm masked=true
r2-dfr1195: LORA-RX sender=2cab5f69 len=81 rssi=-51dBm masked=false
r2-dfr1195: RT-DBG REPLY replier=06ae082b sender=2cab5f69 marker_origin=480e900e marker_msgid=13 in_window=true fwd_calls=28 uniq=20
r2-dfr1195: RT-DBG PATH to_dest=06ae082b best_next_hop=2cab5f69 conf=818
r2-dfr1195: RX-EV msg_id=32781 directed_via from=480e900e next_hop=2cab5f69 nbrs=1
r2-dfr1195: RELAY msg_id=32781 ttl 3->2
r2-dfr1195: DELIVERED msg_id=32781 '?' (tg+hmac ok)
r2-dfr1195: status beats=39 dlv=8 blk=0 synced=false nbrs=1 cond=000000 spread_ms=314 fw=leaderless-0.4 role=STA
r2-dfr1195: FIRE seq=40 beat (leaderless)
r2-dfr1195: status beats=40 dlv=8 blk=0 synced=false nbrs=1 cond=000000 spread_ms=314 fw=leaderless-0.4 role=STA
r2-dfr1195: FIRE seq=41 beat (leaderless)
r2-dfr1195: status beats=41 dlv=8 blk=0 synced=false nbrs=0 cond=000000 spread_ms=314 fw=leaderless-0.4 role=STA
r2-dfr1195: FIRE seq=42 beat (leaderless)
r2-dfr1195: RT-REQ msg_id=14 -> 06ae082b
r2-dfr1195: HEALTH af001a480e900e011aea6c5a9d0204036d3139322e3136382e342e3135320469303632332e3039343005683664386461623931060007010819013a09000a010b18560c182a0d000e00
r2-dfr1195: status beats=42 dlv=8 blk=0 synced=false nbrs=0 cond=000000 spread_ms=314 fw=leaderless-0.4 role=STA
r2-dfr1195: FIRE seq=43 beat (leaderless)
r2-dfr1195: status beats=43 dlv=8 blk=0 synced=false nbrs=0 cond=000000 spread_ms=314 fw=leaderless-0.4 role=STA
r2-dfr1195: LORA-RX sender=f91c8911 len=66 rssi=-34dBm masked=true
r2-dfr1195: FIRE seq=44 beat (leaderless)
r2-dfr1195: status beats=44 dlv=8 blk=0 synced=false nbrs=0 cond=000000 spread_ms=314 fw=leaderless-0.4 role=STA
r2-dfr1195: LORA-RX sender=f91c8911 len=66 rssi=-35dBm masked=true
r2-dfr1195: FIRE seq=45 beat (leaderless)
r2-dfr1195: RT-REQ msg_id=15 -> 06ae082b
r2-dfr1195: HEALTH af001a480e900e011aea6c5a9d0204036d3139322e3136382e342e3135320469303632332e3039343005683664386461623931060007010819013a09000a010b185c0c182d0d000e00
r2-dfr1195: LORA-RX sender=2cab5f69 len=65 rssi=-51dBm masked=false
r2-dfr1195: RX-EV msg_id=15 directed_via from=480e900e next_hop=2cab5f69 nbrs=1
r2-dfr1195: RELAY msg_id=15 ttl 4->3
r2-dfr1195: LORA-RX sender=f91c8911 len=81 rssi=-35dBm masked=true
r2-dfr1195: LORA-RX sender=2cab5f69 len=81 rssi=-50dBm masked=false
r2-dfr1195: RT-DBG REPLY replier=06ae082b sender=2cab5f69 marker_origin=480e900e marker_msgid=15 in_window=true fwd_calls=32 uniq=23
r2-dfr1195: RT-DBG PATH to_dest=06ae082b best_next_hop=2cab5f69 conf=848
r2-dfr1195: RX-EV msg_id=32783 directed_via from=480e900e next_hop=2cab5f69 nbrs=1
r2-dfr1195: RELAY msg_id=32783 ttl 3->2
r2-dfr1195: DELIVERED msg_id=32783 '?' (tg+hmac ok)
r2-dfr1195: status beats=45 dlv=9 blk=0 synced=false nbrs=0 cond=000000 spread_ms=314 fw=leaderless-0.4 role=STA
r2-dfr1195: LORA-RX sender=f91c8911 len=66 rssi=-35dBm masked=true
r2-dfr1195: FIRE seq=46 beat (leaderless)
r2-dfr1195: status beats=46 dlv=9 blk=0 synced=false nbrs=0 cond=000000 spread_ms=314 fw=leaderless-0.4 role=STA
r2-dfr1195: LORA-RX sender=f91c8911 len=66 rssi=-35dBm masked=true
r2-dfr1195: FIRE seq=47 beat (leaderless)
r2-dfr1195: status beats=47 dlv=9 blk=0 synced=false nbrs=0 cond=000000 spread_ms=314 fw=leaderless-0.4 role=STA
r2-dfr1195: LORA-RX sender=f91c8911 len=66 rssi=-35dBm masked=true
r2-dfr1195: FIRE seq=48 beat (leaderless)
r2-dfr1195: RT-REQ msg_id=16 -> 06ae082b
r2-dfr1195: HEALTH af001a480e900e011aea6c5a9d0204036d3139322e3136382e342e3135320469303632332e3039343005683664386461623931060007010819013a09000a010b18630c18300d000e00
r2-dfr1195: LORA-RX sender=2cab5f69 len=65 rssi=-51dBm masked=false
r2-dfr1195: RX-EV msg_id=16 directed_via from=480e900e next_hop=2cab5f69 nbrs=1
r2-dfr1195: RELAY msg_id=16 ttl 4->3
r2-dfr1195: LORA-RX sender=f91c8911 len=81 rssi=-35dBm masked=true
r2-dfr1195: LORA-RX sender=2cab5f69 len=81 rssi=-51dBm masked=false
r2-dfr1195: RT-DBG REPLY replier=06ae082b sender=2cab5f69 marker_origin=480e900e marker_msgid=16 in_window=true fwd_calls=35 uniq=25
r2-dfr1195: RT-DBG PATH to_dest=06ae082b best_next_hop=2cab5f69 conf=876
r2-dfr1195: RX-EV msg_id=32784 directed_via from=480e900e next_hop=2cab5f69 nbrs=1
r2-dfr1195: RELAY msg_id=32784 ttl 3->2
r2-dfr1195: DELIVERED msg_id=32784 '?' (tg+hmac ok)
r2-dfr1195: status beats=48 dlv=10 blk=0 synced=false nbrs=0 cond=000000 spread_ms=314 fw=leaderless-0.4 role=STA
r2-dfr1195: LORA-RX sender=f91c8911 len=66 rssi=-35dBm masked=true
r2-dfr1195: FIRE seq=49 beat (leaderless)
r2-dfr1195: status beats=49 dlv=10 blk=0 synced=false nbrs=0 cond=000000 spread_ms=314 fw=leaderless-0.4 role=STA
r2-dfr1195: LORA-RX sender=f91c8911 len=66 rssi=-35dBm masked=true
r2-dfr1195: FIRE seq=50 beat (leaderless)
r2-dfr1195: status beats=50 dlv=10 blk=0 synced=false nbrs=0 cond=000000 spread_ms=314 fw=leaderless-0.4 role=STA
r2-dfr1195: LORA-RX sender=f91c8911 len=66 rssi=-34dBm masked=true
r2-dfr1195: FIRE seq=51 beat (leaderless)
r2-dfr1195: RT-REQ msg_id=17 -> 06ae082b
r2-dfr1195: HEALTH af001a480e900e011aea6c5a9d0204036d3139322e3136382e342e3135320469303632332e3039343005683664386461623931060007010819013a09000a010b18690c18330d000e00
r2-dfr1195: status beats=51 dlv=10 blk=0 synced=false nbrs=0 cond=000000 spread_ms=314 fw=leaderless-0.4 role=STA
r2-dfr1195: FIRE seq=52 beat (leaderless)
r2-dfr1195: status beats=52 dlv=10 blk=0 synced=false nbrs=0 cond=000000 spread_ms=314 fw=leaderless-0.4 role=STA
r2-dfr1195: FIRE seq=53 beat (leaderless)
r2-dfr1195: status beats=53 dlv=10 blk=0 synced=false nbrs=0 cond=000000 spread_ms=314 fw=leaderless-0.4 role=STA
r2-dfr1195: FIRE seq=54 beat (leaderless)
r2-dfr1195: RT-REQ msg_id=18 -> 06ae082b
r2-dfr1195: HEALTH af001a480e900e011aea6c5a9d0204036d3139322e3136382e342e3135320469303632332e3039343005683664386461623931060007010819013a09000a010b186f0c18360d000e00
r2-dfr1195: LORA-RX sender=2cab5f69 len=65 rssi=-51dBm masked=false
r2-dfr1195: RX-EV msg_id=18 directed_via from=480e900e next_hop=2cab5f69 nbrs=1
r2-dfr1195: RELAY msg_id=18 ttl 4->3
r2-dfr1195: LORA-RX sender=f91c8911 len=81 rssi=-34dBm masked=true
r2-dfr1195: LORA-RX sender=2cab5f69 len=81 rssi=-51dBm masked=false
r2-dfr1195: RT-DBG REPLY replier=06ae082b sender=2cab5f69 marker_origin=480e900e marker_msgid=18 in_window=true fwd_calls=39 uniq=28
r2-dfr1195: RT-DBG PATH to_dest=06ae082b best_next_hop=2cab5f69 conf=894
r2-dfr1195: RX-EV msg_id=32786 directed_via from=480e900e next_hop=2cab5f69 nbrs=1
r2-dfr1195: RELAY msg_id=32786 ttl 3->2
r2-dfr1195: DELIVERED msg_id=32786 '?' (tg+hmac ok)
r2-dfr1195: status beats=54 dlv=11 blk=0 synced=false nbrs=0 cond=000000 spread_ms=314 fw=leaderless-0.4 role=STA
r2-dfr1195: FIRE seq=55 beat (leaderless)
r2-dfr1195: status beats=55 dlv=11 blk=0 synced=false nbrs=0 cond=000000 spread_ms=314 fw=leaderless-0.4 role=STA
r2-dfr1195: FIRE seq=56 beat (leaderless)
r2-dfr1195: status beats=56 dlv=11 blk=0 synced=false nbrs=0 cond=000000 spread_ms=314 fw=leaderless-0.4 role=STA
r2-dfr1195: FIRE seq=57 beat (leaderless)
r2-dfr1195: RT-REQ msg_id=19 -> 06ae082b
r2-dfr1195: HEALTH af001a480e900e011aea6c5a9d0204036d3139322e3136382e342e3135320469303632332e3039343005683664386461623931060007010819013a09000a010b18750c18390d000e00
r2-dfr1195: LORA-RX sender=2cab5f69 len=65 rssi=-51dBm masked=false
r2-dfr1195: RX-EV msg_id=19 directed_via from=480e900e next_hop=2cab5f69 nbrs=1
r2-dfr1195: RELAY msg_id=19 ttl 4->3
r2-dfr1195: LORA-RX sender=f91c8911 len=81 rssi=-35dBm masked=true
r2-dfr1195: LORA-RX sender=2cab5f69 len=81 rssi=-51dBm masked=false
r2-dfr1195: RT-DBG REPLY replier=06ae082b sender=2cab5f69 marker_origin=480e900e marker_msgid=19 in_window=true fwd_calls=42 uniq=30
r2-dfr1195: RT-DBG PATH to_dest=06ae082b best_next_hop=2cab5f69 conf=913
r2-dfr1195: RX-EV msg_id=32787 directed_via from=480e900e next_hop=2cab5f69 nbrs=1
r2-dfr1195: RELAY msg_id=32787 ttl 3->2
r2-dfr1195: DELIVERED msg_id=32787 '?' (tg+hmac ok)
